
<!DOCTYPE html>
<html>
<head>
<!--
ExtentReports Library 2.40.2 | http://relevantcodes.com/extentreports-for-selenium/ | https://github.com/anshooarora/
Copyright (c) 2015, Anshoo Arora (Relevant Codes) | Copyrights licensed under the New BSD License | http://opensource.org/licenses/BSD-3-Clause
Documentation: http://extentreports.relevantcodes.com 
-->

<meta charset='UTF-8' /> 
<meta name='description' content='ExtentReports (by Anshoo Arora) is a reporting library for automation testing for .NET and Java. It creates detailed and beautiful HTML reports for modern browsers. ExtentReports shows test and step summary along with dashboards, system and environment details for quick analysis of your tests.' />
<meta name='robots' content='noodp, noydir' />
<meta name='viewport' content='width=device-width, initial-scale=1' />

<title>
WorkFit Automation Report
</title>


<link href='https://fonts.googleapis.com/css?family=Source+Sans+Pro:400,600' rel='stylesheet' type='text/css'>
<link href='https://cdn.rawgit.com/anshooarora/extentreports/e4f8ea1de961161791c01b99a71a1e17f81125cf/cdn/extent.css' type='text/css' rel='stylesheet' />

<style>

      
        
      
    
</style>
</head>


<body class='extent standard hide-overflow'>
<!-- nav -->
<nav>
<div class='logo-container'>
<a class='logo-content' href='http://extentreports.relevantcodes.com'>
<span>ExtentReports</span>
</a>
<a href='#' data-activates='slide-out' class='button-collapse hide-on-large-only'><i class='mdi-navigation-apps'></i></a>
</div>
<ul id='slide-out' class='side-nav fixed hide-on-med-and-down'>
<li class='analysis waves-effect active'><a href='#!' class='test-view' onclick="_updateCurrentStage(0)"><i class='mdi-action-dashboard'></i>Test Details</a></li>
<li class='analysis waves-effect'><a href='#!' class='dashboard-view'><i class='mdi-action-track-changes'></i></i>Analysis</a></li>
</ul>
<span class='report-name'>WorkFit Automation Report</span> <span class='report-headline'></span>
<ul class='right hide-on-med-and-down nav-right'>
<li class='theme-selector' alt='Click to toggle dark theme. To enable by default, use js configuration $("body").addClass("dark");' title='Click to toggle dark theme. To enable by default, use js configuration $("body").addClass("dark");'>
<i class='mdi-hardware-desktop-windows'></i>
</li>
<li>
<span class='suite-started-time'>2018-08-22 22:04:21</span>
</li>
<li>
<span>v2.40.2</span>
</li>
</ul>
</nav>
<!-- /nav -->

<!-- container -->
<div class='container'>

<!-- dashboard -->
<div id='dashboard-view' class='row'>
<div class='time-totals'>
<div class='col l2 m4 s6'>
<div class='card suite-total-tests'> 
<span class='panel-name'>Total Tests</span> 
<span class='total-tests'> <span class='panel-lead'></span> </span> 
</div> 
</div>
<div class='col l2 m4 s6'>
<div class='card suite-total-steps'> 
<span class='panel-name'>Total Steps</span> 
<span class='total-steps'> <span class='panel-lead'></span> </span> 
</div> 
</div>
<div class='col l2 m4 s12'>
<div class='card suite-total-time-current'> 
<span class='panel-name'>Total Time Taken (Current Run)</span> 
<span class='suite-total-time-current-value panel-lead'>32h 26m 32s+869ms</span> 
</div> 
</div>
<div class='col l2 m4 s12'>
<div class='card suite-total-time-overall'> 
<span class='panel-name'>Total Time Taken (Overall)</span> 
<span class='suite-total-time-overall-value panel-lead'>30h 1812m 108730s+24ms</span> 
</div> 
</div>
<div class='col l2 m4 s6 suite-start-time'>
<div class='card accent green-accent'> 
<span class='panel-name'>Start</span> 
<span class='panel-lead suite-started-time'>2018-08-21 13:37:49</span> 
</div> 
</div>
<div class='col l2 m4 s6 suite-end-time'>
<div class='card accent pink-accent'> 
<span class='panel-name'>End</span> 
<span class='panel-lead suite-ended-time'>2018-08-22 22:04:21</span> 
</div> 
</div>
</div>
<div class='charts'>
<div class='col s12 m6 l4 fh'> 
<div class='card-panel'> 
<div>
<span class='panel-name'>Tests View</span>
</div> 
<div class='panel-setting modal-trigger test-count-setting right'>
<a href='#test-count-setting'><i class='mdi-navigation-more-vert text-md'></i></a>
</div> 
<div class='chart-box'>
<canvas class='text-centered' id='test-analysis'></canvas>
</div> 
<div>
<span class='weight-light'><span class='t-pass-count weight-normal'></span> test(s) passed</span>
</div> 
<div>
<span class='weight-light'><span class='t-fail-count weight-normal'></span> test(s) failed, <span class='t-others-count weight-normal'></span> others</span>
</div> 
</div> 
</div> 
<div class='col s12 m6 l4 fh'> 
<div class='card-panel'> 
<div>
<span class='panel-name'>Steps View</span>
</div> 
<div class='panel-setting modal-trigger step-status-filter right'>
<a href='#step-status-filter'><i class='mdi-navigation-more-vert text-md'></i></a>
</div> 
<div class='chart-box'>
<canvas class='text-centered' id='step-analysis'></canvas>
</div> 
<div>
<span class='weight-light'><span class='s-pass-count weight-normal'></span> step(s) passed </span>
</div> 
<div>
<span class='weight-light'><span class='s-fail-count weight-normal'></span> step(s) failed, <span class='s-others-count weight-normal'></span> others</span>
</div> 
</div> 
</div>
<div class='col s12 m12 l4 fh'> 
<div class='card-panel'> 
<span class='panel-name'>Pass Percentage</span> 
<span class='pass-percentage panel-lead'></span> 
<div class='progress light-blue lighten-3'> 
<div class='determinate light-blue'></div> 
</div> 
</div> 
</div>
</div>
<div class='system-view'>
<div class='col l4 m12 s12'>
<div class='card-panel'>
<span class='label info outline right'>Environment</span>
<table>
<thead>
<tr>
<th>Param</th>
<th>Value</th>
</tr>
</thead>
<tbody>
<tr>
<td>OS</td>
<td>Windows 8.1</td>
</tr>
<tr>
<td>User Name</td>
<td>Yashodeep.Patil</td>
</tr>
<tr>
<td>Java Version</td>
<td>1.8.0_181</td>
</tr>
<tr>
<td>Host Name</td>
<td>NIT-LPT-R015</td>
</tr>
</tbody>
</table>
</div>
</div>
</div>
</div>
<!-- /dashboard -->

<!-- tests -->
<div id='test-view' class='row _addedTable'>
<div class='col _addedCell1'>
<div class='contents'>
<div class='card-panel heading'>
<h5>Tests</h5>
</div>
<div class='card-panel filters'>
<div>
<a data-activates='tests-toggle' data-constrainwidth='true' data-beloworigin='true' data-hover='true' href='#' class='dropdown-button button tests-toggle'><i class='mdi-action-subject icon'></i></a>
<ul id='tests-toggle' class='dropdown-content'>
<li class='pass'><a href='#!'>Pass</a></li>
<li class='fail'><a href='#!'>Fail</a></li>
<li class='skip'><a href='#!'>Skip</a></li>
<li class='divider'></li>
<li class='clear'><a href='#!'>Clear Filters</a></li>
</ul>
</div>
<div>
<a id='clear-filters' alt='Clear Filters' title='Clear Filters'><i class='mdi-navigation-close icon'></i></a>
</div>
<div>&nbsp;&middot;&nbsp;</div>
<div>
<a id='enableDashboard' alt='Enable Dashboard' title='Enable Dashboard'><i class='mdi-action-track-changes icon'></i></a>
</div>
<div>
<a id='refreshCharts' alt='Refresh Charts on Filters' title='Refresh Charts on Filters' class='enabled'><i class='mdi-navigation-refresh icon'></i></i></a>
</div>
<div>&nbsp;&middot;</div>
<div class='search' alt='Search Tests' title='Search Tests'>
<div class='input-field left'>
<input id='searchTests' type='text' class='validate' placeholder='Search Tests...'>
</div>
<i class='mdi-action-search icon'></i>
</div>
</div>
<div class='card-panel no-padding-h no-padding-v no-margin-v'>
<div class='wrapper'>
<ul id='test-collection' class='test-collection'>
<li class='collection-item test displayed active pass ' extentid='fc2f7ea7-f67a-4f5d-bbb3-040aca5f1f93'>
<div class='test-head'>
<span class='test-name'>User is Logged In </span>
<span class='test-status label right outline capitalize pass'>pass</span>
<span class='category-assigned hide '></span>
</div>
<div class='test-body'>
<div class='test-info'>
<span title='Test started time' alt='Test started time' class='test-started-time label green lighten-1 text-white'>2018-08-21 13:37:49</span>
<span title='Test ended time' alt='Test ended time' class='test-ended-time label red lighten-1 text-white'>2018-08-21 13:38:42</span>
<span title='Time taken to finish' alt='Time taken to finish' class='test-time-taken label blue-grey lighten-3 text-white'>0h 0m 53s+0ms</span>
</div>
<div class='test-desc'></div>
<div class='test-attributes'>
</div>
<div class='test-steps'>
<table class='bordered table-results'>
<thead>
<tr>
<th>Status</th>
<th>Timestamp</th>
<th>Details</th>
</tr>
</thead>
<tbody>
<tr>
<td class='status pass' title='pass' alt='pass'><i class='mdi-action-check-circle'></i></td>
<td class='timestamp'>13:38:06</td>
<td class='step-details'>accelare_url_is_launched</td>
</tr>
<tr>
<td class='status pass' title='pass' alt='pass'><i class='mdi-action-check-circle'></i></td>
<td class='timestamp'>13:38:22</td>
<td class='step-details'>user_Enters_valid_username_and_password</td>
</tr>
<tr>
<td class='status pass' title='pass' alt='pass'><i class='mdi-action-check-circle'></i></td>
<td class='timestamp'>13:38:22</td>
<td class='step-details'>verify_if_App_Testing_Accelare_is_opened</td>
</tr>
<tr>
<td class='status pass' title='pass' alt='pass'><i class='mdi-action-check-circle'></i></td>
<td class='timestamp'>13:38:42</td>
<td class='step-details'>Click_on_verify_app_testing_page</td>
</tr>
</tbody>
</table>
<ul class='collapsible node-list' data-collapsible='accordion'>
</ul>
</div>
</div>
</li>
<li class='collection-item test displayed active pass ' extentid='54efa9eb-b3af-4b62-9497-5c7649d43e44'>
<div class='test-head'>
<span class='test-name'>Create a new model </span>
<span class='test-status label right outline capitalize pass'>pass</span>
<span class='category-assigned hide '></span>
</div>
<div class='test-body'>
<div class='test-info'>
<span title='Test started time' alt='Test started time' class='test-started-time label green lighten-1 text-white'>2018-08-21 13:38:42</span>
<span title='Test ended time' alt='Test ended time' class='test-ended-time label red lighten-1 text-white'>2018-08-21 13:39:20</span>
<span title='Time taken to finish' alt='Time taken to finish' class='test-time-taken label blue-grey lighten-3 text-white'>0h 0m 38s+0ms</span>
</div>
<div class='test-desc'></div>
<div class='test-attributes'>
</div>
<div class='test-steps'>
<table class='bordered table-results'>
<thead>
<tr>
<th>Status</th>
<th>Timestamp</th>
<th>Details</th>
</tr>
</thead>
<tbody>
<tr>
<td class='status pass' title='pass' alt='pass'><i class='mdi-action-check-circle'></i></td>
<td class='timestamp'>13:38:53</td>
<td class='step-details'>user_navigated_to_new_model_form</td>
</tr>
<tr>
<td class='status pass' title='pass' alt='pass'><i class='mdi-action-check-circle'></i></td>
<td class='timestamp'>13:39:16</td>
<td class='step-details'>user_click_on_new_model_link</td>
</tr>
<tr>
<td class='status pass' title='pass' alt='pass'><i class='mdi-action-check-circle'></i></td>
<td class='timestamp'>13:39:17</td>
<td class='step-details'>user_is_able_to_see_the_model_in_dropdown_model</td>
</tr>
<tr>
<td class='status pass' title='pass' alt='pass'><i class='mdi-action-check-circle'></i></td>
<td class='timestamp'>13:39:20</td>
<td class='step-details'>Click_on_verify_app_testing_page</td>
</tr>
</tbody>
</table>
<ul class='collapsible node-list' data-collapsible='accordion'>
</ul>
</div>
</div>
</li>
<li class='collection-item test displayed active pass ' extentid='3becfb15-99ae-421f-942e-2ecadfe873c0'>
<div class='test-head'>
<span class='test-name'>Import the model </span>
<span class='test-status label right outline capitalize pass'>pass</span>
<span class='category-assigned hide '></span>
</div>
<div class='test-body'>
<div class='test-info'>
<span title='Test started time' alt='Test started time' class='test-started-time label green lighten-1 text-white'>2018-08-21 13:39:20</span>
<span title='Test ended time' alt='Test ended time' class='test-ended-time label red lighten-1 text-white'>2018-08-21 13:41:18</span>
<span title='Time taken to finish' alt='Time taken to finish' class='test-time-taken label blue-grey lighten-3 text-white'>0h 1m 58s+0ms</span>
</div>
<div class='test-desc'></div>
<div class='test-attributes'>
</div>
<div class='test-steps'>
<table class='bordered table-results'>
<thead>
<tr>
<th>Status</th>
<th>Timestamp</th>
<th>Details</th>
</tr>
</thead>
<tbody>
<tr>
<td class='status pass' title='pass' alt='pass'><i class='mdi-action-check-circle'></i></td>
<td class='timestamp'>13:39:51</td>
<td class='step-details'>user_navigate_to_the_model_import_window</td>
</tr>
<tr>
<td class='status pass' title='pass' alt='pass'><i class='mdi-action-check-circle'></i></td>
<td class='timestamp'>13:40:38</td>
<td class='step-details'>user_click_on_design_button</td>
</tr>
<tr>
<td class='status pass' title='pass' alt='pass'><i class='mdi-action-check-circle'></i></td>
<td class='timestamp'>13:41:14</td>
<td class='step-details'>user_is_able_to_upload_the_model</td>
</tr>
<tr>
<td class='status pass' title='pass' alt='pass'><i class='mdi-action-check-circle'></i></td>
<td class='timestamp'>13:41:18</td>
<td class='step-details'>Click_on_verify_app_testing_page</td>
</tr>
</tbody>
</table>
<ul class='collapsible node-list' data-collapsible='accordion'>
</ul>
</div>
</div>
</li>
<li class='collection-item test displayed active pass ' extentid='af52d326-950a-4a30-bc44-c8b165f192a7'>
<div class='test-head'>
<span class='test-name'>Export the model </span>
<span class='test-status label right outline capitalize pass'>pass</span>
<span class='category-assigned hide '></span>
</div>
<div class='test-body'>
<div class='test-info'>
<span title='Test started time' alt='Test started time' class='test-started-time label green lighten-1 text-white'>2018-08-21 13:41:18</span>
<span title='Test ended time' alt='Test ended time' class='test-ended-time label red lighten-1 text-white'>2018-08-21 13:42:03</span>
<span title='Time taken to finish' alt='Time taken to finish' class='test-time-taken label blue-grey lighten-3 text-white'>0h 0m 45s+0ms</span>
</div>
<div class='test-desc'></div>
<div class='test-attributes'>
</div>
<div class='test-steps'>
<table class='bordered table-results'>
<thead>
<tr>
<th>Status</th>
<th>Timestamp</th>
<th>Details</th>
</tr>
</thead>
<tbody>
<tr>
<td class='status pass' title='pass' alt='pass'><i class='mdi-action-check-circle'></i></td>
<td class='timestamp'>13:41:27</td>
<td class='step-details'>user_navigate_to_the_model_export_window</td>
</tr>
<tr>
<td class='status pass' title='pass' alt='pass'><i class='mdi-action-check-circle'></i></td>
<td class='timestamp'>13:41:59</td>
<td class='step-details'>user_click_on_Export_button</td>
</tr>
<tr>
<td class='status pass' title='pass' alt='pass'><i class='mdi-action-check-circle'></i></td>
<td class='timestamp'>13:41:59</td>
<td class='step-details'>user_is_able_to_export_the_model</td>
</tr>
<tr>
<td class='status pass' title='pass' alt='pass'><i class='mdi-action-check-circle'></i></td>
<td class='timestamp'>13:42:03</td>
<td class='step-details'>Click_on_verify_app_testing_page</td>
</tr>
</tbody>
</table>
<ul class='collapsible node-list' data-collapsible='accordion'>
</ul>
</div>
</div>
</li>
<li class='collection-item test displayed active pass ' extentid='8ea389c7-f23a-466c-8a20-314c212e814a'>
<div class='test-head'>
<span class='test-name'>Add Process Family </span>
<span class='test-status label right outline capitalize pass'>pass</span>
<span class='category-assigned hide '></span>
</div>
<div class='test-body'>
<div class='test-info'>
<span title='Test started time' alt='Test started time' class='test-started-time label green lighten-1 text-white'>2018-08-21 13:42:03</span>
<span title='Test ended time' alt='Test ended time' class='test-ended-time label red lighten-1 text-white'>2018-08-21 13:42:53</span>
<span title='Time taken to finish' alt='Time taken to finish' class='test-time-taken label blue-grey lighten-3 text-white'>0h 0m 50s+0ms</span>
</div>
<div class='test-desc'></div>
<div class='test-attributes'>
</div>
<div class='test-steps'>
<table class='bordered table-results'>
<thead>
<tr>
<th>Status</th>
<th>Timestamp</th>
<th>Details</th>
</tr>
</thead>
<tbody>
<tr>
<td class='status pass' title='pass' alt='pass'><i class='mdi-action-check-circle'></i></td>
<td class='timestamp'>13:42:44</td>
<td class='step-details'>user_will_add_the_process_family</td>
</tr>
<tr>
<td class='status pass' title='pass' alt='pass'><i class='mdi-action-check-circle'></i></td>
<td class='timestamp'>13:42:53</td>
<td class='step-details'>user_click_on_add_process_family</td>
</tr>
<tr>
<td class='status pass' title='pass' alt='pass'><i class='mdi-action-check-circle'></i></td>
<td class='timestamp'>13:42:53</td>
<td class='step-details'>user_is_able_to_add_process_family</td>
</tr>
</tbody>
</table>
<ul class='collapsible node-list' data-collapsible='accordion'>
</ul>
</div>
</div>
</li>
<li class='collection-item test displayed active fail ' extentid='52079bf1-b7ba-44cb-842b-9999b23a1f71'>
<div class='test-head'>
<span class='test-name'>User is Logged In </span>
<span class='test-status label right outline capitalize fail'>fail</span>
<span class='category-assigned hide '></span>
</div>
<div class='test-body'>
<div class='test-info'>
<span title='Test started time' alt='Test started time' class='test-started-time label green lighten-1 text-white'>2018-08-22 22:03:16</span>
<span title='Test ended time' alt='Test ended time' class='test-ended-time label red lighten-1 text-white'>2018-08-22 22:04:01</span>
<span title='Time taken to finish' alt='Time taken to finish' class='test-time-taken label blue-grey lighten-3 text-white'>0h 0m 45s+0ms</span>
</div>
<div class='test-desc'></div>
<div class='test-attributes'>
</div>
<div class='test-steps'>
<table class='bordered table-results'>
<thead>
<tr>
<th>Status</th>
<th>Timestamp</th>
<th>Details</th>
</tr>
</thead>
<tbody>
<tr>
<td class='status pass' title='pass' alt='pass'><i class='mdi-action-check-circle'></i></td>
<td class='timestamp'>22:03:47</td>
<td class='step-details'>accelare_url_is_launched</td>
</tr>
<tr>
<td class='status fail' title='fail' alt='fail'><i class='mdi-navigation-cancel'></i></td>
<td class='timestamp'>22:03:59</td>
<td class='step-details'>user_Enters_valid_username_and_password</td>
</tr>
<tr>
<td class='status fail' title='fail' alt='fail'><i class='mdi-navigation-cancel'></i></td>
<td class='timestamp'>22:03:59</td>
<td class='step-details'>org.openqa.selenium.remote.UnreachableBrowserException: Error communicating with the remote browser. It may have died. Build info: version: '2.53.1', revision: 'a36b8b1cd5757287168e54b817830adce9b0158d', time: '2016-06-30 19:26:09' System info: host: 'NIT-LPT-R015', ip: '192.168.0.5', os.name: 'Windows 8.1', os.arch: 'amd64', os.version: '6.3', java.version: '1.8.0_181' Driver info: driver.version: FirefoxDriver Capabilities [{applicationCacheEnabled=true, rotatable=false, handlesAlerts=true, databaseEnabled=true, version=47.0.2, platform=WINDOWS, nativeEvents=false, acceptSslCerts=true, webStorageEnabled=true, locationContextEnabled=true, browserName=firefox, takesScreenshot=true, javascriptEnabled=true, cssSelectorsEnabled=true}] Session ID: 58071726-3dd2-4d85-b776-71ece2ef7095 at org.openqa.selenium.remote.RemoteWebDriver.execute(RemoteWebDriver.java:665) at org.openqa.selenium.remote.RemoteWebDriver.execute(RemoteWebDriver.java:701) at org.openqa.selenium.firefox.FirefoxDriver.getScreenshotAs(FirefoxDriver.java:341) at com.WorkFitCompelte.core.Testcapture.capturescreenshot(Testcapture.java:18) at com.WorkFitComplete.Pages.Loginpage.clickLoginbutton(Loginpage.java:53) at com.AccelareStepDefinations.ModelModule.user_Enters_valid_username_and_password(ModelModule.java:57) at sun.reflect.NativeMethodAccessorImpl.invoke0(Native Method) at sun.reflect.NativeMethodAccessorImpl.invoke(NativeMethodAccessorImpl.java:62) at sun.reflect.DelegatingMethodAccessorImpl.invoke(DelegatingMethodAccessorImpl.java:43) at java.lang.reflect.Method.invoke(Method.java:498) at cucumber.runtime.Utils$1.call(Utils.java:40) at cucumber.runtime.Timeout.timeout(Timeout.java:16) at cucumber.runtime.Utils.invoke(Utils.java:34) at cucumber.runtime.java.JavaStepDefinition.execute(JavaStepDefinition.java:38) at cucumber.runtime.StepDefinitionMatch.runStep(StepDefinitionMatch.java:37) at cucumber.runtime.Runtime.runStep(Runtime.java:300) at cucumber.runtime.model.StepContainer.runStep(StepContainer.java:44) at cucumber.runtime.model.StepContainer.runSteps(StepContainer.java:39) at cucumber.runtime.model.CucumberScenario.run(CucumberScenario.java:44) at cucumber.runtime.junit.ExecutionUnitRunner.run(ExecutionUnitRunner.java:102) at cucumber.runtime.junit.FeatureRunner.runChild(FeatureRunner.java:63) at cucumber.runtime.junit.FeatureRunner.runChild(FeatureRunner.java:18) at org.junit.runners.ParentRunner$3.run(ParentRunner.java:238) at org.junit.runners.ParentRunner$1.schedule(ParentRunner.java:63) at org.junit.runners.ParentRunner.runChildren(ParentRunner.java:236) at org.junit.runners.ParentRunner.access$000(ParentRunner.java:53) at org.junit.runners.ParentRunner$2.evaluate(ParentRunner.java:229) at org.junit.runners.ParentRunner.run(ParentRunner.java:309) at cucumber.runtime.junit.FeatureRunner.run(FeatureRunner.java:70) at cucumber.api.junit.Cucumber.runChild(Cucumber.java:95) at cucumber.api.junit.Cucumber.runChild(Cucumber.java:38) at org.junit.runners.ParentRunner$3.run(ParentRunner.java:238) at org.junit.runners.ParentRunner$1.schedule(ParentRunner.java:63) at org.junit.runners.ParentRunner.runChildren(ParentRunner.java:236) at org.junit.runners.ParentRunner.access$000(ParentRunner.java:53) at org.junit.runners.ParentRunner$2.evaluate(ParentRunner.java:229) at org.junit.runners.ParentRunner.run(ParentRunner.java:309) at cucumber.api.junit.Cucumber.run(Cucumber.java:100) at org.junit.runner.JUnitCore.run(JUnitCore.java:160) at org.junit.runner.JUnitCore.run(JUnitCore.java:138) at org.testng.junit.JUnit4TestRunner.start(JUnit4TestRunner.java:81) at org.testng.junit.JUnit4TestRunner.run(JUnit4TestRunner.java:69) at org.testng.TestRunner$1.run(TestRunner.java:682) at org.testng.TestRunner.runWorkers(TestRunner.java:1005) at org.testng.TestRunner.privateRunJUnit(TestRunner.java:713) at org.testng.TestRunner.run(TestRunner.java:614) at org.testng.SuiteRunner.runTest(SuiteRunner.java:348) at org.testng.SuiteRunner.runSequentially(SuiteRunner.java:343) at org.testng.SuiteRunner.privateRun(SuiteRunner.java:305) at org.testng.SuiteRunner.run(SuiteRunner.java:254) at org.testng.SuiteRunnerWorker.runSuite(SuiteRunnerWorker.java:52) at org.testng.SuiteRunnerWorker.run(SuiteRunnerWorker.java:86) at org.testng.TestNG.runSuitesSequentially(TestNG.java:1224) at org.testng.TestNG.runSuitesLocally(TestNG.java:1149) at org.testng.TestNG.run(TestNG.java:1057) at org.apache.maven.surefire.testng.TestNGExecutor.run(TestNGExecutor.java:115) at org.apache.maven.surefire.testng.TestNGDirectoryTestSuite.executeSingleClass(TestNGDirectoryTestSuite.java:129) at org.apache.maven.surefire.testng.TestNGDirectoryTestSuite.execute(TestNGDirectoryTestSuite.java:113) at org.apache.maven.surefire.testng.TestNGProvider.invoke(TestNGProvider.java:111) at org.apache.maven.surefire.booter.ForkedBooter.invokeProviderInSameClassLoader(ForkedBooter.java:203) at org.apache.maven.surefire.booter.ForkedBooter.runSuitesInProcess(ForkedBooter.java:155) at org.apache.maven.surefire.booter.ForkedBooter.main(ForkedBooter.java:103) Caused by: org.apache.http.conn.HttpHostConnectException: Connect to 127.0.0.1:7055 [/127.0.0.1] failed: Connection refused: connect at org.apache.http.impl.conn.DefaultHttpClientConnectionOperator.connect(DefaultHttpClientConnectionOperator.java:158) at org.apache.http.impl.conn.PoolingHttpClientConnectionManager.connect(PoolingHttpClientConnectionManager.java:353) at org.apache.http.impl.execchain.MainClientExec.establishRoute(MainClientExec.java:380) at org.apache.http.impl.execchain.MainClientExec.execute(MainClientExec.java:236) at org.apache.http.impl.execchain.ProtocolExec.execute(ProtocolExec.java:184) at org.apache.http.impl.execchain.RetryExec.execute(RetryExec.java:88) at org.apache.http.impl.execchain.RedirectExec.execute(RedirectExec.java:110) at org.apache.http.impl.client.InternalHttpClient.doExecute(InternalHttpClient.java:184) at org.apache.http.impl.client.CloseableHttpClient.execute(CloseableHttpClient.java:71) at org.apache.http.impl.client.CloseableHttpClient.execute(CloseableHttpClient.java:55) at org.openqa.selenium.remote.internal.ApacheHttpClient.fallBackExecute(ApacheHttpClient.java:144) at org.openqa.selenium.remote.internal.ApacheHttpClient.execute(ApacheHttpClient.java:90) at org.openqa.selenium.remote.HttpCommandExecutor.execute(HttpCommandExecutor.java:142) at org.openqa.selenium.firefox.internal.NewProfileExtensionConnection.execute(NewProfileExtensionConnection.java:160) at org.openqa.selenium.firefox.FirefoxDriver$LazyCommandExecutor.execute(FirefoxDriver.java:380) at org.openqa.selenium.remote.RemoteWebDriver.execute(RemoteWebDriver.java:644) ... 61 more Caused by: java.net.ConnectException: Connection refused: connect at java.net.DualStackPlainSocketImpl.waitForConnect(Native Method) at java.net.DualStackPlainSocketImpl.socketConnect(DualStackPlainSocketImpl.java:85) at java.net.AbstractPlainSocketImpl.doConnect(AbstractPlainSocketImpl.java:350) at java.net.AbstractPlainSocketImpl.connectToAddress(AbstractPlainSocketImpl.java:206) at java.net.AbstractPlainSocketImpl.connect(AbstractPlainSocketImpl.java:188) at java.net.PlainSocketImpl.connect(PlainSocketImpl.java:172) at java.net.SocksSocketImpl.connect(SocksSocketImpl.java:392) at java.net.Socket.connect(Socket.java:589) at org.apache.http.conn.socket.PlainConnectionSocketFactory.connectSocket(PlainConnectionSocketFactory.java:74) at org.apache.http.impl.conn.DefaultHttpClientConnectionOperator.connect(DefaultHttpClientConnectionOperator.java:141) ... 76 more</td>
</tr>
<tr>
<td class='status fail' title='fail' alt='fail'><i class='mdi-navigation-cancel'></i></td>
<td class='timestamp'>22:04:00</td>
<td class='step-details'>verify_if_App_Testing_Accelare_is_opened</td>
</tr>
<tr>
<td class='status fail' title='fail' alt='fail'><i class='mdi-navigation-cancel'></i></td>
<td class='timestamp'>22:04:00</td>
<td class='step-details'>org.openqa.selenium.remote.UnreachableBrowserException: Error communicating with the remote browser. It may have died. Build info: version: '2.53.1', revision: 'a36b8b1cd5757287168e54b817830adce9b0158d', time: '2016-06-30 19:26:09' System info: host: 'NIT-LPT-R015', ip: '192.168.0.5', os.name: 'Windows 8.1', os.arch: 'amd64', os.version: '6.3', java.version: '1.8.0_181' Driver info: driver.version: RemoteWebDriver Capabilities [{applicationCacheEnabled=true, rotatable=false, handlesAlerts=true, databaseEnabled=true, version=47.0.2, platform=WINDOWS, nativeEvents=false, acceptSslCerts=true, webStorageEnabled=true, locationContextEnabled=true, browserName=firefox, takesScreenshot=true, javascriptEnabled=true, cssSelectorsEnabled=true}] Session ID: 58071726-3dd2-4d85-b776-71ece2ef7095 at org.openqa.selenium.remote.RemoteWebDriver.execute(RemoteWebDriver.java:665) at org.openqa.selenium.remote.RemoteWebDriver.findElement(RemoteWebDriver.java:363) at org.openqa.selenium.remote.RemoteWebDriver.findElementByXPath(RemoteWebDriver.java:500) at org.openqa.selenium.By$ByXPath.findElement(By.java:361) at org.openqa.selenium.remote.RemoteWebDriver.findElement(RemoteWebDriver.java:355) at org.openqa.selenium.support.pagefactory.DefaultElementLocator.findElement(DefaultElementLocator.java:69) at org.openqa.selenium.support.pagefactory.internal.LocatingElementHandler.invoke(LocatingElementHandler.java:38) at com.sun.proxy.$Proxy15.isEnabled(Unknown Source) at com.WorkFitCompelte.core.Testfactory.clickAction(Testfactory.java:73) at com.WorkFitComplete.Pages.WorkFitCompleteHomePage.WorkFitCompleteLink(WorkFitCompleteHomePage.java:53) at com.AccelareStepDefinations.ModelModule.verify_if_App_Testing_Accelare_is_opened(ModelModule.java:75) at sun.reflect.NativeMethodAccessorImpl.invoke0(Native Method) at sun.reflect.NativeMethodAccessorImpl.invoke(NativeMethodAccessorImpl.java:62) at sun.reflect.DelegatingMethodAccessorImpl.invoke(DelegatingMethodAccessorImpl.java:43) at java.lang.reflect.Method.invoke(Method.java:498) at cucumber.runtime.Utils$1.call(Utils.java:40) at cucumber.runtime.Timeout.timeout(Timeout.java:16) at cucumber.runtime.Utils.invoke(Utils.java:34) at cucumber.runtime.java.JavaStepDefinition.execute(JavaStepDefinition.java:38) at cucumber.runtime.StepDefinitionMatch.runStep(StepDefinitionMatch.java:37) at cucumber.runtime.Runtime.runStep(Runtime.java:300) at cucumber.runtime.model.StepContainer.runStep(StepContainer.java:44) at cucumber.runtime.model.StepContainer.runSteps(StepContainer.java:39) at cucumber.runtime.model.CucumberScenario.run(CucumberScenario.java:44) at cucumber.runtime.junit.ExecutionUnitRunner.run(ExecutionUnitRunner.java:102) at cucumber.runtime.junit.FeatureRunner.runChild(FeatureRunner.java:63) at cucumber.runtime.junit.FeatureRunner.runChild(FeatureRunner.java:18) at org.junit.runners.ParentRunner$3.run(ParentRunner.java:238) at org.junit.runners.ParentRunner$1.schedule(ParentRunner.java:63) at org.junit.runners.ParentRunner.runChildren(ParentRunner.java:236) at org.junit.runners.ParentRunner.access$000(ParentRunner.java:53) at org.junit.runners.ParentRunner$2.evaluate(ParentRunner.java:229) at org.junit.runners.ParentRunner.run(ParentRunner.java:309) at cucumber.runtime.junit.FeatureRunner.run(FeatureRunner.java:70) at cucumber.api.junit.Cucumber.runChild(Cucumber.java:95) at cucumber.api.junit.Cucumber.runChild(Cucumber.java:38) at org.junit.runners.ParentRunner$3.run(ParentRunner.java:238) at org.junit.runners.ParentRunner$1.schedule(ParentRunner.java:63) at org.junit.runners.ParentRunner.runChildren(ParentRunner.java:236) at org.junit.runners.ParentRunner.access$000(ParentRunner.java:53) at org.junit.runners.ParentRunner$2.evaluate(ParentRunner.java:229) at org.junit.runners.ParentRunner.run(ParentRunner.java:309) at cucumber.api.junit.Cucumber.run(Cucumber.java:100) at org.junit.runner.JUnitCore.run(JUnitCore.java:160) at org.junit.runner.JUnitCore.run(JUnitCore.java:138) at org.testng.junit.JUnit4TestRunner.start(JUnit4TestRunner.java:81) at org.testng.junit.JUnit4TestRunner.run(JUnit4TestRunner.java:69) at org.testng.TestRunner$1.run(TestRunner.java:682) at org.testng.TestRunner.runWorkers(TestRunner.java:1005) at org.testng.TestRunner.privateRunJUnit(TestRunner.java:713) at org.testng.TestRunner.run(TestRunner.java:614) at org.testng.SuiteRunner.runTest(SuiteRunner.java:348) at org.testng.SuiteRunner.runSequentially(SuiteRunner.java:343) at org.testng.SuiteRunner.privateRun(SuiteRunner.java:305) at org.testng.SuiteRunner.run(SuiteRunner.java:254) at org.testng.SuiteRunnerWorker.runSuite(SuiteRunnerWorker.java:52) at org.testng.SuiteRunnerWorker.run(SuiteRunnerWorker.java:86) at org.testng.TestNG.runSuitesSequentially(TestNG.java:1224) at org.testng.TestNG.runSuitesLocally(TestNG.java:1149) at org.testng.TestNG.run(TestNG.java:1057) at org.apache.maven.surefire.testng.TestNGExecutor.run(TestNGExecutor.java:115) at org.apache.maven.surefire.testng.TestNGDirectoryTestSuite.executeSingleClass(TestNGDirectoryTestSuite.java:129) at org.apache.maven.surefire.testng.TestNGDirectoryTestSuite.execute(TestNGDirectoryTestSuite.java:113) at org.apache.maven.surefire.testng.TestNGProvider.invoke(TestNGProvider.java:111) at org.apache.maven.surefire.booter.ForkedBooter.invokeProviderInSameClassLoader(ForkedBooter.java:203) at org.apache.maven.surefire.booter.ForkedBooter.runSuitesInProcess(ForkedBooter.java:155) at org.apache.maven.surefire.booter.ForkedBooter.main(ForkedBooter.java:103) Caused by: org.apache.http.conn.HttpHostConnectException: Connect to 127.0.0.1:7055 [/127.0.0.1] failed: Connection refused: connect at org.apache.http.impl.conn.DefaultHttpClientConnectionOperator.connect(DefaultHttpClientConnectionOperator.java:158) at org.apache.http.impl.conn.PoolingHttpClientConnectionManager.connect(PoolingHttpClientConnectionManager.java:353) at org.apache.http.impl.execchain.MainClientExec.establishRoute(MainClientExec.java:380) at org.apache.http.impl.execchain.MainClientExec.execute(MainClientExec.java:236) at org.apache.http.impl.execchain.ProtocolExec.execute(ProtocolExec.java:184) at org.apache.http.impl.execchain.RetryExec.execute(RetryExec.java:88) at org.apache.http.impl.execchain.RedirectExec.execute(RedirectExec.java:110) at org.apache.http.impl.client.InternalHttpClient.doExecute(InternalHttpClient.java:184) at org.apache.http.impl.client.CloseableHttpClient.execute(CloseableHttpClient.java:71) at org.apache.http.impl.client.CloseableHttpClient.execute(CloseableHttpClient.java:55) at org.openqa.selenium.remote.internal.ApacheHttpClient.fallBackExecute(ApacheHttpClient.java:144) at org.openqa.selenium.remote.internal.ApacheHttpClient.execute(ApacheHttpClient.java:90) at org.openqa.selenium.remote.HttpCommandExecutor.execute(HttpCommandExecutor.java:142) at org.openqa.selenium.firefox.internal.NewProfileExtensionConnection.execute(NewProfileExtensionConnection.java:160) at org.openqa.selenium.firefox.FirefoxDriver$LazyCommandExecutor.execute(FirefoxDriver.java:380) at org.openqa.selenium.remote.RemoteWebDriver.execute(RemoteWebDriver.java:644) ... 66 more Caused by: java.net.ConnectException: Connection refused: connect at java.net.DualStackPlainSocketImpl.waitForConnect(Native Method) at java.net.DualStackPlainSocketImpl.socketConnect(DualStackPlainSocketImpl.java:85) at java.net.AbstractPlainSocketImpl.doConnect(AbstractPlainSocketImpl.java:350) at java.net.AbstractPlainSocketImpl.connectToAddress(AbstractPlainSocketImpl.java:206) at java.net.AbstractPlainSocketImpl.connect(AbstractPlainSocketImpl.java:188) at java.net.PlainSocketImpl.connect(PlainSocketImpl.java:172) at java.net.SocksSocketImpl.connect(SocksSocketImpl.java:392) at java.net.Socket.connect(Socket.java:589) at org.apache.http.conn.socket.PlainConnectionSocketFactory.connectSocket(PlainConnectionSocketFactory.java:74) at org.apache.http.impl.conn.DefaultHttpClientConnectionOperator.connect(DefaultHttpClientConnectionOperator.java:141) ... 81 more</td>
</tr>
<tr>
<td class='status fail' title='fail' alt='fail'><i class='mdi-navigation-cancel'></i></td>
<td class='timestamp'>22:04:01</td>
<td class='step-details'>Click_on_verify_app_testing_page</td>
</tr>
<tr>
<td class='status fail' title='fail' alt='fail'><i class='mdi-navigation-cancel'></i></td>
<td class='timestamp'>22:04:01</td>
<td class='step-details'>org.openqa.selenium.remote.UnreachableBrowserException: Error communicating with the remote browser. It may have died. Build info: version: '2.53.1', revision: 'a36b8b1cd5757287168e54b817830adce9b0158d', time: '2016-06-30 19:26:09' System info: host: 'NIT-LPT-R015', ip: '192.168.0.5', os.name: 'Windows 8.1', os.arch: 'amd64', os.version: '6.3', java.version: '1.8.0_181' Driver info: driver.version: RemoteWebDriver Capabilities [{applicationCacheEnabled=true, rotatable=false, handlesAlerts=true, databaseEnabled=true, version=47.0.2, platform=WINDOWS, nativeEvents=false, acceptSslCerts=true, webStorageEnabled=true, locationContextEnabled=true, browserName=firefox, takesScreenshot=true, javascriptEnabled=true, cssSelectorsEnabled=true}] Session ID: 58071726-3dd2-4d85-b776-71ece2ef7095 at org.openqa.selenium.remote.RemoteWebDriver.execute(RemoteWebDriver.java:665) at org.openqa.selenium.remote.RemoteWebDriver.findElement(RemoteWebDriver.java:363) at org.openqa.selenium.remote.RemoteWebDriver.findElementByXPath(RemoteWebDriver.java:500) at org.openqa.selenium.By$ByXPath.findElement(By.java:361) at org.openqa.selenium.remote.RemoteWebDriver.findElement(RemoteWebDriver.java:355) at org.openqa.selenium.support.pagefactory.DefaultElementLocator.findElement(DefaultElementLocator.java:69) at org.openqa.selenium.support.pagefactory.internal.LocatingElementHandler.invoke(LocatingElementHandler.java:38) at com.sun.proxy.$Proxy15.isEnabled(Unknown Source) at com.WorkFitCompelte.core.Testfactory.clickAction(Testfactory.java:73) at com.WorkFitComplete.Pages.WorkFitCompleteHomePage.click_on_AppTesting_page(WorkFitCompleteHomePage.java:112) at com.AccelareStepDefinations.ModelModule.Click_on_verify_app_testing_page(ModelModule.java:92) at sun.reflect.NativeMethodAccessorImpl.invoke0(Native Method) at sun.reflect.NativeMethodAccessorImpl.invoke(NativeMethodAccessorImpl.java:62) at sun.reflect.DelegatingMethodAccessorImpl.invoke(DelegatingMethodAccessorImpl.java:43) at java.lang.reflect.Method.invoke(Method.java:498) at cucumber.runtime.Utils$1.call(Utils.java:40) at cucumber.runtime.Timeout.timeout(Timeout.java:16) at cucumber.runtime.Utils.invoke(Utils.java:34) at cucumber.runtime.java.JavaStepDefinition.execute(JavaStepDefinition.java:38) at cucumber.runtime.StepDefinitionMatch.runStep(StepDefinitionMatch.java:37) at cucumber.runtime.Runtime.runStep(Runtime.java:300) at cucumber.runtime.model.StepContainer.runStep(StepContainer.java:44) at cucumber.runtime.model.StepContainer.runSteps(StepContainer.java:39) at cucumber.runtime.model.CucumberScenario.run(CucumberScenario.java:44) at cucumber.runtime.junit.ExecutionUnitRunner.run(ExecutionUnitRunner.java:102) at cucumber.runtime.junit.FeatureRunner.runChild(FeatureRunner.java:63) at cucumber.runtime.junit.FeatureRunner.runChild(FeatureRunner.java:18) at org.junit.runners.ParentRunner$3.run(ParentRunner.java:238) at org.junit.runners.ParentRunner$1.schedule(ParentRunner.java:63) at org.junit.runners.ParentRunner.runChildren(ParentRunner.java:236) at org.junit.runners.ParentRunner.access$000(ParentRunner.java:53) at org.junit.runners.ParentRunner$2.evaluate(ParentRunner.java:229) at org.junit.runners.ParentRunner.run(ParentRunner.java:309) at cucumber.runtime.junit.FeatureRunner.run(FeatureRunner.java:70) at cucumber.api.junit.Cucumber.runChild(Cucumber.java:95) at cucumber.api.junit.Cucumber.runChild(Cucumber.java:38) at org.junit.runners.ParentRunner$3.run(ParentRunner.java:238) at org.junit.runners.ParentRunner$1.schedule(ParentRunner.java:63) at org.junit.runners.ParentRunner.runChildren(ParentRunner.java:236) at org.junit.runners.ParentRunner.access$000(ParentRunner.java:53) at org.junit.runners.ParentRunner$2.evaluate(ParentRunner.java:229) at org.junit.runners.ParentRunner.run(ParentRunner.java:309) at cucumber.api.junit.Cucumber.run(Cucumber.java:100) at org.junit.runner.JUnitCore.run(JUnitCore.java:160) at org.junit.runner.JUnitCore.run(JUnitCore.java:138) at org.testng.junit.JUnit4TestRunner.start(JUnit4TestRunner.java:81) at org.testng.junit.JUnit4TestRunner.run(JUnit4TestRunner.java:69) at org.testng.TestRunner$1.run(TestRunner.java:682) at org.testng.TestRunner.runWorkers(TestRunner.java:1005) at org.testng.TestRunner.privateRunJUnit(TestRunner.java:713) at org.testng.TestRunner.run(TestRunner.java:614) at org.testng.SuiteRunner.runTest(SuiteRunner.java:348) at org.testng.SuiteRunner.runSequentially(SuiteRunner.java:343) at org.testng.SuiteRunner.privateRun(SuiteRunner.java:305) at org.testng.SuiteRunner.run(SuiteRunner.java:254) at org.testng.SuiteRunnerWorker.runSuite(SuiteRunnerWorker.java:52) at org.testng.SuiteRunnerWorker.run(SuiteRunnerWorker.java:86) at org.testng.TestNG.runSuitesSequentially(TestNG.java:1224) at org.testng.TestNG.runSuitesLocally(TestNG.java:1149) at org.testng.TestNG.run(TestNG.java:1057) at org.apache.maven.surefire.testng.TestNGExecutor.run(TestNGExecutor.java:115) at org.apache.maven.surefire.testng.TestNGDirectoryTestSuite.executeSingleClass(TestNGDirectoryTestSuite.java:129) at org.apache.maven.surefire.testng.TestNGDirectoryTestSuite.execute(TestNGDirectoryTestSuite.java:113) at org.apache.maven.surefire.testng.TestNGProvider.invoke(TestNGProvider.java:111) at org.apache.maven.surefire.booter.ForkedBooter.invokeProviderInSameClassLoader(ForkedBooter.java:203) at org.apache.maven.surefire.booter.ForkedBooter.runSuitesInProcess(ForkedBooter.java:155) at org.apache.maven.surefire.booter.ForkedBooter.main(ForkedBooter.java:103) Caused by: org.apache.http.conn.HttpHostConnectException: Connect to 127.0.0.1:7055 [/127.0.0.1] failed: Connection refused: connect at org.apache.http.impl.conn.DefaultHttpClientConnectionOperator.connect(DefaultHttpClientConnectionOperator.java:158) at org.apache.http.impl.conn.PoolingHttpClientConnectionManager.connect(PoolingHttpClientConnectionManager.java:353) at org.apache.http.impl.execchain.MainClientExec.establishRoute(MainClientExec.java:380) at org.apache.http.impl.execchain.MainClientExec.execute(MainClientExec.java:236) at org.apache.http.impl.execchain.ProtocolExec.execute(ProtocolExec.java:184) at org.apache.http.impl.execchain.RetryExec.execute(RetryExec.java:88) at org.apache.http.impl.execchain.RedirectExec.execute(RedirectExec.java:110) at org.apache.http.impl.client.InternalHttpClient.doExecute(InternalHttpClient.java:184) at org.apache.http.impl.client.CloseableHttpClient.execute(CloseableHttpClient.java:71) at org.apache.http.impl.client.CloseableHttpClient.execute(CloseableHttpClient.java:55) at org.openqa.selenium.remote.internal.ApacheHttpClient.fallBackExecute(ApacheHttpClient.java:144) at org.openqa.selenium.remote.internal.ApacheHttpClient.execute(ApacheHttpClient.java:90) at org.openqa.selenium.remote.HttpCommandExecutor.execute(HttpCommandExecutor.java:142) at org.openqa.selenium.firefox.internal.NewProfileExtensionConnection.execute(NewProfileExtensionConnection.java:160) at org.openqa.selenium.firefox.FirefoxDriver$LazyCommandExecutor.execute(FirefoxDriver.java:380) at org.openqa.selenium.remote.RemoteWebDriver.execute(RemoteWebDriver.java:644) ... 66 more Caused by: java.net.ConnectException: Connection refused: connect at java.net.DualStackPlainSocketImpl.waitForConnect(Native Method) at java.net.DualStackPlainSocketImpl.socketConnect(DualStackPlainSocketImpl.java:85) at java.net.AbstractPlainSocketImpl.doConnect(AbstractPlainSocketImpl.java:350) at java.net.AbstractPlainSocketImpl.connectToAddress(AbstractPlainSocketImpl.java:206) at java.net.AbstractPlainSocketImpl.connect(AbstractPlainSocketImpl.java:188) at java.net.PlainSocketImpl.connect(PlainSocketImpl.java:172) at java.net.SocksSocketImpl.connect(SocksSocketImpl.java:392) at java.net.Socket.connect(Socket.java:589) at org.apache.http.conn.socket.PlainConnectionSocketFactory.connectSocket(PlainConnectionSocketFactory.java:74) at org.apache.http.impl.conn.DefaultHttpClientConnectionOperator.connect(DefaultHttpClientConnectionOperator.java:141) ... 81 more</td>
</tr>
</tbody>
</table>
<ul class='collapsible node-list' data-collapsible='accordion'>
</ul>
</div>
</div>
</li>
<li class='collection-item test displayed active fail ' extentid='7401befb-238c-4948-aa34-9a08b850551b'>
<div class='test-head'>
<span class='test-name'>Create a new model </span>
<span class='test-status label right outline capitalize fail'>fail</span>
<span class='category-assigned hide '></span>
</div>
<div class='test-body'>
<div class='test-info'>
<span title='Test started time' alt='Test started time' class='test-started-time label green lighten-1 text-white'>2018-08-22 22:04:02</span>
<span title='Test ended time' alt='Test ended time' class='test-ended-time label red lighten-1 text-white'>2018-08-22 22:04:08</span>
<span title='Time taken to finish' alt='Time taken to finish' class='test-time-taken label blue-grey lighten-3 text-white'>0h 0m 6s+0ms</span>
</div>
<div class='test-desc'></div>
<div class='test-attributes'>
</div>
<div class='test-steps'>
<table class='bordered table-results'>
<thead>
<tr>
<th>Status</th>
<th>Timestamp</th>
<th>Details</th>
</tr>
</thead>
<tbody>
<tr>
<td class='status fail' title='fail' alt='fail'><i class='mdi-navigation-cancel'></i></td>
<td class='timestamp'>22:04:03</td>
<td class='step-details'>user_navigated_to_new_model_form</td>
</tr>
<tr>
<td class='status fail' title='fail' alt='fail'><i class='mdi-navigation-cancel'></i></td>
<td class='timestamp'>22:04:03</td>
<td class='step-details'>org.openqa.selenium.remote.UnreachableBrowserException: Error communicating with the remote browser. It may have died. Build info: version: '2.53.1', revision: 'a36b8b1cd5757287168e54b817830adce9b0158d', time: '2016-06-30 19:26:09' System info: host: 'NIT-LPT-R015', ip: '192.168.0.5', os.name: 'Windows 8.1', os.arch: 'amd64', os.version: '6.3', java.version: '1.8.0_181' Driver info: driver.version: RemoteWebDriver Capabilities [{applicationCacheEnabled=true, rotatable=false, handlesAlerts=true, databaseEnabled=true, version=47.0.2, platform=WINDOWS, nativeEvents=false, acceptSslCerts=true, webStorageEnabled=true, locationContextEnabled=true, browserName=firefox, takesScreenshot=true, javascriptEnabled=true, cssSelectorsEnabled=true}] Session ID: 58071726-3dd2-4d85-b776-71ece2ef7095 at org.openqa.selenium.remote.RemoteWebDriver.execute(RemoteWebDriver.java:665) at org.openqa.selenium.remote.RemoteWebDriver.findElement(RemoteWebDriver.java:363) at org.openqa.selenium.remote.RemoteWebDriver.findElementByXPath(RemoteWebDriver.java:500) at org.openqa.selenium.By$ByXPath.findElement(By.java:361) at org.openqa.selenium.remote.RemoteWebDriver.findElement(RemoteWebDriver.java:355) at org.openqa.selenium.support.pagefactory.DefaultElementLocator.findElement(DefaultElementLocator.java:69) at org.openqa.selenium.support.pagefactory.internal.LocatingElementHandler.invoke(LocatingElementHandler.java:38) at com.sun.proxy.$Proxy15.isEnabled(Unknown Source) at com.WorkFitCompelte.core.Testfactory.clickAction(Testfactory.java:73) at com.WorkFitComplete.Pages.CreateNewModelFunctionality.ClickOnModel(CreateNewModelFunctionality.java:60) at com.AccelareStepDefinations.ModelModule.user_navigated_to_new_model_form(ModelModule.java:112) at sun.reflect.NativeMethodAccessorImpl.invoke0(Native Method) at sun.reflect.NativeMethodAccessorImpl.invoke(NativeMethodAccessorImpl.java:62) at sun.reflect.DelegatingMethodAccessorImpl.invoke(DelegatingMethodAccessorImpl.java:43) at java.lang.reflect.Method.invoke(Method.java:498) at cucumber.runtime.Utils$1.call(Utils.java:40) at cucumber.runtime.Timeout.timeout(Timeout.java:16) at cucumber.runtime.Utils.invoke(Utils.java:34) at cucumber.runtime.java.JavaStepDefinition.execute(JavaStepDefinition.java:38) at cucumber.runtime.StepDefinitionMatch.runStep(StepDefinitionMatch.java:37) at cucumber.runtime.Runtime.runStep(Runtime.java:300) at cucumber.runtime.model.StepContainer.runStep(StepContainer.java:44) at cucumber.runtime.model.StepContainer.runSteps(StepContainer.java:39) at cucumber.runtime.model.CucumberScenario.run(CucumberScenario.java:44) at cucumber.runtime.junit.ExecutionUnitRunner.run(ExecutionUnitRunner.java:102) at cucumber.runtime.junit.FeatureRunner.runChild(FeatureRunner.java:63) at cucumber.runtime.junit.FeatureRunner.runChild(FeatureRunner.java:18) at org.junit.runners.ParentRunner$3.run(ParentRunner.java:238) at org.junit.runners.ParentRunner$1.schedule(ParentRunner.java:63) at org.junit.runners.ParentRunner.runChildren(ParentRunner.java:236) at org.junit.runners.ParentRunner.access$000(ParentRunner.java:53) at org.junit.runners.ParentRunner$2.evaluate(ParentRunner.java:229) at org.junit.runners.ParentRunner.run(ParentRunner.java:309) at cucumber.runtime.junit.FeatureRunner.run(FeatureRunner.java:70) at cucumber.api.junit.Cucumber.runChild(Cucumber.java:95) at cucumber.api.junit.Cucumber.runChild(Cucumber.java:38) at org.junit.runners.ParentRunner$3.run(ParentRunner.java:238) at org.junit.runners.ParentRunner$1.schedule(ParentRunner.java:63) at org.junit.runners.ParentRunner.runChildren(ParentRunner.java:236) at org.junit.runners.ParentRunner.access$000(ParentRunner.java:53) at org.junit.runners.ParentRunner$2.evaluate(ParentRunner.java:229) at org.junit.runners.ParentRunner.run(ParentRunner.java:309) at cucumber.api.junit.Cucumber.run(Cucumber.java:100) at org.junit.runner.JUnitCore.run(JUnitCore.java:160) at org.junit.runner.JUnitCore.run(JUnitCore.java:138) at org.testng.junit.JUnit4TestRunner.start(JUnit4TestRunner.java:81) at org.testng.junit.JUnit4TestRunner.run(JUnit4TestRunner.java:69) at org.testng.TestRunner$1.run(TestRunner.java:682) at org.testng.TestRunner.runWorkers(TestRunner.java:1005) at org.testng.TestRunner.privateRunJUnit(TestRunner.java:713) at org.testng.TestRunner.run(TestRunner.java:614) at org.testng.SuiteRunner.runTest(SuiteRunner.java:348) at org.testng.SuiteRunner.runSequentially(SuiteRunner.java:343) at org.testng.SuiteRunner.privateRun(SuiteRunner.java:305) at org.testng.SuiteRunner.run(SuiteRunner.java:254) at org.testng.SuiteRunnerWorker.runSuite(SuiteRunnerWorker.java:52) at org.testng.SuiteRunnerWorker.run(SuiteRunnerWorker.java:86) at org.testng.TestNG.runSuitesSequentially(TestNG.java:1224) at org.testng.TestNG.runSuitesLocally(TestNG.java:1149) at org.testng.TestNG.run(TestNG.java:1057) at org.apache.maven.surefire.testng.TestNGExecutor.run(TestNGExecutor.java:115) at org.apache.maven.surefire.testng.TestNGDirectoryTestSuite.executeSingleClass(TestNGDirectoryTestSuite.java:129) at org.apache.maven.surefire.testng.TestNGDirectoryTestSuite.execute(TestNGDirectoryTestSuite.java:113) at org.apache.maven.surefire.testng.TestNGProvider.invoke(TestNGProvider.java:111) at org.apache.maven.surefire.booter.ForkedBooter.invokeProviderInSameClassLoader(ForkedBooter.java:203) at org.apache.maven.surefire.booter.ForkedBooter.runSuitesInProcess(ForkedBooter.java:155) at org.apache.maven.surefire.booter.ForkedBooter.main(ForkedBooter.java:103) Caused by: org.apache.http.conn.HttpHostConnectException: Connect to 127.0.0.1:7055 [/127.0.0.1] failed: Connection refused: connect at org.apache.http.impl.conn.DefaultHttpClientConnectionOperator.connect(DefaultHttpClientConnectionOperator.java:158) at org.apache.http.impl.conn.PoolingHttpClientConnectionManager.connect(PoolingHttpClientConnectionManager.java:353) at org.apache.http.impl.execchain.MainClientExec.establishRoute(MainClientExec.java:380) at org.apache.http.impl.execchain.MainClientExec.execute(MainClientExec.java:236) at org.apache.http.impl.execchain.ProtocolExec.execute(ProtocolExec.java:184) at org.apache.http.impl.execchain.RetryExec.execute(RetryExec.java:88) at org.apache.http.impl.execchain.RedirectExec.execute(RedirectExec.java:110) at org.apache.http.impl.client.InternalHttpClient.doExecute(InternalHttpClient.java:184) at org.apache.http.impl.client.CloseableHttpClient.execute(CloseableHttpClient.java:71) at org.apache.http.impl.client.CloseableHttpClient.execute(CloseableHttpClient.java:55) at org.openqa.selenium.remote.internal.ApacheHttpClient.fallBackExecute(ApacheHttpClient.java:144) at org.openqa.selenium.remote.internal.ApacheHttpClient.execute(ApacheHttpClient.java:90) at org.openqa.selenium.remote.HttpCommandExecutor.execute(HttpCommandExecutor.java:142) at org.openqa.selenium.firefox.internal.NewProfileExtensionConnection.execute(NewProfileExtensionConnection.java:160) at org.openqa.selenium.firefox.FirefoxDriver$LazyCommandExecutor.execute(FirefoxDriver.java:380) at org.openqa.selenium.remote.RemoteWebDriver.execute(RemoteWebDriver.java:644) ... 66 more Caused by: java.net.ConnectException: Connection refused: connect at java.net.DualStackPlainSocketImpl.waitForConnect(Native Method) at java.net.DualStackPlainSocketImpl.socketConnect(DualStackPlainSocketImpl.java:85) at java.net.AbstractPlainSocketImpl.doConnect(AbstractPlainSocketImpl.java:350) at java.net.AbstractPlainSocketImpl.connectToAddress(AbstractPlainSocketImpl.java:206) at java.net.AbstractPlainSocketImpl.connect(AbstractPlainSocketImpl.java:188) at java.net.PlainSocketImpl.connect(PlainSocketImpl.java:172) at java.net.SocksSocketImpl.connect(SocksSocketImpl.java:392) at java.net.Socket.connect(Socket.java:589) at org.apache.http.conn.socket.PlainConnectionSocketFactory.connectSocket(PlainConnectionSocketFactory.java:74) at org.apache.http.impl.conn.DefaultHttpClientConnectionOperator.connect(DefaultHttpClientConnectionOperator.java:141) ... 81 more</td>
</tr>
<tr>
<td class='status fail' title='fail' alt='fail'><i class='mdi-navigation-cancel'></i></td>
<td class='timestamp'>22:04:06</td>
<td class='step-details'>user_click_on_new_model_link</td>
</tr>
<tr>
<td class='status fail' title='fail' alt='fail'><i class='mdi-navigation-cancel'></i></td>
<td class='timestamp'>22:04:06</td>
<td class='step-details'>org.openqa.selenium.remote.UnreachableBrowserException: Error communicating with the remote browser. It may have died. Build info: version: '2.53.1', revision: 'a36b8b1cd5757287168e54b817830adce9b0158d', time: '2016-06-30 19:26:09' System info: host: 'NIT-LPT-R015', ip: '192.168.0.5', os.name: 'Windows 8.1', os.arch: 'amd64', os.version: '6.3', java.version: '1.8.0_181' Driver info: driver.version: RemoteWebDriver Capabilities [{applicationCacheEnabled=true, rotatable=false, handlesAlerts=true, databaseEnabled=true, version=47.0.2, platform=WINDOWS, nativeEvents=false, acceptSslCerts=true, webStorageEnabled=true, locationContextEnabled=true, browserName=firefox, takesScreenshot=true, javascriptEnabled=true, cssSelectorsEnabled=true}] Session ID: 58071726-3dd2-4d85-b776-71ece2ef7095 at org.openqa.selenium.remote.RemoteWebDriver.execute(RemoteWebDriver.java:665) at org.openqa.selenium.remote.RemoteWebDriver.findElement(RemoteWebDriver.java:363) at org.openqa.selenium.remote.RemoteWebDriver.findElementByXPath(RemoteWebDriver.java:500) at org.openqa.selenium.By$ByXPath.findElement(By.java:361) at org.openqa.selenium.remote.RemoteWebDriver.findElement(RemoteWebDriver.java:355) at org.openqa.selenium.support.pagefactory.DefaultElementLocator.findElement(DefaultElementLocator.java:69) at org.openqa.selenium.support.pagefactory.internal.LocatingElementHandler.invoke(LocatingElementHandler.java:38) at com.sun.proxy.$Proxy15.isEnabled(Unknown Source) at com.WorkFitCompelte.core.Testfactory.editTextBox(Testfactory.java:61) at com.WorkFitComplete.Pages.CreateNewModelFunctionality.NewModelForm(CreateNewModelFunctionality.java:79) at com.AccelareStepDefinations.ModelModule.user_click_on_new_model_link(ModelModule.java:132) at sun.reflect.NativeMethodAccessorImpl.invoke0(Native Method) at sun.reflect.NativeMethodAccessorImpl.invoke(NativeMethodAccessorImpl.java:62) at sun.reflect.DelegatingMethodAccessorImpl.invoke(DelegatingMethodAccessorImpl.java:43) at java.lang.reflect.Method.invoke(Method.java:498) at cucumber.runtime.Utils$1.call(Utils.java:40) at cucumber.runtime.Timeout.timeout(Timeout.java:16) at cucumber.runtime.Utils.invoke(Utils.java:34) at cucumber.runtime.java.JavaStepDefinition.execute(JavaStepDefinition.java:38) at cucumber.runtime.StepDefinitionMatch.runStep(StepDefinitionMatch.java:37) at cucumber.runtime.Runtime.runStep(Runtime.java:300) at cucumber.runtime.model.StepContainer.runStep(StepContainer.java:44) at cucumber.runtime.model.StepContainer.runSteps(StepContainer.java:39) at cucumber.runtime.model.CucumberScenario.run(CucumberScenario.java:44) at cucumber.runtime.junit.ExecutionUnitRunner.run(ExecutionUnitRunner.java:102) at cucumber.runtime.junit.FeatureRunner.runChild(FeatureRunner.java:63) at cucumber.runtime.junit.FeatureRunner.runChild(FeatureRunner.java:18) at org.junit.runners.ParentRunner$3.run(ParentRunner.java:238) at org.junit.runners.ParentRunner$1.schedule(ParentRunner.java:63) at org.junit.runners.ParentRunner.runChildren(ParentRunner.java:236) at org.junit.runners.ParentRunner.access$000(ParentRunner.java:53) at org.junit.runners.ParentRunner$2.evaluate(ParentRunner.java:229) at org.junit.runners.ParentRunner.run(ParentRunner.java:309) at cucumber.runtime.junit.FeatureRunner.run(FeatureRunner.java:70) at cucumber.api.junit.Cucumber.runChild(Cucumber.java:95) at cucumber.api.junit.Cucumber.runChild(Cucumber.java:38) at org.junit.runners.ParentRunner$3.run(ParentRunner.java:238) at org.junit.runners.ParentRunner$1.schedule(ParentRunner.java:63) at org.junit.runners.ParentRunner.runChildren(ParentRunner.java:236) at org.junit.runners.ParentRunner.access$000(ParentRunner.java:53) at org.junit.runners.ParentRunner$2.evaluate(ParentRunner.java:229) at org.junit.runners.ParentRunner.run(ParentRunner.java:309) at cucumber.api.junit.Cucumber.run(Cucumber.java:100) at org.junit.runner.JUnitCore.run(JUnitCore.java:160) at org.junit.runner.JUnitCore.run(JUnitCore.java:138) at org.testng.junit.JUnit4TestRunner.start(JUnit4TestRunner.java:81) at org.testng.junit.JUnit4TestRunner.run(JUnit4TestRunner.java:69) at org.testng.TestRunner$1.run(TestRunner.java:682) at org.testng.TestRunner.runWorkers(TestRunner.java:1005) at org.testng.TestRunner.privateRunJUnit(TestRunner.java:713) at org.testng.TestRunner.run(TestRunner.java:614) at org.testng.SuiteRunner.runTest(SuiteRunner.java:348) at org.testng.SuiteRunner.runSequentially(SuiteRunner.java:343) at org.testng.SuiteRunner.privateRun(SuiteRunner.java:305) at org.testng.SuiteRunner.run(SuiteRunner.java:254) at org.testng.SuiteRunnerWorker.runSuite(SuiteRunnerWorker.java:52) at org.testng.SuiteRunnerWorker.run(SuiteRunnerWorker.java:86) at org.testng.TestNG.runSuitesSequentially(TestNG.java:1224) at org.testng.TestNG.runSuitesLocally(TestNG.java:1149) at org.testng.TestNG.run(TestNG.java:1057) at org.apache.maven.surefire.testng.TestNGExecutor.run(TestNGExecutor.java:115) at org.apache.maven.surefire.testng.TestNGDirectoryTestSuite.executeSingleClass(TestNGDirectoryTestSuite.java:129) at org.apache.maven.surefire.testng.TestNGDirectoryTestSuite.execute(TestNGDirectoryTestSuite.java:113) at org.apache.maven.surefire.testng.TestNGProvider.invoke(TestNGProvider.java:111) at org.apache.maven.surefire.booter.ForkedBooter.invokeProviderInSameClassLoader(ForkedBooter.java:203) at org.apache.maven.surefire.booter.ForkedBooter.runSuitesInProcess(ForkedBooter.java:155) at org.apache.maven.surefire.booter.ForkedBooter.main(ForkedBooter.java:103) Caused by: org.apache.http.conn.HttpHostConnectException: Connect to 127.0.0.1:7055 [/127.0.0.1] failed: Connection refused: connect at org.apache.http.impl.conn.DefaultHttpClientConnectionOperator.connect(DefaultHttpClientConnectionOperator.java:158) at org.apache.http.impl.conn.PoolingHttpClientConnectionManager.connect(PoolingHttpClientConnectionManager.java:353) at org.apache.http.impl.execchain.MainClientExec.establishRoute(MainClientExec.java:380) at org.apache.http.impl.execchain.MainClientExec.execute(MainClientExec.java:236) at org.apache.http.impl.execchain.ProtocolExec.execute(ProtocolExec.java:184) at org.apache.http.impl.execchain.RetryExec.execute(RetryExec.java:88) at org.apache.http.impl.execchain.RedirectExec.execute(RedirectExec.java:110) at org.apache.http.impl.client.InternalHttpClient.doExecute(InternalHttpClient.java:184) at org.apache.http.impl.client.CloseableHttpClient.execute(CloseableHttpClient.java:71) at org.apache.http.impl.client.CloseableHttpClient.execute(CloseableHttpClient.java:55) at org.openqa.selenium.remote.internal.ApacheHttpClient.fallBackExecute(ApacheHttpClient.java:144) at org.openqa.selenium.remote.internal.ApacheHttpClient.execute(ApacheHttpClient.java:90) at org.openqa.selenium.remote.HttpCommandExecutor.execute(HttpCommandExecutor.java:142) at org.openqa.selenium.firefox.internal.NewProfileExtensionConnection.execute(NewProfileExtensionConnection.java:160) at org.openqa.selenium.firefox.FirefoxDriver$LazyCommandExecutor.execute(FirefoxDriver.java:380) at org.openqa.selenium.remote.RemoteWebDriver.execute(RemoteWebDriver.java:644) ... 66 more Caused by: java.net.ConnectException: Connection refused: connect at java.net.DualStackPlainSocketImpl.waitForConnect(Native Method) at java.net.DualStackPlainSocketImpl.socketConnect(DualStackPlainSocketImpl.java:85) at java.net.AbstractPlainSocketImpl.doConnect(AbstractPlainSocketImpl.java:350) at java.net.AbstractPlainSocketImpl.connectToAddress(AbstractPlainSocketImpl.java:206) at java.net.AbstractPlainSocketImpl.connect(AbstractPlainSocketImpl.java:188) at java.net.PlainSocketImpl.connect(PlainSocketImpl.java:172) at java.net.SocksSocketImpl.connect(SocksSocketImpl.java:392) at java.net.Socket.connect(Socket.java:589) at org.apache.http.conn.socket.PlainConnectionSocketFactory.connectSocket(PlainConnectionSocketFactory.java:74) at org.apache.http.impl.conn.DefaultHttpClientConnectionOperator.connect(DefaultHttpClientConnectionOperator.java:141) ... 81 more</td>
</tr>
<tr>
<td class='status fail' title='fail' alt='fail'><i class='mdi-navigation-cancel'></i></td>
<td class='timestamp'>22:04:07</td>
<td class='step-details'>user_is_able_to_see_the_model_in_dropdown_model</td>
</tr>
<tr>
<td class='status fail' title='fail' alt='fail'><i class='mdi-navigation-cancel'></i></td>
<td class='timestamp'>22:04:07</td>
<td class='step-details'>org.openqa.selenium.remote.UnreachableBrowserException: Error communicating with the remote browser. It may have died. Build info: version: '2.53.1', revision: 'a36b8b1cd5757287168e54b817830adce9b0158d', time: '2016-06-30 19:26:09' System info: host: 'NIT-LPT-R015', ip: '192.168.0.5', os.name: 'Windows 8.1', os.arch: 'amd64', os.version: '6.3', java.version: '1.8.0_181' Driver info: driver.version: RemoteWebDriver Capabilities [{applicationCacheEnabled=true, rotatable=false, handlesAlerts=true, databaseEnabled=true, version=47.0.2, platform=WINDOWS, nativeEvents=false, acceptSslCerts=true, webStorageEnabled=true, locationContextEnabled=true, browserName=firefox, takesScreenshot=true, javascriptEnabled=true, cssSelectorsEnabled=true}] Session ID: 58071726-3dd2-4d85-b776-71ece2ef7095 at org.openqa.selenium.remote.RemoteWebDriver.execute(RemoteWebDriver.java:665) at org.openqa.selenium.remote.RemoteWebDriver.findElements(RemoteWebDriver.java:388) at org.openqa.selenium.remote.RemoteWebDriver.findElementsByXPath(RemoteWebDriver.java:504) at org.openqa.selenium.By$ByXPath.findElements(By.java:356) at org.openqa.selenium.remote.RemoteWebDriver.findElements(RemoteWebDriver.java:351) at org.openqa.selenium.support.pagefactory.DefaultElementLocator.findElements(DefaultElementLocator.java:85) at org.openqa.selenium.support.pagefactory.internal.LocatingElementListHandler.invoke(LocatingElementListHandler.java:36) at com.sun.proxy.$Proxy16.iterator(Unknown Source) at com.WorkFitCompelte.core.Testfactory.modeldropdownlist(Testfactory.java:228) at com.WorkFitComplete.Pages.CreateNewModelFunctionality.IsModelCreated(CreateNewModelFunctionality.java:103) at com.AccelareStepDefinations.ModelModule.user_is_able_to_see_the_model_in_dropdown_model(ModelModule.java:153) at sun.reflect.NativeMethodAccessorImpl.invoke0(Native Method) at sun.reflect.NativeMethodAccessorImpl.invoke(NativeMethodAccessorImpl.java:62) at sun.reflect.DelegatingMethodAccessorImpl.invoke(DelegatingMethodAccessorImpl.java:43) at java.lang.reflect.Method.invoke(Method.java:498) at cucumber.runtime.Utils$1.call(Utils.java:40) at cucumber.runtime.Timeout.timeout(Timeout.java:16) at cucumber.runtime.Utils.invoke(Utils.java:34) at cucumber.runtime.java.JavaStepDefinition.execute(JavaStepDefinition.java:38) at cucumber.runtime.StepDefinitionMatch.runStep(StepDefinitionMatch.java:37) at cucumber.runtime.Runtime.runStep(Runtime.java:300) at cucumber.runtime.model.StepContainer.runStep(StepContainer.java:44) at cucumber.runtime.model.StepContainer.runSteps(StepContainer.java:39) at cucumber.runtime.model.CucumberScenario.run(CucumberScenario.java:44) at cucumber.runtime.junit.ExecutionUnitRunner.run(ExecutionUnitRunner.java:102) at cucumber.runtime.junit.FeatureRunner.runChild(FeatureRunner.java:63) at cucumber.runtime.junit.FeatureRunner.runChild(FeatureRunner.java:18) at org.junit.runners.ParentRunner$3.run(ParentRunner.java:238) at org.junit.runners.ParentRunner$1.schedule(ParentRunner.java:63) at org.junit.runners.ParentRunner.runChildren(ParentRunner.java:236) at org.junit.runners.ParentRunner.access$000(ParentRunner.java:53) at org.junit.runners.ParentRunner$2.evaluate(ParentRunner.java:229) at org.junit.runners.ParentRunner.run(ParentRunner.java:309) at cucumber.runtime.junit.FeatureRunner.run(FeatureRunner.java:70) at cucumber.api.junit.Cucumber.runChild(Cucumber.java:95) at cucumber.api.junit.Cucumber.runChild(Cucumber.java:38) at org.junit.runners.ParentRunner$3.run(ParentRunner.java:238) at org.junit.runners.ParentRunner$1.schedule(ParentRunner.java:63) at org.junit.runners.ParentRunner.runChildren(ParentRunner.java:236) at org.junit.runners.ParentRunner.access$000(ParentRunner.java:53) at org.junit.runners.ParentRunner$2.evaluate(ParentRunner.java:229) at org.junit.runners.ParentRunner.run(ParentRunner.java:309) at cucumber.api.junit.Cucumber.run(Cucumber.java:100) at org.junit.runner.JUnitCore.run(JUnitCore.java:160) at org.junit.runner.JUnitCore.run(JUnitCore.java:138) at org.testng.junit.JUnit4TestRunner.start(JUnit4TestRunner.java:81) at org.testng.junit.JUnit4TestRunner.run(JUnit4TestRunner.java:69) at org.testng.TestRunner$1.run(TestRunner.java:682) at org.testng.TestRunner.runWorkers(TestRunner.java:1005) at org.testng.TestRunner.privateRunJUnit(TestRunner.java:713) at org.testng.TestRunner.run(TestRunner.java:614) at org.testng.SuiteRunner.runTest(SuiteRunner.java:348) at org.testng.SuiteRunner.runSequentially(SuiteRunner.java:343) at org.testng.SuiteRunner.privateRun(SuiteRunner.java:305) at org.testng.SuiteRunner.run(SuiteRunner.java:254) at org.testng.SuiteRunnerWorker.runSuite(SuiteRunnerWorker.java:52) at org.testng.SuiteRunnerWorker.run(SuiteRunnerWorker.java:86) at org.testng.TestNG.runSuitesSequentially(TestNG.java:1224) at org.testng.TestNG.runSuitesLocally(TestNG.java:1149) at org.testng.TestNG.run(TestNG.java:1057) at org.apache.maven.surefire.testng.TestNGExecutor.run(TestNGExecutor.java:115) at org.apache.maven.surefire.testng.TestNGDirectoryTestSuite.executeSingleClass(TestNGDirectoryTestSuite.java:129) at org.apache.maven.surefire.testng.TestNGDirectoryTestSuite.execute(TestNGDirectoryTestSuite.java:113) at org.apache.maven.surefire.testng.TestNGProvider.invoke(TestNGProvider.java:111) at org.apache.maven.surefire.booter.ForkedBooter.invokeProviderInSameClassLoader(ForkedBooter.java:203) at org.apache.maven.surefire.booter.ForkedBooter.runSuitesInProcess(ForkedBooter.java:155) at org.apache.maven.surefire.booter.ForkedBooter.main(ForkedBooter.java:103) Caused by: org.apache.http.conn.HttpHostConnectException: Connect to 127.0.0.1:7055 [/127.0.0.1] failed: Connection refused: connect at org.apache.http.impl.conn.DefaultHttpClientConnectionOperator.connect(DefaultHttpClientConnectionOperator.java:158) at org.apache.http.impl.conn.PoolingHttpClientConnectionManager.connect(PoolingHttpClientConnectionManager.java:353) at org.apache.http.impl.execchain.MainClientExec.establishRoute(MainClientExec.java:380) at org.apache.http.impl.execchain.MainClientExec.execute(MainClientExec.java:236) at org.apache.http.impl.execchain.ProtocolExec.execute(ProtocolExec.java:184) at org.apache.http.impl.execchain.RetryExec.execute(RetryExec.java:88) at org.apache.http.impl.execchain.RedirectExec.execute(RedirectExec.java:110) at org.apache.http.impl.client.InternalHttpClient.doExecute(InternalHttpClient.java:184) at org.apache.http.impl.client.CloseableHttpClient.execute(CloseableHttpClient.java:71) at org.apache.http.impl.client.CloseableHttpClient.execute(CloseableHttpClient.java:55) at org.openqa.selenium.remote.internal.ApacheHttpClient.fallBackExecute(ApacheHttpClient.java:144) at org.openqa.selenium.remote.internal.ApacheHttpClient.execute(ApacheHttpClient.java:90) at org.openqa.selenium.remote.HttpCommandExecutor.execute(HttpCommandExecutor.java:142) at org.openqa.selenium.firefox.internal.NewProfileExtensionConnection.execute(NewProfileExtensionConnection.java:160) at org.openqa.selenium.firefox.FirefoxDriver$LazyCommandExecutor.execute(FirefoxDriver.java:380) at org.openqa.selenium.remote.RemoteWebDriver.execute(RemoteWebDriver.java:644) ... 66 more Caused by: java.net.ConnectException: Connection refused: connect at java.net.DualStackPlainSocketImpl.waitForConnect(Native Method) at java.net.DualStackPlainSocketImpl.socketConnect(DualStackPlainSocketImpl.java:85) at java.net.AbstractPlainSocketImpl.doConnect(AbstractPlainSocketImpl.java:350) at java.net.AbstractPlainSocketImpl.connectToAddress(AbstractPlainSocketImpl.java:206) at java.net.AbstractPlainSocketImpl.connect(AbstractPlainSocketImpl.java:188) at java.net.PlainSocketImpl.connect(PlainSocketImpl.java:172) at java.net.SocksSocketImpl.connect(SocksSocketImpl.java:392) at java.net.Socket.connect(Socket.java:589) at org.apache.http.conn.socket.PlainConnectionSocketFactory.connectSocket(PlainConnectionSocketFactory.java:74) at org.apache.http.impl.conn.DefaultHttpClientConnectionOperator.connect(DefaultHttpClientConnectionOperator.java:141) ... 81 more</td>
</tr>
<tr>
<td class='status fail' title='fail' alt='fail'><i class='mdi-navigation-cancel'></i></td>
<td class='timestamp'>22:04:08</td>
<td class='step-details'>Click_on_verify_app_testing_page</td>
</tr>
<tr>
<td class='status fail' title='fail' alt='fail'><i class='mdi-navigation-cancel'></i></td>
<td class='timestamp'>22:04:08</td>
<td class='step-details'>org.openqa.selenium.remote.UnreachableBrowserException: Error communicating with the remote browser. It may have died. Build info: version: '2.53.1', revision: 'a36b8b1cd5757287168e54b817830adce9b0158d', time: '2016-06-30 19:26:09' System info: host: 'NIT-LPT-R015', ip: '192.168.0.5', os.name: 'Windows 8.1', os.arch: 'amd64', os.version: '6.3', java.version: '1.8.0_181' Driver info: driver.version: RemoteWebDriver Capabilities [{applicationCacheEnabled=true, rotatable=false, handlesAlerts=true, databaseEnabled=true, version=47.0.2, platform=WINDOWS, nativeEvents=false, acceptSslCerts=true, webStorageEnabled=true, locationContextEnabled=true, browserName=firefox, takesScreenshot=true, javascriptEnabled=true, cssSelectorsEnabled=true}] Session ID: 58071726-3dd2-4d85-b776-71ece2ef7095 at org.openqa.selenium.remote.RemoteWebDriver.execute(RemoteWebDriver.java:665) at org.openqa.selenium.remote.RemoteWebDriver.findElement(RemoteWebDriver.java:363) at org.openqa.selenium.remote.RemoteWebDriver.findElementByXPath(RemoteWebDriver.java:500) at org.openqa.selenium.By$ByXPath.findElement(By.java:361) at org.openqa.selenium.remote.RemoteWebDriver.findElement(RemoteWebDriver.java:355) at org.openqa.selenium.support.pagefactory.DefaultElementLocator.findElement(DefaultElementLocator.java:69) at org.openqa.selenium.support.pagefactory.internal.LocatingElementHandler.invoke(LocatingElementHandler.java:38) at com.sun.proxy.$Proxy15.isEnabled(Unknown Source) at com.WorkFitCompelte.core.Testfactory.clickAction(Testfactory.java:73) at com.WorkFitComplete.Pages.WorkFitCompleteHomePage.click_on_AppTesting_page(WorkFitCompleteHomePage.java:112) at com.AccelareStepDefinations.ModelModule.Click_on_verify_app_testing_page(ModelModule.java:92) at sun.reflect.NativeMethodAccessorImpl.invoke0(Native Method) at sun.reflect.NativeMethodAccessorImpl.invoke(NativeMethodAccessorImpl.java:62) at sun.reflect.DelegatingMethodAccessorImpl.invoke(DelegatingMethodAccessorImpl.java:43) at java.lang.reflect.Method.invoke(Method.java:498) at cucumber.runtime.Utils$1.call(Utils.java:40) at cucumber.runtime.Timeout.timeout(Timeout.java:16) at cucumber.runtime.Utils.invoke(Utils.java:34) at cucumber.runtime.java.JavaStepDefinition.execute(JavaStepDefinition.java:38) at cucumber.runtime.StepDefinitionMatch.runStep(StepDefinitionMatch.java:37) at cucumber.runtime.Runtime.runStep(Runtime.java:300) at cucumber.runtime.model.StepContainer.runStep(StepContainer.java:44) at cucumber.runtime.model.StepContainer.runSteps(StepContainer.java:39) at cucumber.runtime.model.CucumberScenario.run(CucumberScenario.java:44) at cucumber.runtime.junit.ExecutionUnitRunner.run(ExecutionUnitRunner.java:102) at cucumber.runtime.junit.FeatureRunner.runChild(FeatureRunner.java:63) at cucumber.runtime.junit.FeatureRunner.runChild(FeatureRunner.java:18) at org.junit.runners.ParentRunner$3.run(ParentRunner.java:238) at org.junit.runners.ParentRunner$1.schedule(ParentRunner.java:63) at org.junit.runners.ParentRunner.runChildren(ParentRunner.java:236) at org.junit.runners.ParentRunner.access$000(ParentRunner.java:53) at org.junit.runners.ParentRunner$2.evaluate(ParentRunner.java:229) at org.junit.runners.ParentRunner.run(ParentRunner.java:309) at cucumber.runtime.junit.FeatureRunner.run(FeatureRunner.java:70) at cucumber.api.junit.Cucumber.runChild(Cucumber.java:95) at cucumber.api.junit.Cucumber.runChild(Cucumber.java:38) at org.junit.runners.ParentRunner$3.run(ParentRunner.java:238) at org.junit.runners.ParentRunner$1.schedule(ParentRunner.java:63) at org.junit.runners.ParentRunner.runChildren(ParentRunner.java:236) at org.junit.runners.ParentRunner.access$000(ParentRunner.java:53) at org.junit.runners.ParentRunner$2.evaluate(ParentRunner.java:229) at org.junit.runners.ParentRunner.run(ParentRunner.java:309) at cucumber.api.junit.Cucumber.run(Cucumber.java:100) at org.junit.runner.JUnitCore.run(JUnitCore.java:160) at org.junit.runner.JUnitCore.run(JUnitCore.java:138) at org.testng.junit.JUnit4TestRunner.start(JUnit4TestRunner.java:81) at org.testng.junit.JUnit4TestRunner.run(JUnit4TestRunner.java:69) at org.testng.TestRunner$1.run(TestRunner.java:682) at org.testng.TestRunner.runWorkers(TestRunner.java:1005) at org.testng.TestRunner.privateRunJUnit(TestRunner.java:713) at org.testng.TestRunner.run(TestRunner.java:614) at org.testng.SuiteRunner.runTest(SuiteRunner.java:348) at org.testng.SuiteRunner.runSequentially(SuiteRunner.java:343) at org.testng.SuiteRunner.privateRun(SuiteRunner.java:305) at org.testng.SuiteRunner.run(SuiteRunner.java:254) at org.testng.SuiteRunnerWorker.runSuite(SuiteRunnerWorker.java:52) at org.testng.SuiteRunnerWorker.run(SuiteRunnerWorker.java:86) at org.testng.TestNG.runSuitesSequentially(TestNG.java:1224) at org.testng.TestNG.runSuitesLocally(TestNG.java:1149) at org.testng.TestNG.run(TestNG.java:1057) at org.apache.maven.surefire.testng.TestNGExecutor.run(TestNGExecutor.java:115) at org.apache.maven.surefire.testng.TestNGDirectoryTestSuite.executeSingleClass(TestNGDirectoryTestSuite.java:129) at org.apache.maven.surefire.testng.TestNGDirectoryTestSuite.execute(TestNGDirectoryTestSuite.java:113) at org.apache.maven.surefire.testng.TestNGProvider.invoke(TestNGProvider.java:111) at org.apache.maven.surefire.booter.ForkedBooter.invokeProviderInSameClassLoader(ForkedBooter.java:203) at org.apache.maven.surefire.booter.ForkedBooter.runSuitesInProcess(ForkedBooter.java:155) at org.apache.maven.surefire.booter.ForkedBooter.main(ForkedBooter.java:103) Caused by: org.apache.http.conn.HttpHostConnectException: Connect to 127.0.0.1:7055 [/127.0.0.1] failed: Connection refused: connect at org.apache.http.impl.conn.DefaultHttpClientConnectionOperator.connect(DefaultHttpClientConnectionOperator.java:158) at org.apache.http.impl.conn.PoolingHttpClientConnectionManager.connect(PoolingHttpClientConnectionManager.java:353) at org.apache.http.impl.execchain.MainClientExec.establishRoute(MainClientExec.java:380) at org.apache.http.impl.execchain.MainClientExec.execute(MainClientExec.java:236) at org.apache.http.impl.execchain.ProtocolExec.execute(ProtocolExec.java:184) at org.apache.http.impl.execchain.RetryExec.execute(RetryExec.java:88) at org.apache.http.impl.execchain.RedirectExec.execute(RedirectExec.java:110) at org.apache.http.impl.client.InternalHttpClient.doExecute(InternalHttpClient.java:184) at org.apache.http.impl.client.CloseableHttpClient.execute(CloseableHttpClient.java:71) at org.apache.http.impl.client.CloseableHttpClient.execute(CloseableHttpClient.java:55) at org.openqa.selenium.remote.internal.ApacheHttpClient.fallBackExecute(ApacheHttpClient.java:144) at org.openqa.selenium.remote.internal.ApacheHttpClient.execute(ApacheHttpClient.java:90) at org.openqa.selenium.remote.HttpCommandExecutor.execute(HttpCommandExecutor.java:142) at org.openqa.selenium.firefox.internal.NewProfileExtensionConnection.execute(NewProfileExtensionConnection.java:160) at org.openqa.selenium.firefox.FirefoxDriver$LazyCommandExecutor.execute(FirefoxDriver.java:380) at org.openqa.selenium.remote.RemoteWebDriver.execute(RemoteWebDriver.java:644) ... 66 more Caused by: java.net.ConnectException: Connection refused: connect at java.net.DualStackPlainSocketImpl.waitForConnect(Native Method) at java.net.DualStackPlainSocketImpl.socketConnect(DualStackPlainSocketImpl.java:85) at java.net.AbstractPlainSocketImpl.doConnect(AbstractPlainSocketImpl.java:350) at java.net.AbstractPlainSocketImpl.connectToAddress(AbstractPlainSocketImpl.java:206) at java.net.AbstractPlainSocketImpl.connect(AbstractPlainSocketImpl.java:188) at java.net.PlainSocketImpl.connect(PlainSocketImpl.java:172) at java.net.SocksSocketImpl.connect(SocksSocketImpl.java:392) at java.net.Socket.connect(Socket.java:589) at org.apache.http.conn.socket.PlainConnectionSocketFactory.connectSocket(PlainConnectionSocketFactory.java:74) at org.apache.http.impl.conn.DefaultHttpClientConnectionOperator.connect(DefaultHttpClientConnectionOperator.java:141) ... 81 more</td>
</tr>
</tbody>
</table>
<ul class='collapsible node-list' data-collapsible='accordion'>
</ul>
</div>
</div>
</li>
<li class='collection-item test displayed active fail ' extentid='8060b980-3638-4b01-b450-7e193c27a9be'>
<div class='test-head'>
<span class='test-name'>Import the model </span>
<span class='test-status label right outline capitalize fail'>fail</span>
<span class='category-assigned hide '></span>
</div>
<div class='test-body'>
<div class='test-info'>
<span title='Test started time' alt='Test started time' class='test-started-time label green lighten-1 text-white'>2018-08-22 22:04:08</span>
<span title='Test ended time' alt='Test ended time' class='test-ended-time label red lighten-1 text-white'>2018-08-22 22:04:12</span>
<span title='Time taken to finish' alt='Time taken to finish' class='test-time-taken label blue-grey lighten-3 text-white'>0h 0m 4s+0ms</span>
</div>
<div class='test-desc'></div>
<div class='test-attributes'>
</div>
<div class='test-steps'>
<table class='bordered table-results'>
<thead>
<tr>
<th>Status</th>
<th>Timestamp</th>
<th>Details</th>
</tr>
</thead>
<tbody>
<tr>
<td class='status fail' title='fail' alt='fail'><i class='mdi-navigation-cancel'></i></td>
<td class='timestamp'>22:04:09</td>
<td class='step-details'>user_navigate_to_the_model_import_window</td>
</tr>
<tr>
<td class='status fail' title='fail' alt='fail'><i class='mdi-navigation-cancel'></i></td>
<td class='timestamp'>22:04:09</td>
<td class='step-details'>org.openqa.selenium.remote.UnreachableBrowserException: Error communicating with the remote browser. It may have died. Build info: version: '2.53.1', revision: 'a36b8b1cd5757287168e54b817830adce9b0158d', time: '2016-06-30 19:26:09' System info: host: 'NIT-LPT-R015', ip: '192.168.0.5', os.name: 'Windows 8.1', os.arch: 'amd64', os.version: '6.3', java.version: '1.8.0_181' Driver info: driver.version: RemoteWebDriver Capabilities [{applicationCacheEnabled=true, rotatable=false, handlesAlerts=true, databaseEnabled=true, version=47.0.2, platform=WINDOWS, nativeEvents=false, acceptSslCerts=true, webStorageEnabled=true, locationContextEnabled=true, browserName=firefox, takesScreenshot=true, javascriptEnabled=true, cssSelectorsEnabled=true}] Session ID: 58071726-3dd2-4d85-b776-71ece2ef7095 at org.openqa.selenium.remote.RemoteWebDriver.execute(RemoteWebDriver.java:665) at org.openqa.selenium.remote.RemoteWebDriver.findElement(RemoteWebDriver.java:363) at org.openqa.selenium.remote.RemoteWebDriver.findElementByXPath(RemoteWebDriver.java:500) at org.openqa.selenium.By$ByXPath.findElement(By.java:361) at org.openqa.selenium.remote.RemoteWebDriver.findElement(RemoteWebDriver.java:355) at org.openqa.selenium.support.pagefactory.DefaultElementLocator.findElement(DefaultElementLocator.java:69) at org.openqa.selenium.support.pagefactory.internal.LocatingElementHandler.invoke(LocatingElementHandler.java:38) at com.sun.proxy.$Proxy15.isEnabled(Unknown Source) at com.WorkFitCompelte.core.Testfactory.clickAction(Testfactory.java:73) at com.WorkFitComplete.Pages.ModelImportFunctinalty.modeldropdown(ModelImportFunctinalty.java:46) at com.AccelareStepDefinations.ModelModule.user_navigate_to_the_model_import_window(ModelModule.java:171) at sun.reflect.NativeMethodAccessorImpl.invoke0(Native Method) at sun.reflect.NativeMethodAccessorImpl.invoke(NativeMethodAccessorImpl.java:62) at sun.reflect.DelegatingMethodAccessorImpl.invoke(DelegatingMethodAccessorImpl.java:43) at java.lang.reflect.Method.invoke(Method.java:498) at cucumber.runtime.Utils$1.call(Utils.java:40) at cucumber.runtime.Timeout.timeout(Timeout.java:16) at cucumber.runtime.Utils.invoke(Utils.java:34) at cucumber.runtime.java.JavaStepDefinition.execute(JavaStepDefinition.java:38) at cucumber.runtime.StepDefinitionMatch.runStep(StepDefinitionMatch.java:37) at cucumber.runtime.Runtime.runStep(Runtime.java:300) at cucumber.runtime.model.StepContainer.runStep(StepContainer.java:44) at cucumber.runtime.model.StepContainer.runSteps(StepContainer.java:39) at cucumber.runtime.model.CucumberScenario.run(CucumberScenario.java:44) at cucumber.runtime.junit.ExecutionUnitRunner.run(ExecutionUnitRunner.java:102) at cucumber.runtime.junit.FeatureRunner.runChild(FeatureRunner.java:63) at cucumber.runtime.junit.FeatureRunner.runChild(FeatureRunner.java:18) at org.junit.runners.ParentRunner$3.run(ParentRunner.java:238) at org.junit.runners.ParentRunner$1.schedule(ParentRunner.java:63) at org.junit.runners.ParentRunner.runChildren(ParentRunner.java:236) at org.junit.runners.ParentRunner.access$000(ParentRunner.java:53) at org.junit.runners.ParentRunner$2.evaluate(ParentRunner.java:229) at org.junit.runners.ParentRunner.run(ParentRunner.java:309) at cucumber.runtime.junit.FeatureRunner.run(FeatureRunner.java:70) at cucumber.api.junit.Cucumber.runChild(Cucumber.java:95) at cucumber.api.junit.Cucumber.runChild(Cucumber.java:38) at org.junit.runners.ParentRunner$3.run(ParentRunner.java:238) at org.junit.runners.ParentRunner$1.schedule(ParentRunner.java:63) at org.junit.runners.ParentRunner.runChildren(ParentRunner.java:236) at org.junit.runners.ParentRunner.access$000(ParentRunner.java:53) at org.junit.runners.ParentRunner$2.evaluate(ParentRunner.java:229) at org.junit.runners.ParentRunner.run(ParentRunner.java:309) at cucumber.api.junit.Cucumber.run(Cucumber.java:100) at org.junit.runner.JUnitCore.run(JUnitCore.java:160) at org.junit.runner.JUnitCore.run(JUnitCore.java:138) at org.testng.junit.JUnit4TestRunner.start(JUnit4TestRunner.java:81) at org.testng.junit.JUnit4TestRunner.run(JUnit4TestRunner.java:69) at org.testng.TestRunner$1.run(TestRunner.java:682) at org.testng.TestRunner.runWorkers(TestRunner.java:1005) at org.testng.TestRunner.privateRunJUnit(TestRunner.java:713) at org.testng.TestRunner.run(TestRunner.java:614) at org.testng.SuiteRunner.runTest(SuiteRunner.java:348) at org.testng.SuiteRunner.runSequentially(SuiteRunner.java:343) at org.testng.SuiteRunner.privateRun(SuiteRunner.java:305) at org.testng.SuiteRunner.run(SuiteRunner.java:254) at org.testng.SuiteRunnerWorker.runSuite(SuiteRunnerWorker.java:52) at org.testng.SuiteRunnerWorker.run(SuiteRunnerWorker.java:86) at org.testng.TestNG.runSuitesSequentially(TestNG.java:1224) at org.testng.TestNG.runSuitesLocally(TestNG.java:1149) at org.testng.TestNG.run(TestNG.java:1057) at org.apache.maven.surefire.testng.TestNGExecutor.run(TestNGExecutor.java:115) at org.apache.maven.surefire.testng.TestNGDirectoryTestSuite.executeSingleClass(TestNGDirectoryTestSuite.java:129) at org.apache.maven.surefire.testng.TestNGDirectoryTestSuite.execute(TestNGDirectoryTestSuite.java:113) at org.apache.maven.surefire.testng.TestNGProvider.invoke(TestNGProvider.java:111) at org.apache.maven.surefire.booter.ForkedBooter.invokeProviderInSameClassLoader(ForkedBooter.java:203) at org.apache.maven.surefire.booter.ForkedBooter.runSuitesInProcess(ForkedBooter.java:155) at org.apache.maven.surefire.booter.ForkedBooter.main(ForkedBooter.java:103) Caused by: org.apache.http.conn.HttpHostConnectException: Connect to 127.0.0.1:7055 [/127.0.0.1] failed: Connection refused: connect at org.apache.http.impl.conn.DefaultHttpClientConnectionOperator.connect(DefaultHttpClientConnectionOperator.java:158) at org.apache.http.impl.conn.PoolingHttpClientConnectionManager.connect(PoolingHttpClientConnectionManager.java:353) at org.apache.http.impl.execchain.MainClientExec.establishRoute(MainClientExec.java:380) at org.apache.http.impl.execchain.MainClientExec.execute(MainClientExec.java:236) at org.apache.http.impl.execchain.ProtocolExec.execute(ProtocolExec.java:184) at org.apache.http.impl.execchain.RetryExec.execute(RetryExec.java:88) at org.apache.http.impl.execchain.RedirectExec.execute(RedirectExec.java:110) at org.apache.http.impl.client.InternalHttpClient.doExecute(InternalHttpClient.java:184) at org.apache.http.impl.client.CloseableHttpClient.execute(CloseableHttpClient.java:71) at org.apache.http.impl.client.CloseableHttpClient.execute(CloseableHttpClient.java:55) at org.openqa.selenium.remote.internal.ApacheHttpClient.fallBackExecute(ApacheHttpClient.java:144) at org.openqa.selenium.remote.internal.ApacheHttpClient.execute(ApacheHttpClient.java:90) at org.openqa.selenium.remote.HttpCommandExecutor.execute(HttpCommandExecutor.java:142) at org.openqa.selenium.firefox.internal.NewProfileExtensionConnection.execute(NewProfileExtensionConnection.java:160) at org.openqa.selenium.firefox.FirefoxDriver$LazyCommandExecutor.execute(FirefoxDriver.java:380) at org.openqa.selenium.remote.RemoteWebDriver.execute(RemoteWebDriver.java:644) ... 66 more Caused by: java.net.ConnectException: Connection refused: connect at java.net.DualStackPlainSocketImpl.waitForConnect(Native Method) at java.net.DualStackPlainSocketImpl.socketConnect(DualStackPlainSocketImpl.java:85) at java.net.AbstractPlainSocketImpl.doConnect(AbstractPlainSocketImpl.java:350) at java.net.AbstractPlainSocketImpl.connectToAddress(AbstractPlainSocketImpl.java:206) at java.net.AbstractPlainSocketImpl.connect(AbstractPlainSocketImpl.java:188) at java.net.PlainSocketImpl.connect(PlainSocketImpl.java:172) at java.net.SocksSocketImpl.connect(SocksSocketImpl.java:392) at java.net.Socket.connect(Socket.java:589) at org.apache.http.conn.socket.PlainConnectionSocketFactory.connectSocket(PlainConnectionSocketFactory.java:74) at org.apache.http.impl.conn.DefaultHttpClientConnectionOperator.connect(DefaultHttpClientConnectionOperator.java:141) ... 81 more</td>
</tr>
<tr>
<td class='status fail' title='fail' alt='fail'><i class='mdi-navigation-cancel'></i></td>
<td class='timestamp'>22:04:10</td>
<td class='step-details'>user_click_on_design_button</td>
</tr>
<tr>
<td class='status fail' title='fail' alt='fail'><i class='mdi-navigation-cancel'></i></td>
<td class='timestamp'>22:04:10</td>
<td class='step-details'>org.openqa.selenium.remote.UnreachableBrowserException: Error communicating with the remote browser. It may have died. Build info: version: '2.53.1', revision: 'a36b8b1cd5757287168e54b817830adce9b0158d', time: '2016-06-30 19:26:09' System info: host: 'NIT-LPT-R015', ip: '192.168.0.5', os.name: 'Windows 8.1', os.arch: 'amd64', os.version: '6.3', java.version: '1.8.0_181' Driver info: driver.version: RemoteWebDriver Capabilities [{applicationCacheEnabled=true, rotatable=false, handlesAlerts=true, databaseEnabled=true, version=47.0.2, platform=WINDOWS, nativeEvents=false, acceptSslCerts=true, webStorageEnabled=true, locationContextEnabled=true, browserName=firefox, takesScreenshot=true, javascriptEnabled=true, cssSelectorsEnabled=true}] Session ID: 58071726-3dd2-4d85-b776-71ece2ef7095 at org.openqa.selenium.remote.RemoteWebDriver.execute(RemoteWebDriver.java:665) at org.openqa.selenium.remote.RemoteWebDriver.findElement(RemoteWebDriver.java:363) at org.openqa.selenium.remote.RemoteWebDriver.findElementByXPath(RemoteWebDriver.java:500) at org.openqa.selenium.By$ByXPath.findElement(By.java:361) at org.openqa.selenium.remote.RemoteWebDriver.findElement(RemoteWebDriver.java:355) at org.openqa.selenium.support.pagefactory.DefaultElementLocator.findElement(DefaultElementLocator.java:69) at org.openqa.selenium.support.pagefactory.internal.LocatingElementHandler.invoke(LocatingElementHandler.java:38) at com.sun.proxy.$Proxy15.isEnabled(Unknown Source) at com.WorkFitCompelte.core.Testfactory.clickAction(Testfactory.java:73) at com.WorkFitComplete.Pages.ModelImportFunctinalty.clickOnDesignButton(ModelImportFunctinalty.java:58) at com.AccelareStepDefinations.ModelModule.user_click_on_design_button(ModelModule.java:189) at sun.reflect.NativeMethodAccessorImpl.invoke0(Native Method) at sun.reflect.NativeMethodAccessorImpl.invoke(NativeMethodAccessorImpl.java:62) at sun.reflect.DelegatingMethodAccessorImpl.invoke(DelegatingMethodAccessorImpl.java:43) at java.lang.reflect.Method.invoke(Method.java:498) at cucumber.runtime.Utils$1.call(Utils.java:40) at cucumber.runtime.Timeout.timeout(Timeout.java:16) at cucumber.runtime.Utils.invoke(Utils.java:34) at cucumber.runtime.java.JavaStepDefinition.execute(JavaStepDefinition.java:38) at cucumber.runtime.StepDefinitionMatch.runStep(StepDefinitionMatch.java:37) at cucumber.runtime.Runtime.runStep(Runtime.java:300) at cucumber.runtime.model.StepContainer.runStep(StepContainer.java:44) at cucumber.runtime.model.StepContainer.runSteps(StepContainer.java:39) at cucumber.runtime.model.CucumberScenario.run(CucumberScenario.java:44) at cucumber.runtime.junit.ExecutionUnitRunner.run(ExecutionUnitRunner.java:102) at cucumber.runtime.junit.FeatureRunner.runChild(FeatureRunner.java:63) at cucumber.runtime.junit.FeatureRunner.runChild(FeatureRunner.java:18) at org.junit.runners.ParentRunner$3.run(ParentRunner.java:238) at org.junit.runners.ParentRunner$1.schedule(ParentRunner.java:63) at org.junit.runners.ParentRunner.runChildren(ParentRunner.java:236) at org.junit.runners.ParentRunner.access$000(ParentRunner.java:53) at org.junit.runners.ParentRunner$2.evaluate(ParentRunner.java:229) at org.junit.runners.ParentRunner.run(ParentRunner.java:309) at cucumber.runtime.junit.FeatureRunner.run(FeatureRunner.java:70) at cucumber.api.junit.Cucumber.runChild(Cucumber.java:95) at cucumber.api.junit.Cucumber.runChild(Cucumber.java:38) at org.junit.runners.ParentRunner$3.run(ParentRunner.java:238) at org.junit.runners.ParentRunner$1.schedule(ParentRunner.java:63) at org.junit.runners.ParentRunner.runChildren(ParentRunner.java:236) at org.junit.runners.ParentRunner.access$000(ParentRunner.java:53) at org.junit.runners.ParentRunner$2.evaluate(ParentRunner.java:229) at org.junit.runners.ParentRunner.run(ParentRunner.java:309) at cucumber.api.junit.Cucumber.run(Cucumber.java:100) at org.junit.runner.JUnitCore.run(JUnitCore.java:160) at org.junit.runner.JUnitCore.run(JUnitCore.java:138) at org.testng.junit.JUnit4TestRunner.start(JUnit4TestRunner.java:81) at org.testng.junit.JUnit4TestRunner.run(JUnit4TestRunner.java:69) at org.testng.TestRunner$1.run(TestRunner.java:682) at org.testng.TestRunner.runWorkers(TestRunner.java:1005) at org.testng.TestRunner.privateRunJUnit(TestRunner.java:713) at org.testng.TestRunner.run(TestRunner.java:614) at org.testng.SuiteRunner.runTest(SuiteRunner.java:348) at org.testng.SuiteRunner.runSequentially(SuiteRunner.java:343) at org.testng.SuiteRunner.privateRun(SuiteRunner.java:305) at org.testng.SuiteRunner.run(SuiteRunner.java:254) at org.testng.SuiteRunnerWorker.runSuite(SuiteRunnerWorker.java:52) at org.testng.SuiteRunnerWorker.run(SuiteRunnerWorker.java:86) at org.testng.TestNG.runSuitesSequentially(TestNG.java:1224) at org.testng.TestNG.runSuitesLocally(TestNG.java:1149) at org.testng.TestNG.run(TestNG.java:1057) at org.apache.maven.surefire.testng.TestNGExecutor.run(TestNGExecutor.java:115) at org.apache.maven.surefire.testng.TestNGDirectoryTestSuite.executeSingleClass(TestNGDirectoryTestSuite.java:129) at org.apache.maven.surefire.testng.TestNGDirectoryTestSuite.execute(TestNGDirectoryTestSuite.java:113) at org.apache.maven.surefire.testng.TestNGProvider.invoke(TestNGProvider.java:111) at org.apache.maven.surefire.booter.ForkedBooter.invokeProviderInSameClassLoader(ForkedBooter.java:203) at org.apache.maven.surefire.booter.ForkedBooter.runSuitesInProcess(ForkedBooter.java:155) at org.apache.maven.surefire.booter.ForkedBooter.main(ForkedBooter.java:103) Caused by: org.apache.http.conn.HttpHostConnectException: Connect to 127.0.0.1:7055 [/127.0.0.1] failed: Connection refused: connect at org.apache.http.impl.conn.DefaultHttpClientConnectionOperator.connect(DefaultHttpClientConnectionOperator.java:158) at org.apache.http.impl.conn.PoolingHttpClientConnectionManager.connect(PoolingHttpClientConnectionManager.java:353) at org.apache.http.impl.execchain.MainClientExec.establishRoute(MainClientExec.java:380) at org.apache.http.impl.execchain.MainClientExec.execute(MainClientExec.java:236) at org.apache.http.impl.execchain.ProtocolExec.execute(ProtocolExec.java:184) at org.apache.http.impl.execchain.RetryExec.execute(RetryExec.java:88) at org.apache.http.impl.execchain.RedirectExec.execute(RedirectExec.java:110) at org.apache.http.impl.client.InternalHttpClient.doExecute(InternalHttpClient.java:184) at org.apache.http.impl.client.CloseableHttpClient.execute(CloseableHttpClient.java:71) at org.apache.http.impl.client.CloseableHttpClient.execute(CloseableHttpClient.java:55) at org.openqa.selenium.remote.internal.ApacheHttpClient.fallBackExecute(ApacheHttpClient.java:144) at org.openqa.selenium.remote.internal.ApacheHttpClient.execute(ApacheHttpClient.java:90) at org.openqa.selenium.remote.HttpCommandExecutor.execute(HttpCommandExecutor.java:142) at org.openqa.selenium.firefox.internal.NewProfileExtensionConnection.execute(NewProfileExtensionConnection.java:160) at org.openqa.selenium.firefox.FirefoxDriver$LazyCommandExecutor.execute(FirefoxDriver.java:380) at org.openqa.selenium.remote.RemoteWebDriver.execute(RemoteWebDriver.java:644) ... 66 more Caused by: java.net.ConnectException: Connection refused: connect at java.net.DualStackPlainSocketImpl.waitForConnect(Native Method) at java.net.DualStackPlainSocketImpl.socketConnect(DualStackPlainSocketImpl.java:85) at java.net.AbstractPlainSocketImpl.doConnect(AbstractPlainSocketImpl.java:350) at java.net.AbstractPlainSocketImpl.connectToAddress(AbstractPlainSocketImpl.java:206) at java.net.AbstractPlainSocketImpl.connect(AbstractPlainSocketImpl.java:188) at java.net.PlainSocketImpl.connect(PlainSocketImpl.java:172) at java.net.SocksSocketImpl.connect(SocksSocketImpl.java:392) at java.net.Socket.connect(Socket.java:589) at org.apache.http.conn.socket.PlainConnectionSocketFactory.connectSocket(PlainConnectionSocketFactory.java:74) at org.apache.http.impl.conn.DefaultHttpClientConnectionOperator.connect(DefaultHttpClientConnectionOperator.java:141) ... 81 more</td>
</tr>
<tr>
<td class='status fail' title='fail' alt='fail'><i class='mdi-navigation-cancel'></i></td>
<td class='timestamp'>22:04:11</td>
<td class='step-details'>user_is_able_to_upload_the_model</td>
</tr>
<tr>
<td class='status fail' title='fail' alt='fail'><i class='mdi-navigation-cancel'></i></td>
<td class='timestamp'>22:04:11</td>
<td class='step-details'>org.openqa.selenium.remote.UnreachableBrowserException: Error communicating with the remote browser. It may have died. Build info: version: '2.53.1', revision: 'a36b8b1cd5757287168e54b817830adce9b0158d', time: '2016-06-30 19:26:09' System info: host: 'NIT-LPT-R015', ip: '192.168.0.5', os.name: 'Windows 8.1', os.arch: 'amd64', os.version: '6.3', java.version: '1.8.0_181' Driver info: driver.version: RemoteWebDriver Capabilities [{applicationCacheEnabled=true, rotatable=false, handlesAlerts=true, databaseEnabled=true, version=47.0.2, platform=WINDOWS, nativeEvents=false, acceptSslCerts=true, webStorageEnabled=true, locationContextEnabled=true, browserName=firefox, takesScreenshot=true, javascriptEnabled=true, cssSelectorsEnabled=true}] Session ID: 58071726-3dd2-4d85-b776-71ece2ef7095 at org.openqa.selenium.remote.RemoteWebDriver.execute(RemoteWebDriver.java:665) at org.openqa.selenium.remote.RemoteWebDriver.findElement(RemoteWebDriver.java:363) at org.openqa.selenium.remote.RemoteWebDriver.findElementByXPath(RemoteWebDriver.java:500) at org.openqa.selenium.By$ByXPath.findElement(By.java:361) at org.openqa.selenium.remote.RemoteWebDriver.findElement(RemoteWebDriver.java:355) at org.openqa.selenium.support.pagefactory.DefaultElementLocator.findElement(DefaultElementLocator.java:69) at org.openqa.selenium.support.pagefactory.internal.LocatingElementHandler.invoke(LocatingElementHandler.java:38) at com.sun.proxy.$Proxy15.isDisplayed(Unknown Source) at com.WorkFitComplete.Pages.ModelImportFunctinalty.validateImport(ModelImportFunctinalty.java:99) at com.AccelareStepDefinations.ModelModule.user_is_able_to_upload_the_model(ModelModule.java:207) at sun.reflect.NativeMethodAccessorImpl.invoke0(Native Method) at sun.reflect.NativeMethodAccessorImpl.invoke(NativeMethodAccessorImpl.java:62) at sun.reflect.DelegatingMethodAccessorImpl.invoke(DelegatingMethodAccessorImpl.java:43) at java.lang.reflect.Method.invoke(Method.java:498) at cucumber.runtime.Utils$1.call(Utils.java:40) at cucumber.runtime.Timeout.timeout(Timeout.java:16) at cucumber.runtime.Utils.invoke(Utils.java:34) at cucumber.runtime.java.JavaStepDefinition.execute(JavaStepDefinition.java:38) at cucumber.runtime.StepDefinitionMatch.runStep(StepDefinitionMatch.java:37) at cucumber.runtime.Runtime.runStep(Runtime.java:300) at cucumber.runtime.model.StepContainer.runStep(StepContainer.java:44) at cucumber.runtime.model.StepContainer.runSteps(StepContainer.java:39) at cucumber.runtime.model.CucumberScenario.run(CucumberScenario.java:44) at cucumber.runtime.junit.ExecutionUnitRunner.run(ExecutionUnitRunner.java:102) at cucumber.runtime.junit.FeatureRunner.runChild(FeatureRunner.java:63) at cucumber.runtime.junit.FeatureRunner.runChild(FeatureRunner.java:18) at org.junit.runners.ParentRunner$3.run(ParentRunner.java:238) at org.junit.runners.ParentRunner$1.schedule(ParentRunner.java:63) at org.junit.runners.ParentRunner.runChildren(ParentRunner.java:236) at org.junit.runners.ParentRunner.access$000(ParentRunner.java:53) at org.junit.runners.ParentRunner$2.evaluate(ParentRunner.java:229) at org.junit.runners.ParentRunner.run(ParentRunner.java:309) at cucumber.runtime.junit.FeatureRunner.run(FeatureRunner.java:70) at cucumber.api.junit.Cucumber.runChild(Cucumber.java:95) at cucumber.api.junit.Cucumber.runChild(Cucumber.java:38) at org.junit.runners.ParentRunner$3.run(ParentRunner.java:238) at org.junit.runners.ParentRunner$1.schedule(ParentRunner.java:63) at org.junit.runners.ParentRunner.runChildren(ParentRunner.java:236) at org.junit.runners.ParentRunner.access$000(ParentRunner.java:53) at org.junit.runners.ParentRunner$2.evaluate(ParentRunner.java:229) at org.junit.runners.ParentRunner.run(ParentRunner.java:309) at cucumber.api.junit.Cucumber.run(Cucumber.java:100) at org.junit.runner.JUnitCore.run(JUnitCore.java:160) at org.junit.runner.JUnitCore.run(JUnitCore.java:138) at org.testng.junit.JUnit4TestRunner.start(JUnit4TestRunner.java:81) at org.testng.junit.JUnit4TestRunner.run(JUnit4TestRunner.java:69) at org.testng.TestRunner$1.run(TestRunner.java:682) at org.testng.TestRunner.runWorkers(TestRunner.java:1005) at org.testng.TestRunner.privateRunJUnit(TestRunner.java:713) at org.testng.TestRunner.run(TestRunner.java:614) at org.testng.SuiteRunner.runTest(SuiteRunner.java:348) at org.testng.SuiteRunner.runSequentially(SuiteRunner.java:343) at org.testng.SuiteRunner.privateRun(SuiteRunner.java:305) at org.testng.SuiteRunner.run(SuiteRunner.java:254) at org.testng.SuiteRunnerWorker.runSuite(SuiteRunnerWorker.java:52) at org.testng.SuiteRunnerWorker.run(SuiteRunnerWorker.java:86) at org.testng.TestNG.runSuitesSequentially(TestNG.java:1224) at org.testng.TestNG.runSuitesLocally(TestNG.java:1149) at org.testng.TestNG.run(TestNG.java:1057) at org.apache.maven.surefire.testng.TestNGExecutor.run(TestNGExecutor.java:115) at org.apache.maven.surefire.testng.TestNGDirectoryTestSuite.executeSingleClass(TestNGDirectoryTestSuite.java:129) at org.apache.maven.surefire.testng.TestNGDirectoryTestSuite.execute(TestNGDirectoryTestSuite.java:113) at org.apache.maven.surefire.testng.TestNGProvider.invoke(TestNGProvider.java:111) at org.apache.maven.surefire.booter.ForkedBooter.invokeProviderInSameClassLoader(ForkedBooter.java:203) at org.apache.maven.surefire.booter.ForkedBooter.runSuitesInProcess(ForkedBooter.java:155) at org.apache.maven.surefire.booter.ForkedBooter.main(ForkedBooter.java:103) Caused by: org.apache.http.conn.HttpHostConnectException: Connect to 127.0.0.1:7055 [/127.0.0.1] failed: Connection refused: connect at org.apache.http.impl.conn.DefaultHttpClientConnectionOperator.connect(DefaultHttpClientConnectionOperator.java:158) at org.apache.http.impl.conn.PoolingHttpClientConnectionManager.connect(PoolingHttpClientConnectionManager.java:353) at org.apache.http.impl.execchain.MainClientExec.establishRoute(MainClientExec.java:380) at org.apache.http.impl.execchain.MainClientExec.execute(MainClientExec.java:236) at org.apache.http.impl.execchain.ProtocolExec.execute(ProtocolExec.java:184) at org.apache.http.impl.execchain.RetryExec.execute(RetryExec.java:88) at org.apache.http.impl.execchain.RedirectExec.execute(RedirectExec.java:110) at org.apache.http.impl.client.InternalHttpClient.doExecute(InternalHttpClient.java:184) at org.apache.http.impl.client.CloseableHttpClient.execute(CloseableHttpClient.java:71) at org.apache.http.impl.client.CloseableHttpClient.execute(CloseableHttpClient.java:55) at org.openqa.selenium.remote.internal.ApacheHttpClient.fallBackExecute(ApacheHttpClient.java:144) at org.openqa.selenium.remote.internal.ApacheHttpClient.execute(ApacheHttpClient.java:90) at org.openqa.selenium.remote.HttpCommandExecutor.execute(HttpCommandExecutor.java:142) at org.openqa.selenium.firefox.internal.NewProfileExtensionConnection.execute(NewProfileExtensionConnection.java:160) at org.openqa.selenium.firefox.FirefoxDriver$LazyCommandExecutor.execute(FirefoxDriver.java:380) at org.openqa.selenium.remote.RemoteWebDriver.execute(RemoteWebDriver.java:644) ... 65 more Caused by: java.net.ConnectException: Connection refused: connect at java.net.DualStackPlainSocketImpl.waitForConnect(Native Method) at java.net.DualStackPlainSocketImpl.socketConnect(DualStackPlainSocketImpl.java:85) at java.net.AbstractPlainSocketImpl.doConnect(AbstractPlainSocketImpl.java:350) at java.net.AbstractPlainSocketImpl.connectToAddress(AbstractPlainSocketImpl.java:206) at java.net.AbstractPlainSocketImpl.connect(AbstractPlainSocketImpl.java:188) at java.net.PlainSocketImpl.connect(PlainSocketImpl.java:172) at java.net.SocksSocketImpl.connect(SocksSocketImpl.java:392) at java.net.Socket.connect(Socket.java:589) at org.apache.http.conn.socket.PlainConnectionSocketFactory.connectSocket(PlainConnectionSocketFactory.java:74) at org.apache.http.impl.conn.DefaultHttpClientConnectionOperator.connect(DefaultHttpClientConnectionOperator.java:141) ... 80 more</td>
</tr>
<tr>
<td class='status fail' title='fail' alt='fail'><i class='mdi-navigation-cancel'></i></td>
<td class='timestamp'>22:04:12</td>
<td class='step-details'>Click_on_verify_app_testing_page</td>
</tr>
<tr>
<td class='status fail' title='fail' alt='fail'><i class='mdi-navigation-cancel'></i></td>
<td class='timestamp'>22:04:12</td>
<td class='step-details'>org.openqa.selenium.remote.UnreachableBrowserException: Error communicating with the remote browser. It may have died. Build info: version: '2.53.1', revision: 'a36b8b1cd5757287168e54b817830adce9b0158d', time: '2016-06-30 19:26:09' System info: host: 'NIT-LPT-R015', ip: '192.168.0.5', os.name: 'Windows 8.1', os.arch: 'amd64', os.version: '6.3', java.version: '1.8.0_181' Driver info: driver.version: RemoteWebDriver Capabilities [{applicationCacheEnabled=true, rotatable=false, handlesAlerts=true, databaseEnabled=true, version=47.0.2, platform=WINDOWS, nativeEvents=false, acceptSslCerts=true, webStorageEnabled=true, locationContextEnabled=true, browserName=firefox, takesScreenshot=true, javascriptEnabled=true, cssSelectorsEnabled=true}] Session ID: 58071726-3dd2-4d85-b776-71ece2ef7095 at org.openqa.selenium.remote.RemoteWebDriver.execute(RemoteWebDriver.java:665) at org.openqa.selenium.remote.RemoteWebDriver.findElement(RemoteWebDriver.java:363) at org.openqa.selenium.remote.RemoteWebDriver.findElementByXPath(RemoteWebDriver.java:500) at org.openqa.selenium.By$ByXPath.findElement(By.java:361) at org.openqa.selenium.remote.RemoteWebDriver.findElement(RemoteWebDriver.java:355) at org.openqa.selenium.support.pagefactory.DefaultElementLocator.findElement(DefaultElementLocator.java:69) at org.openqa.selenium.support.pagefactory.internal.LocatingElementHandler.invoke(LocatingElementHandler.java:38) at com.sun.proxy.$Proxy15.isEnabled(Unknown Source) at com.WorkFitCompelte.core.Testfactory.clickAction(Testfactory.java:73) at com.WorkFitComplete.Pages.WorkFitCompleteHomePage.click_on_AppTesting_page(WorkFitCompleteHomePage.java:112) at com.AccelareStepDefinations.ModelModule.Click_on_verify_app_testing_page(ModelModule.java:92) at sun.reflect.NativeMethodAccessorImpl.invoke0(Native Method) at sun.reflect.NativeMethodAccessorImpl.invoke(NativeMethodAccessorImpl.java:62) at sun.reflect.DelegatingMethodAccessorImpl.invoke(DelegatingMethodAccessorImpl.java:43) at java.lang.reflect.Method.invoke(Method.java:498) at cucumber.runtime.Utils$1.call(Utils.java:40) at cucumber.runtime.Timeout.timeout(Timeout.java:16) at cucumber.runtime.Utils.invoke(Utils.java:34) at cucumber.runtime.java.JavaStepDefinition.execute(JavaStepDefinition.java:38) at cucumber.runtime.StepDefinitionMatch.runStep(StepDefinitionMatch.java:37) at cucumber.runtime.Runtime.runStep(Runtime.java:300) at cucumber.runtime.model.StepContainer.runStep(StepContainer.java:44) at cucumber.runtime.model.StepContainer.runSteps(StepContainer.java:39) at cucumber.runtime.model.CucumberScenario.run(CucumberScenario.java:44) at cucumber.runtime.junit.ExecutionUnitRunner.run(ExecutionUnitRunner.java:102) at cucumber.runtime.junit.FeatureRunner.runChild(FeatureRunner.java:63) at cucumber.runtime.junit.FeatureRunner.runChild(FeatureRunner.java:18) at org.junit.runners.ParentRunner$3.run(ParentRunner.java:238) at org.junit.runners.ParentRunner$1.schedule(ParentRunner.java:63) at org.junit.runners.ParentRunner.runChildren(ParentRunner.java:236) at org.junit.runners.ParentRunner.access$000(ParentRunner.java:53) at org.junit.runners.ParentRunner$2.evaluate(ParentRunner.java:229) at org.junit.runners.ParentRunner.run(ParentRunner.java:309) at cucumber.runtime.junit.FeatureRunner.run(FeatureRunner.java:70) at cucumber.api.junit.Cucumber.runChild(Cucumber.java:95) at cucumber.api.junit.Cucumber.runChild(Cucumber.java:38) at org.junit.runners.ParentRunner$3.run(ParentRunner.java:238) at org.junit.runners.ParentRunner$1.schedule(ParentRunner.java:63) at org.junit.runners.ParentRunner.runChildren(ParentRunner.java:236) at org.junit.runners.ParentRunner.access$000(ParentRunner.java:53) at org.junit.runners.ParentRunner$2.evaluate(ParentRunner.java:229) at org.junit.runners.ParentRunner.run(ParentRunner.java:309) at cucumber.api.junit.Cucumber.run(Cucumber.java:100) at org.junit.runner.JUnitCore.run(JUnitCore.java:160) at org.junit.runner.JUnitCore.run(JUnitCore.java:138) at org.testng.junit.JUnit4TestRunner.start(JUnit4TestRunner.java:81) at org.testng.junit.JUnit4TestRunner.run(JUnit4TestRunner.java:69) at org.testng.TestRunner$1.run(TestRunner.java:682) at org.testng.TestRunner.runWorkers(TestRunner.java:1005) at org.testng.TestRunner.privateRunJUnit(TestRunner.java:713) at org.testng.TestRunner.run(TestRunner.java:614) at org.testng.SuiteRunner.runTest(SuiteRunner.java:348) at org.testng.SuiteRunner.runSequentially(SuiteRunner.java:343) at org.testng.SuiteRunner.privateRun(SuiteRunner.java:305) at org.testng.SuiteRunner.run(SuiteRunner.java:254) at org.testng.SuiteRunnerWorker.runSuite(SuiteRunnerWorker.java:52) at org.testng.SuiteRunnerWorker.run(SuiteRunnerWorker.java:86) at org.testng.TestNG.runSuitesSequentially(TestNG.java:1224) at org.testng.TestNG.runSuitesLocally(TestNG.java:1149) at org.testng.TestNG.run(TestNG.java:1057) at org.apache.maven.surefire.testng.TestNGExecutor.run(TestNGExecutor.java:115) at org.apache.maven.surefire.testng.TestNGDirectoryTestSuite.executeSingleClass(TestNGDirectoryTestSuite.java:129) at org.apache.maven.surefire.testng.TestNGDirectoryTestSuite.execute(TestNGDirectoryTestSuite.java:113) at org.apache.maven.surefire.testng.TestNGProvider.invoke(TestNGProvider.java:111) at org.apache.maven.surefire.booter.ForkedBooter.invokeProviderInSameClassLoader(ForkedBooter.java:203) at org.apache.maven.surefire.booter.ForkedBooter.runSuitesInProcess(ForkedBooter.java:155) at org.apache.maven.surefire.booter.ForkedBooter.main(ForkedBooter.java:103) Caused by: org.apache.http.conn.HttpHostConnectException: Connect to 127.0.0.1:7055 [/127.0.0.1] failed: Connection refused: connect at org.apache.http.impl.conn.DefaultHttpClientConnectionOperator.connect(DefaultHttpClientConnectionOperator.java:158) at org.apache.http.impl.conn.PoolingHttpClientConnectionManager.connect(PoolingHttpClientConnectionManager.java:353) at org.apache.http.impl.execchain.MainClientExec.establishRoute(MainClientExec.java:380) at org.apache.http.impl.execchain.MainClientExec.execute(MainClientExec.java:236) at org.apache.http.impl.execchain.ProtocolExec.execute(ProtocolExec.java:184) at org.apache.http.impl.execchain.RetryExec.execute(RetryExec.java:88) at org.apache.http.impl.execchain.RedirectExec.execute(RedirectExec.java:110) at org.apache.http.impl.client.InternalHttpClient.doExecute(InternalHttpClient.java:184) at org.apache.http.impl.client.CloseableHttpClient.execute(CloseableHttpClient.java:71) at org.apache.http.impl.client.CloseableHttpClient.execute(CloseableHttpClient.java:55) at org.openqa.selenium.remote.internal.ApacheHttpClient.fallBackExecute(ApacheHttpClient.java:144) at org.openqa.selenium.remote.internal.ApacheHttpClient.execute(ApacheHttpClient.java:90) at org.openqa.selenium.remote.HttpCommandExecutor.execute(HttpCommandExecutor.java:142) at org.openqa.selenium.firefox.internal.NewProfileExtensionConnection.execute(NewProfileExtensionConnection.java:160) at org.openqa.selenium.firefox.FirefoxDriver$LazyCommandExecutor.execute(FirefoxDriver.java:380) at org.openqa.selenium.remote.RemoteWebDriver.execute(RemoteWebDriver.java:644) ... 66 more Caused by: java.net.ConnectException: Connection refused: connect at java.net.DualStackPlainSocketImpl.waitForConnect(Native Method) at java.net.DualStackPlainSocketImpl.socketConnect(DualStackPlainSocketImpl.java:85) at java.net.AbstractPlainSocketImpl.doConnect(AbstractPlainSocketImpl.java:350) at java.net.AbstractPlainSocketImpl.connectToAddress(AbstractPlainSocketImpl.java:206) at java.net.AbstractPlainSocketImpl.connect(AbstractPlainSocketImpl.java:188) at java.net.PlainSocketImpl.connect(PlainSocketImpl.java:172) at java.net.SocksSocketImpl.connect(SocksSocketImpl.java:392) at java.net.Socket.connect(Socket.java:589) at org.apache.http.conn.socket.PlainConnectionSocketFactory.connectSocket(PlainConnectionSocketFactory.java:74) at org.apache.http.impl.conn.DefaultHttpClientConnectionOperator.connect(DefaultHttpClientConnectionOperator.java:141) ... 81 more</td>
</tr>
</tbody>
</table>
<ul class='collapsible node-list' data-collapsible='accordion'>
</ul>
</div>
</div>
</li>
<li class='collection-item test displayed active fail ' extentid='74ea635a-1ead-432c-b25c-c7df67e5b137'>
<div class='test-head'>
<span class='test-name'>Export the model </span>
<span class='test-status label right outline capitalize fail'>fail</span>
<span class='category-assigned hide '></span>
</div>
<div class='test-body'>
<div class='test-info'>
<span title='Test started time' alt='Test started time' class='test-started-time label green lighten-1 text-white'>2018-08-22 22:04:13</span>
<span title='Test ended time' alt='Test ended time' class='test-ended-time label red lighten-1 text-white'>2018-08-22 22:04:17</span>
<span title='Time taken to finish' alt='Time taken to finish' class='test-time-taken label blue-grey lighten-3 text-white'>0h 0m 4s+0ms</span>
</div>
<div class='test-desc'></div>
<div class='test-attributes'>
</div>
<div class='test-steps'>
<table class='bordered table-results'>
<thead>
<tr>
<th>Status</th>
<th>Timestamp</th>
<th>Details</th>
</tr>
</thead>
<tbody>
<tr>
<td class='status fail' title='fail' alt='fail'><i class='mdi-navigation-cancel'></i></td>
<td class='timestamp'>22:04:14</td>
<td class='step-details'>user_navigate_to_the_model_export_window</td>
</tr>
<tr>
<td class='status fail' title='fail' alt='fail'><i class='mdi-navigation-cancel'></i></td>
<td class='timestamp'>22:04:14</td>
<td class='step-details'>org.openqa.selenium.remote.UnreachableBrowserException: Error communicating with the remote browser. It may have died. Build info: version: '2.53.1', revision: 'a36b8b1cd5757287168e54b817830adce9b0158d', time: '2016-06-30 19:26:09' System info: host: 'NIT-LPT-R015', ip: '192.168.0.5', os.name: 'Windows 8.1', os.arch: 'amd64', os.version: '6.3', java.version: '1.8.0_181' Driver info: driver.version: RemoteWebDriver Capabilities [{applicationCacheEnabled=true, rotatable=false, handlesAlerts=true, databaseEnabled=true, version=47.0.2, platform=WINDOWS, nativeEvents=false, acceptSslCerts=true, webStorageEnabled=true, locationContextEnabled=true, browserName=firefox, takesScreenshot=true, javascriptEnabled=true, cssSelectorsEnabled=true}] Session ID: 58071726-3dd2-4d85-b776-71ece2ef7095 at org.openqa.selenium.remote.RemoteWebDriver.execute(RemoteWebDriver.java:665) at org.openqa.selenium.remote.RemoteWebDriver.findElement(RemoteWebDriver.java:363) at org.openqa.selenium.remote.RemoteWebDriver.findElementByXPath(RemoteWebDriver.java:500) at org.openqa.selenium.By$ByXPath.findElement(By.java:361) at org.openqa.selenium.remote.RemoteWebDriver.findElement(RemoteWebDriver.java:355) at org.openqa.selenium.support.pagefactory.DefaultElementLocator.findElement(DefaultElementLocator.java:69) at org.openqa.selenium.support.pagefactory.internal.LocatingElementHandler.invoke(LocatingElementHandler.java:38) at com.sun.proxy.$Proxy15.isEnabled(Unknown Source) at com.WorkFitCompelte.core.Testfactory.clickAction(Testfactory.java:73) at com.WorkFitComplete.Pages.WorkFitCompleteHomePage.clickOnMoreOptionLink(WorkFitCompleteHomePage.java:63) at com.AccelareStepDefinations.ModelModule.user_navigate_to_the_model_export_window(ModelModule.java:224) at sun.reflect.NativeMethodAccessorImpl.invoke0(Native Method) at sun.reflect.NativeMethodAccessorImpl.invoke(NativeMethodAccessorImpl.java:62) at sun.reflect.DelegatingMethodAccessorImpl.invoke(DelegatingMethodAccessorImpl.java:43) at java.lang.reflect.Method.invoke(Method.java:498) at cucumber.runtime.Utils$1.call(Utils.java:40) at cucumber.runtime.Timeout.timeout(Timeout.java:16) at cucumber.runtime.Utils.invoke(Utils.java:34) at cucumber.runtime.java.JavaStepDefinition.execute(JavaStepDefinition.java:38) at cucumber.runtime.StepDefinitionMatch.runStep(StepDefinitionMatch.java:37) at cucumber.runtime.Runtime.runStep(Runtime.java:300) at cucumber.runtime.model.StepContainer.runStep(StepContainer.java:44) at cucumber.runtime.model.StepContainer.runSteps(StepContainer.java:39) at cucumber.runtime.model.CucumberScenario.run(CucumberScenario.java:44) at cucumber.runtime.junit.ExecutionUnitRunner.run(ExecutionUnitRunner.java:102) at cucumber.runtime.junit.FeatureRunner.runChild(FeatureRunner.java:63) at cucumber.runtime.junit.FeatureRunner.runChild(FeatureRunner.java:18) at org.junit.runners.ParentRunner$3.run(ParentRunner.java:238) at org.junit.runners.ParentRunner$1.schedule(ParentRunner.java:63) at org.junit.runners.ParentRunner.runChildren(ParentRunner.java:236) at org.junit.runners.ParentRunner.access$000(ParentRunner.java:53) at org.junit.runners.ParentRunner$2.evaluate(ParentRunner.java:229) at org.junit.runners.ParentRunner.run(ParentRunner.java:309) at cucumber.runtime.junit.FeatureRunner.run(FeatureRunner.java:70) at cucumber.api.junit.Cucumber.runChild(Cucumber.java:95) at cucumber.api.junit.Cucumber.runChild(Cucumber.java:38) at org.junit.runners.ParentRunner$3.run(ParentRunner.java:238) at org.junit.runners.ParentRunner$1.schedule(ParentRunner.java:63) at org.junit.runners.ParentRunner.runChildren(ParentRunner.java:236) at org.junit.runners.ParentRunner.access$000(ParentRunner.java:53) at org.junit.runners.ParentRunner$2.evaluate(ParentRunner.java:229) at org.junit.runners.ParentRunner.run(ParentRunner.java:309) at cucumber.api.junit.Cucumber.run(Cucumber.java:100) at org.junit.runner.JUnitCore.run(JUnitCore.java:160) at org.junit.runner.JUnitCore.run(JUnitCore.java:138) at org.testng.junit.JUnit4TestRunner.start(JUnit4TestRunner.java:81) at org.testng.junit.JUnit4TestRunner.run(JUnit4TestRunner.java:69) at org.testng.TestRunner$1.run(TestRunner.java:682) at org.testng.TestRunner.runWorkers(TestRunner.java:1005) at org.testng.TestRunner.privateRunJUnit(TestRunner.java:713) at org.testng.TestRunner.run(TestRunner.java:614) at org.testng.SuiteRunner.runTest(SuiteRunner.java:348) at org.testng.SuiteRunner.runSequentially(SuiteRunner.java:343) at org.testng.SuiteRunner.privateRun(SuiteRunner.java:305) at org.testng.SuiteRunner.run(SuiteRunner.java:254) at org.testng.SuiteRunnerWorker.runSuite(SuiteRunnerWorker.java:52) at org.testng.SuiteRunnerWorker.run(SuiteRunnerWorker.java:86) at org.testng.TestNG.runSuitesSequentially(TestNG.java:1224) at org.testng.TestNG.runSuitesLocally(TestNG.java:1149) at org.testng.TestNG.run(TestNG.java:1057) at org.apache.maven.surefire.testng.TestNGExecutor.run(TestNGExecutor.java:115) at org.apache.maven.surefire.testng.TestNGDirectoryTestSuite.executeSingleClass(TestNGDirectoryTestSuite.java:129) at org.apache.maven.surefire.testng.TestNGDirectoryTestSuite.execute(TestNGDirectoryTestSuite.java:113) at org.apache.maven.surefire.testng.TestNGProvider.invoke(TestNGProvider.java:111) at org.apache.maven.surefire.booter.ForkedBooter.invokeProviderInSameClassLoader(ForkedBooter.java:203) at org.apache.maven.surefire.booter.ForkedBooter.runSuitesInProcess(ForkedBooter.java:155) at org.apache.maven.surefire.booter.ForkedBooter.main(ForkedBooter.java:103) Caused by: org.apache.http.conn.HttpHostConnectException: Connect to 127.0.0.1:7055 [/127.0.0.1] failed: Connection refused: connect at org.apache.http.impl.conn.DefaultHttpClientConnectionOperator.connect(DefaultHttpClientConnectionOperator.java:158) at org.apache.http.impl.conn.PoolingHttpClientConnectionManager.connect(PoolingHttpClientConnectionManager.java:353) at org.apache.http.impl.execchain.MainClientExec.establishRoute(MainClientExec.java:380) at org.apache.http.impl.execchain.MainClientExec.execute(MainClientExec.java:236) at org.apache.http.impl.execchain.ProtocolExec.execute(ProtocolExec.java:184) at org.apache.http.impl.execchain.RetryExec.execute(RetryExec.java:88) at org.apache.http.impl.execchain.RedirectExec.execute(RedirectExec.java:110) at org.apache.http.impl.client.InternalHttpClient.doExecute(InternalHttpClient.java:184) at org.apache.http.impl.client.CloseableHttpClient.execute(CloseableHttpClient.java:71) at org.apache.http.impl.client.CloseableHttpClient.execute(CloseableHttpClient.java:55) at org.openqa.selenium.remote.internal.ApacheHttpClient.fallBackExecute(ApacheHttpClient.java:144) at org.openqa.selenium.remote.internal.ApacheHttpClient.execute(ApacheHttpClient.java:90) at org.openqa.selenium.remote.HttpCommandExecutor.execute(HttpCommandExecutor.java:142) at org.openqa.selenium.firefox.internal.NewProfileExtensionConnection.execute(NewProfileExtensionConnection.java:160) at org.openqa.selenium.firefox.FirefoxDriver$LazyCommandExecutor.execute(FirefoxDriver.java:380) at org.openqa.selenium.remote.RemoteWebDriver.execute(RemoteWebDriver.java:644) ... 66 more Caused by: java.net.ConnectException: Connection refused: connect at java.net.DualStackPlainSocketImpl.waitForConnect(Native Method) at java.net.DualStackPlainSocketImpl.socketConnect(DualStackPlainSocketImpl.java:85) at java.net.AbstractPlainSocketImpl.doConnect(AbstractPlainSocketImpl.java:350) at java.net.AbstractPlainSocketImpl.connectToAddress(AbstractPlainSocketImpl.java:206) at java.net.AbstractPlainSocketImpl.connect(AbstractPlainSocketImpl.java:188) at java.net.PlainSocketImpl.connect(PlainSocketImpl.java:172) at java.net.SocksSocketImpl.connect(SocksSocketImpl.java:392) at java.net.Socket.connect(Socket.java:589) at org.apache.http.conn.socket.PlainConnectionSocketFactory.connectSocket(PlainConnectionSocketFactory.java:74) at org.apache.http.impl.conn.DefaultHttpClientConnectionOperator.connect(DefaultHttpClientConnectionOperator.java:141) ... 81 more</td>
</tr>
<tr>
<td class='status fail' title='fail' alt='fail'><i class='mdi-navigation-cancel'></i></td>
<td class='timestamp'>22:04:15</td>
<td class='step-details'>user_click_on_Export_button</td>
</tr>
<tr>
<td class='status fail' title='fail' alt='fail'><i class='mdi-navigation-cancel'></i></td>
<td class='timestamp'>22:04:15</td>
<td class='step-details'>org.openqa.selenium.remote.UnreachableBrowserException: Error communicating with the remote browser. It may have died. Build info: version: '2.53.1', revision: 'a36b8b1cd5757287168e54b817830adce9b0158d', time: '2016-06-30 19:26:09' System info: host: 'NIT-LPT-R015', ip: '192.168.0.5', os.name: 'Windows 8.1', os.arch: 'amd64', os.version: '6.3', java.version: '1.8.0_181' Driver info: driver.version: RemoteWebDriver Capabilities [{applicationCacheEnabled=true, rotatable=false, handlesAlerts=true, databaseEnabled=true, version=47.0.2, platform=WINDOWS, nativeEvents=false, acceptSslCerts=true, webStorageEnabled=true, locationContextEnabled=true, browserName=firefox, takesScreenshot=true, javascriptEnabled=true, cssSelectorsEnabled=true}] Session ID: 58071726-3dd2-4d85-b776-71ece2ef7095 at org.openqa.selenium.remote.RemoteWebDriver.execute(RemoteWebDriver.java:665) at org.openqa.selenium.remote.RemoteWebDriver.findElement(RemoteWebDriver.java:363) at org.openqa.selenium.remote.RemoteWebDriver.findElementByXPath(RemoteWebDriver.java:500) at org.openqa.selenium.By$ByXPath.findElement(By.java:361) at org.openqa.selenium.remote.RemoteWebDriver.findElement(RemoteWebDriver.java:355) at org.openqa.selenium.support.pagefactory.DefaultElementLocator.findElement(DefaultElementLocator.java:69) at org.openqa.selenium.support.pagefactory.internal.LocatingElementHandler.invoke(LocatingElementHandler.java:38) at com.sun.proxy.$Proxy15.isEnabled(Unknown Source) at com.WorkFitCompelte.core.Testfactory.clickAction(Testfactory.java:73) at com.WorkFitComplete.Pages.WorkFitCompleteHomePage.exportFunctionality(WorkFitCompleteHomePage.java:84) at com.AccelareStepDefinations.ModelModule.user_click_on_Export_button(ModelModule.java:241) at sun.reflect.NativeMethodAccessorImpl.invoke0(Native Method) at sun.reflect.NativeMethodAccessorImpl.invoke(NativeMethodAccessorImpl.java:62) at sun.reflect.DelegatingMethodAccessorImpl.invoke(DelegatingMethodAccessorImpl.java:43) at java.lang.reflect.Method.invoke(Method.java:498) at cucumber.runtime.Utils$1.call(Utils.java:40) at cucumber.runtime.Timeout.timeout(Timeout.java:16) at cucumber.runtime.Utils.invoke(Utils.java:34) at cucumber.runtime.java.JavaStepDefinition.execute(JavaStepDefinition.java:38) at cucumber.runtime.StepDefinitionMatch.runStep(StepDefinitionMatch.java:37) at cucumber.runtime.Runtime.runStep(Runtime.java:300) at cucumber.runtime.model.StepContainer.runStep(StepContainer.java:44) at cucumber.runtime.model.StepContainer.runSteps(StepContainer.java:39) at cucumber.runtime.model.CucumberScenario.run(CucumberScenario.java:44) at cucumber.runtime.junit.ExecutionUnitRunner.run(ExecutionUnitRunner.java:102) at cucumber.runtime.junit.FeatureRunner.runChild(FeatureRunner.java:63) at cucumber.runtime.junit.FeatureRunner.runChild(FeatureRunner.java:18) at org.junit.runners.ParentRunner$3.run(ParentRunner.java:238) at org.junit.runners.ParentRunner$1.schedule(ParentRunner.java:63) at org.junit.runners.ParentRunner.runChildren(ParentRunner.java:236) at org.junit.runners.ParentRunner.access$000(ParentRunner.java:53) at org.junit.runners.ParentRunner$2.evaluate(ParentRunner.java:229) at org.junit.runners.ParentRunner.run(ParentRunner.java:309) at cucumber.runtime.junit.FeatureRunner.run(FeatureRunner.java:70) at cucumber.api.junit.Cucumber.runChild(Cucumber.java:95) at cucumber.api.junit.Cucumber.runChild(Cucumber.java:38) at org.junit.runners.ParentRunner$3.run(ParentRunner.java:238) at org.junit.runners.ParentRunner$1.schedule(ParentRunner.java:63) at org.junit.runners.ParentRunner.runChildren(ParentRunner.java:236) at org.junit.runners.ParentRunner.access$000(ParentRunner.java:53) at org.junit.runners.ParentRunner$2.evaluate(ParentRunner.java:229) at org.junit.runners.ParentRunner.run(ParentRunner.java:309) at cucumber.api.junit.Cucumber.run(Cucumber.java:100) at org.junit.runner.JUnitCore.run(JUnitCore.java:160) at org.junit.runner.JUnitCore.run(JUnitCore.java:138) at org.testng.junit.JUnit4TestRunner.start(JUnit4TestRunner.java:81) at org.testng.junit.JUnit4TestRunner.run(JUnit4TestRunner.java:69) at org.testng.TestRunner$1.run(TestRunner.java:682) at org.testng.TestRunner.runWorkers(TestRunner.java:1005) at org.testng.TestRunner.privateRunJUnit(TestRunner.java:713) at org.testng.TestRunner.run(TestRunner.java:614) at org.testng.SuiteRunner.runTest(SuiteRunner.java:348) at org.testng.SuiteRunner.runSequentially(SuiteRunner.java:343) at org.testng.SuiteRunner.privateRun(SuiteRunner.java:305) at org.testng.SuiteRunner.run(SuiteRunner.java:254) at org.testng.SuiteRunnerWorker.runSuite(SuiteRunnerWorker.java:52) at org.testng.SuiteRunnerWorker.run(SuiteRunnerWorker.java:86) at org.testng.TestNG.runSuitesSequentially(TestNG.java:1224) at org.testng.TestNG.runSuitesLocally(TestNG.java:1149) at org.testng.TestNG.run(TestNG.java:1057) at org.apache.maven.surefire.testng.TestNGExecutor.run(TestNGExecutor.java:115) at org.apache.maven.surefire.testng.TestNGDirectoryTestSuite.executeSingleClass(TestNGDirectoryTestSuite.java:129) at org.apache.maven.surefire.testng.TestNGDirectoryTestSuite.execute(TestNGDirectoryTestSuite.java:113) at org.apache.maven.surefire.testng.TestNGProvider.invoke(TestNGProvider.java:111) at org.apache.maven.surefire.booter.ForkedBooter.invokeProviderInSameClassLoader(ForkedBooter.java:203) at org.apache.maven.surefire.booter.ForkedBooter.runSuitesInProcess(ForkedBooter.java:155) at org.apache.maven.surefire.booter.ForkedBooter.main(ForkedBooter.java:103) Caused by: org.apache.http.conn.HttpHostConnectException: Connect to 127.0.0.1:7055 [/127.0.0.1] failed: Connection refused: connect at org.apache.http.impl.conn.DefaultHttpClientConnectionOperator.connect(DefaultHttpClientConnectionOperator.java:158) at org.apache.http.impl.conn.PoolingHttpClientConnectionManager.connect(PoolingHttpClientConnectionManager.java:353) at org.apache.http.impl.execchain.MainClientExec.establishRoute(MainClientExec.java:380) at org.apache.http.impl.execchain.MainClientExec.execute(MainClientExec.java:236) at org.apache.http.impl.execchain.ProtocolExec.execute(ProtocolExec.java:184) at org.apache.http.impl.execchain.RetryExec.execute(RetryExec.java:88) at org.apache.http.impl.execchain.RedirectExec.execute(RedirectExec.java:110) at org.apache.http.impl.client.InternalHttpClient.doExecute(InternalHttpClient.java:184) at org.apache.http.impl.client.CloseableHttpClient.execute(CloseableHttpClient.java:71) at org.apache.http.impl.client.CloseableHttpClient.execute(CloseableHttpClient.java:55) at org.openqa.selenium.remote.internal.ApacheHttpClient.fallBackExecute(ApacheHttpClient.java:144) at org.openqa.selenium.remote.internal.ApacheHttpClient.execute(ApacheHttpClient.java:90) at org.openqa.selenium.remote.HttpCommandExecutor.execute(HttpCommandExecutor.java:142) at org.openqa.selenium.firefox.internal.NewProfileExtensionConnection.execute(NewProfileExtensionConnection.java:160) at org.openqa.selenium.firefox.FirefoxDriver$LazyCommandExecutor.execute(FirefoxDriver.java:380) at org.openqa.selenium.remote.RemoteWebDriver.execute(RemoteWebDriver.java:644) ... 66 more Caused by: java.net.ConnectException: Connection refused: connect at java.net.DualStackPlainSocketImpl.waitForConnect(Native Method) at java.net.DualStackPlainSocketImpl.socketConnect(DualStackPlainSocketImpl.java:85) at java.net.AbstractPlainSocketImpl.doConnect(AbstractPlainSocketImpl.java:350) at java.net.AbstractPlainSocketImpl.connectToAddress(AbstractPlainSocketImpl.java:206) at java.net.AbstractPlainSocketImpl.connect(AbstractPlainSocketImpl.java:188) at java.net.PlainSocketImpl.connect(PlainSocketImpl.java:172) at java.net.SocksSocketImpl.connect(SocksSocketImpl.java:392) at java.net.Socket.connect(Socket.java:589) at org.apache.http.conn.socket.PlainConnectionSocketFactory.connectSocket(PlainConnectionSocketFactory.java:74) at org.apache.http.impl.conn.DefaultHttpClientConnectionOperator.connect(DefaultHttpClientConnectionOperator.java:141) ... 81 more</td>
</tr>
<tr>
<td class='status fail' title='fail' alt='fail'><i class='mdi-navigation-cancel'></i></td>
<td class='timestamp'>22:04:16</td>
<td class='step-details'>user_is_able_to_export_the_model</td>
</tr>
<tr>
<td class='status fail' title='fail' alt='fail'><i class='mdi-navigation-cancel'></i></td>
<td class='timestamp'>22:04:16</td>
<td class='step-details'>org.openqa.selenium.remote.UnreachableBrowserException: Error communicating with the remote browser. It may have died. Build info: version: '2.53.1', revision: 'a36b8b1cd5757287168e54b817830adce9b0158d', time: '2016-06-30 19:26:09' System info: host: 'NIT-LPT-R015', ip: '192.168.0.5', os.name: 'Windows 8.1', os.arch: 'amd64', os.version: '6.3', java.version: '1.8.0_181' Driver info: driver.version: RemoteWebDriver Capabilities [{applicationCacheEnabled=true, rotatable=false, handlesAlerts=true, databaseEnabled=true, version=47.0.2, platform=WINDOWS, nativeEvents=false, acceptSslCerts=true, webStorageEnabled=true, locationContextEnabled=true, browserName=firefox, takesScreenshot=true, javascriptEnabled=true, cssSelectorsEnabled=true}] Session ID: 58071726-3dd2-4d85-b776-71ece2ef7095 at org.openqa.selenium.remote.RemoteWebDriver.execute(RemoteWebDriver.java:665) at org.openqa.selenium.remote.RemoteWebDriver.findElements(RemoteWebDriver.java:388) at org.openqa.selenium.remote.RemoteWebDriver.findElementsByXPath(RemoteWebDriver.java:504) at org.openqa.selenium.By$ByXPath.findElements(By.java:356) at org.openqa.selenium.remote.RemoteWebDriver.findElements(RemoteWebDriver.java:351) at org.openqa.selenium.support.pagefactory.DefaultElementLocator.findElements(DefaultElementLocator.java:85) at org.openqa.selenium.support.pagefactory.internal.LocatingElementListHandler.invoke(LocatingElementListHandler.java:36) at com.sun.proxy.$Proxy16.iterator(Unknown Source) at com.WorkFitCompelte.core.Testfactory.read_element_file(Testfactory.java:190) at com.WorkFitComplete.Pages.WorkFitCompleteHomePage.verify_export_Functionality(WorkFitCompleteHomePage.java:122) at com.AccelareStepDefinations.ModelModule.user_is_able_to_export_the_model(ModelModule.java:258) at sun.reflect.NativeMethodAccessorImpl.invoke0(Native Method) at sun.reflect.NativeMethodAccessorImpl.invoke(NativeMethodAccessorImpl.java:62) at sun.reflect.DelegatingMethodAccessorImpl.invoke(DelegatingMethodAccessorImpl.java:43) at java.lang.reflect.Method.invoke(Method.java:498) at cucumber.runtime.Utils$1.call(Utils.java:40) at cucumber.runtime.Timeout.timeout(Timeout.java:16) at cucumber.runtime.Utils.invoke(Utils.java:34) at cucumber.runtime.java.JavaStepDefinition.execute(JavaStepDefinition.java:38) at cucumber.runtime.StepDefinitionMatch.runStep(StepDefinitionMatch.java:37) at cucumber.runtime.Runtime.runStep(Runtime.java:300) at cucumber.runtime.model.StepContainer.runStep(StepContainer.java:44) at cucumber.runtime.model.StepContainer.runSteps(StepContainer.java:39) at cucumber.runtime.model.CucumberScenario.run(CucumberScenario.java:44) at cucumber.runtime.junit.ExecutionUnitRunner.run(ExecutionUnitRunner.java:102) at cucumber.runtime.junit.FeatureRunner.runChild(FeatureRunner.java:63) at cucumber.runtime.junit.FeatureRunner.runChild(FeatureRunner.java:18) at org.junit.runners.ParentRunner$3.run(ParentRunner.java:238) at org.junit.runners.ParentRunner$1.schedule(ParentRunner.java:63) at org.junit.runners.ParentRunner.runChildren(ParentRunner.java:236) at org.junit.runners.ParentRunner.access$000(ParentRunner.java:53) at org.junit.runners.ParentRunner$2.evaluate(ParentRunner.java:229) at org.junit.runners.ParentRunner.run(ParentRunner.java:309) at cucumber.runtime.junit.FeatureRunner.run(FeatureRunner.java:70) at cucumber.api.junit.Cucumber.runChild(Cucumber.java:95) at cucumber.api.junit.Cucumber.runChild(Cucumber.java:38) at org.junit.runners.ParentRunner$3.run(ParentRunner.java:238) at org.junit.runners.ParentRunner$1.schedule(ParentRunner.java:63) at org.junit.runners.ParentRunner.runChildren(ParentRunner.java:236) at org.junit.runners.ParentRunner.access$000(ParentRunner.java:53) at org.junit.runners.ParentRunner$2.evaluate(ParentRunner.java:229) at org.junit.runners.ParentRunner.run(ParentRunner.java:309) at cucumber.api.junit.Cucumber.run(Cucumber.java:100) at org.junit.runner.JUnitCore.run(JUnitCore.java:160) at org.junit.runner.JUnitCore.run(JUnitCore.java:138) at org.testng.junit.JUnit4TestRunner.start(JUnit4TestRunner.java:81) at org.testng.junit.JUnit4TestRunner.run(JUnit4TestRunner.java:69) at org.testng.TestRunner$1.run(TestRunner.java:682) at org.testng.TestRunner.runWorkers(TestRunner.java:1005) at org.testng.TestRunner.privateRunJUnit(TestRunner.java:713) at org.testng.TestRunner.run(TestRunner.java:614) at org.testng.SuiteRunner.runTest(SuiteRunner.java:348) at org.testng.SuiteRunner.runSequentially(SuiteRunner.java:343) at org.testng.SuiteRunner.privateRun(SuiteRunner.java:305) at org.testng.SuiteRunner.run(SuiteRunner.java:254) at org.testng.SuiteRunnerWorker.runSuite(SuiteRunnerWorker.java:52) at org.testng.SuiteRunnerWorker.run(SuiteRunnerWorker.java:86) at org.testng.TestNG.runSuitesSequentially(TestNG.java:1224) at org.testng.TestNG.runSuitesLocally(TestNG.java:1149) at org.testng.TestNG.run(TestNG.java:1057) at org.apache.maven.surefire.testng.TestNGExecutor.run(TestNGExecutor.java:115) at org.apache.maven.surefire.testng.TestNGDirectoryTestSuite.executeSingleClass(TestNGDirectoryTestSuite.java:129) at org.apache.maven.surefire.testng.TestNGDirectoryTestSuite.execute(TestNGDirectoryTestSuite.java:113) at org.apache.maven.surefire.testng.TestNGProvider.invoke(TestNGProvider.java:111) at org.apache.maven.surefire.booter.ForkedBooter.invokeProviderInSameClassLoader(ForkedBooter.java:203) at org.apache.maven.surefire.booter.ForkedBooter.runSuitesInProcess(ForkedBooter.java:155) at org.apache.maven.surefire.booter.ForkedBooter.main(ForkedBooter.java:103) Caused by: org.apache.http.conn.HttpHostConnectException: Connect to 127.0.0.1:7055 [/127.0.0.1] failed: Connection refused: connect at org.apache.http.impl.conn.DefaultHttpClientConnectionOperator.connect(DefaultHttpClientConnectionOperator.java:158) at org.apache.http.impl.conn.PoolingHttpClientConnectionManager.connect(PoolingHttpClientConnectionManager.java:353) at org.apache.http.impl.execchain.MainClientExec.establishRoute(MainClientExec.java:380) at org.apache.http.impl.execchain.MainClientExec.execute(MainClientExec.java:236) at org.apache.http.impl.execchain.ProtocolExec.execute(ProtocolExec.java:184) at org.apache.http.impl.execchain.RetryExec.execute(RetryExec.java:88) at org.apache.http.impl.execchain.RedirectExec.execute(RedirectExec.java:110) at org.apache.http.impl.client.InternalHttpClient.doExecute(InternalHttpClient.java:184) at org.apache.http.impl.client.CloseableHttpClient.execute(CloseableHttpClient.java:71) at org.apache.http.impl.client.CloseableHttpClient.execute(CloseableHttpClient.java:55) at org.openqa.selenium.remote.internal.ApacheHttpClient.fallBackExecute(ApacheHttpClient.java:144) at org.openqa.selenium.remote.internal.ApacheHttpClient.execute(ApacheHttpClient.java:90) at org.openqa.selenium.remote.HttpCommandExecutor.execute(HttpCommandExecutor.java:142) at org.openqa.selenium.firefox.internal.NewProfileExtensionConnection.execute(NewProfileExtensionConnection.java:160) at org.openqa.selenium.firefox.FirefoxDriver$LazyCommandExecutor.execute(FirefoxDriver.java:380) at org.openqa.selenium.remote.RemoteWebDriver.execute(RemoteWebDriver.java:644) ... 66 more Caused by: java.net.ConnectException: Connection refused: connect at java.net.DualStackPlainSocketImpl.waitForConnect(Native Method) at java.net.DualStackPlainSocketImpl.socketConnect(DualStackPlainSocketImpl.java:85) at java.net.AbstractPlainSocketImpl.doConnect(AbstractPlainSocketImpl.java:350) at java.net.AbstractPlainSocketImpl.connectToAddress(AbstractPlainSocketImpl.java:206) at java.net.AbstractPlainSocketImpl.connect(AbstractPlainSocketImpl.java:188) at java.net.PlainSocketImpl.connect(PlainSocketImpl.java:172) at java.net.SocksSocketImpl.connect(SocksSocketImpl.java:392) at java.net.Socket.connect(Socket.java:589) at org.apache.http.conn.socket.PlainConnectionSocketFactory.connectSocket(PlainConnectionSocketFactory.java:74) at org.apache.http.impl.conn.DefaultHttpClientConnectionOperator.connect(DefaultHttpClientConnectionOperator.java:141) ... 81 more</td>
</tr>
<tr>
<td class='status fail' title='fail' alt='fail'><i class='mdi-navigation-cancel'></i></td>
<td class='timestamp'>22:04:17</td>
<td class='step-details'>Click_on_verify_app_testing_page</td>
</tr>
<tr>
<td class='status fail' title='fail' alt='fail'><i class='mdi-navigation-cancel'></i></td>
<td class='timestamp'>22:04:17</td>
<td class='step-details'>org.openqa.selenium.remote.UnreachableBrowserException: Error communicating with the remote browser. It may have died. Build info: version: '2.53.1', revision: 'a36b8b1cd5757287168e54b817830adce9b0158d', time: '2016-06-30 19:26:09' System info: host: 'NIT-LPT-R015', ip: '192.168.0.5', os.name: 'Windows 8.1', os.arch: 'amd64', os.version: '6.3', java.version: '1.8.0_181' Driver info: driver.version: RemoteWebDriver Capabilities [{applicationCacheEnabled=true, rotatable=false, handlesAlerts=true, databaseEnabled=true, version=47.0.2, platform=WINDOWS, nativeEvents=false, acceptSslCerts=true, webStorageEnabled=true, locationContextEnabled=true, browserName=firefox, takesScreenshot=true, javascriptEnabled=true, cssSelectorsEnabled=true}] Session ID: 58071726-3dd2-4d85-b776-71ece2ef7095 at org.openqa.selenium.remote.RemoteWebDriver.execute(RemoteWebDriver.java:665) at org.openqa.selenium.remote.RemoteWebDriver.findElement(RemoteWebDriver.java:363) at org.openqa.selenium.remote.RemoteWebDriver.findElementByXPath(RemoteWebDriver.java:500) at org.openqa.selenium.By$ByXPath.findElement(By.java:361) at org.openqa.selenium.remote.RemoteWebDriver.findElement(RemoteWebDriver.java:355) at org.openqa.selenium.support.pagefactory.DefaultElementLocator.findElement(DefaultElementLocator.java:69) at org.openqa.selenium.support.pagefactory.internal.LocatingElementHandler.invoke(LocatingElementHandler.java:38) at com.sun.proxy.$Proxy15.isEnabled(Unknown Source) at com.WorkFitCompelte.core.Testfactory.clickAction(Testfactory.java:73) at com.WorkFitComplete.Pages.WorkFitCompleteHomePage.click_on_AppTesting_page(WorkFitCompleteHomePage.java:112) at com.AccelareStepDefinations.ModelModule.Click_on_verify_app_testing_page(ModelModule.java:92) at sun.reflect.NativeMethodAccessorImpl.invoke0(Native Method) at sun.reflect.NativeMethodAccessorImpl.invoke(NativeMethodAccessorImpl.java:62) at sun.reflect.DelegatingMethodAccessorImpl.invoke(DelegatingMethodAccessorImpl.java:43) at java.lang.reflect.Method.invoke(Method.java:498) at cucumber.runtime.Utils$1.call(Utils.java:40) at cucumber.runtime.Timeout.timeout(Timeout.java:16) at cucumber.runtime.Utils.invoke(Utils.java:34) at cucumber.runtime.java.JavaStepDefinition.execute(JavaStepDefinition.java:38) at cucumber.runtime.StepDefinitionMatch.runStep(StepDefinitionMatch.java:37) at cucumber.runtime.Runtime.runStep(Runtime.java:300) at cucumber.runtime.model.StepContainer.runStep(StepContainer.java:44) at cucumber.runtime.model.StepContainer.runSteps(StepContainer.java:39) at cucumber.runtime.model.CucumberScenario.run(CucumberScenario.java:44) at cucumber.runtime.junit.ExecutionUnitRunner.run(ExecutionUnitRunner.java:102) at cucumber.runtime.junit.FeatureRunner.runChild(FeatureRunner.java:63) at cucumber.runtime.junit.FeatureRunner.runChild(FeatureRunner.java:18) at org.junit.runners.ParentRunner$3.run(ParentRunner.java:238) at org.junit.runners.ParentRunner$1.schedule(ParentRunner.java:63) at org.junit.runners.ParentRunner.runChildren(ParentRunner.java:236) at org.junit.runners.ParentRunner.access$000(ParentRunner.java:53) at org.junit.runners.ParentRunner$2.evaluate(ParentRunner.java:229) at org.junit.runners.ParentRunner.run(ParentRunner.java:309) at cucumber.runtime.junit.FeatureRunner.run(FeatureRunner.java:70) at cucumber.api.junit.Cucumber.runChild(Cucumber.java:95) at cucumber.api.junit.Cucumber.runChild(Cucumber.java:38) at org.junit.runners.ParentRunner$3.run(ParentRunner.java:238) at org.junit.runners.ParentRunner$1.schedule(ParentRunner.java:63) at org.junit.runners.ParentRunner.runChildren(ParentRunner.java:236) at org.junit.runners.ParentRunner.access$000(ParentRunner.java:53) at org.junit.runners.ParentRunner$2.evaluate(ParentRunner.java:229) at org.junit.runners.ParentRunner.run(ParentRunner.java:309) at cucumber.api.junit.Cucumber.run(Cucumber.java:100) at org.junit.runner.JUnitCore.run(JUnitCore.java:160) at org.junit.runner.JUnitCore.run(JUnitCore.java:138) at org.testng.junit.JUnit4TestRunner.start(JUnit4TestRunner.java:81) at org.testng.junit.JUnit4TestRunner.run(JUnit4TestRunner.java:69) at org.testng.TestRunner$1.run(TestRunner.java:682) at org.testng.TestRunner.runWorkers(TestRunner.java:1005) at org.testng.TestRunner.privateRunJUnit(TestRunner.java:713) at org.testng.TestRunner.run(TestRunner.java:614) at org.testng.SuiteRunner.runTest(SuiteRunner.java:348) at org.testng.SuiteRunner.runSequentially(SuiteRunner.java:343) at org.testng.SuiteRunner.privateRun(SuiteRunner.java:305) at org.testng.SuiteRunner.run(SuiteRunner.java:254) at org.testng.SuiteRunnerWorker.runSuite(SuiteRunnerWorker.java:52) at org.testng.SuiteRunnerWorker.run(SuiteRunnerWorker.java:86) at org.testng.TestNG.runSuitesSequentially(TestNG.java:1224) at org.testng.TestNG.runSuitesLocally(TestNG.java:1149) at org.testng.TestNG.run(TestNG.java:1057) at org.apache.maven.surefire.testng.TestNGExecutor.run(TestNGExecutor.java:115) at org.apache.maven.surefire.testng.TestNGDirectoryTestSuite.executeSingleClass(TestNGDirectoryTestSuite.java:129) at org.apache.maven.surefire.testng.TestNGDirectoryTestSuite.execute(TestNGDirectoryTestSuite.java:113) at org.apache.maven.surefire.testng.TestNGProvider.invoke(TestNGProvider.java:111) at org.apache.maven.surefire.booter.ForkedBooter.invokeProviderInSameClassLoader(ForkedBooter.java:203) at org.apache.maven.surefire.booter.ForkedBooter.runSuitesInProcess(ForkedBooter.java:155) at org.apache.maven.surefire.booter.ForkedBooter.main(ForkedBooter.java:103) Caused by: org.apache.http.conn.HttpHostConnectException: Connect to 127.0.0.1:7055 [/127.0.0.1] failed: Connection refused: connect at org.apache.http.impl.conn.DefaultHttpClientConnectionOperator.connect(DefaultHttpClientConnectionOperator.java:158) at org.apache.http.impl.conn.PoolingHttpClientConnectionManager.connect(PoolingHttpClientConnectionManager.java:353) at org.apache.http.impl.execchain.MainClientExec.establishRoute(MainClientExec.java:380) at org.apache.http.impl.execchain.MainClientExec.execute(MainClientExec.java:236) at org.apache.http.impl.execchain.ProtocolExec.execute(ProtocolExec.java:184) at org.apache.http.impl.execchain.RetryExec.execute(RetryExec.java:88) at org.apache.http.impl.execchain.RedirectExec.execute(RedirectExec.java:110) at org.apache.http.impl.client.InternalHttpClient.doExecute(InternalHttpClient.java:184) at org.apache.http.impl.client.CloseableHttpClient.execute(CloseableHttpClient.java:71) at org.apache.http.impl.client.CloseableHttpClient.execute(CloseableHttpClient.java:55) at org.openqa.selenium.remote.internal.ApacheHttpClient.fallBackExecute(ApacheHttpClient.java:144) at org.openqa.selenium.remote.internal.ApacheHttpClient.execute(ApacheHttpClient.java:90) at org.openqa.selenium.remote.HttpCommandExecutor.execute(HttpCommandExecutor.java:142) at org.openqa.selenium.firefox.internal.NewProfileExtensionConnection.execute(NewProfileExtensionConnection.java:160) at org.openqa.selenium.firefox.FirefoxDriver$LazyCommandExecutor.execute(FirefoxDriver.java:380) at org.openqa.selenium.remote.RemoteWebDriver.execute(RemoteWebDriver.java:644) ... 66 more Caused by: java.net.ConnectException: Connection refused: connect at java.net.DualStackPlainSocketImpl.waitForConnect(Native Method) at java.net.DualStackPlainSocketImpl.socketConnect(DualStackPlainSocketImpl.java:85) at java.net.AbstractPlainSocketImpl.doConnect(AbstractPlainSocketImpl.java:350) at java.net.AbstractPlainSocketImpl.connectToAddress(AbstractPlainSocketImpl.java:206) at java.net.AbstractPlainSocketImpl.connect(AbstractPlainSocketImpl.java:188) at java.net.PlainSocketImpl.connect(PlainSocketImpl.java:172) at java.net.SocksSocketImpl.connect(SocksSocketImpl.java:392) at java.net.Socket.connect(Socket.java:589) at org.apache.http.conn.socket.PlainConnectionSocketFactory.connectSocket(PlainConnectionSocketFactory.java:74) at org.apache.http.impl.conn.DefaultHttpClientConnectionOperator.connect(DefaultHttpClientConnectionOperator.java:141) ... 81 more</td>
</tr>
</tbody>
</table>
<ul class='collapsible node-list' data-collapsible='accordion'>
</ul>
</div>
</div>
</li>
<li class='collection-item test displayed active fail ' extentid='2b3b337f-5c48-4942-ae89-a78ca950e476'>
<div class='test-head'>
<span class='test-name'>Add Process Family </span>
<span class='test-status label right outline capitalize fail'>fail</span>
<span class='category-assigned hide '></span>
</div>
<div class='test-body'>
<div class='test-info'>
<span title='Test started time' alt='Test started time' class='test-started-time label green lighten-1 text-white'>2018-08-22 22:04:17</span>
<span title='Test ended time' alt='Test ended time' class='test-ended-time label red lighten-1 text-white'>2018-08-22 22:04:21</span>
<span title='Time taken to finish' alt='Time taken to finish' class='test-time-taken label blue-grey lighten-3 text-white'>0h 0m 4s+159ms</span>
</div>
<div class='test-desc'></div>
<div class='test-attributes'>
</div>
<div class='test-steps'>
<table class='bordered table-results'>
<thead>
<tr>
<th>Status</th>
<th>Timestamp</th>
<th>Details</th>
</tr>
</thead>
<tbody>
<tr>
<td class='status fail' title='fail' alt='fail'><i class='mdi-navigation-cancel'></i></td>
<td class='timestamp'>22:04:18</td>
<td class='step-details'>user_will_add_the_process_family</td>
</tr>
<tr>
<td class='status fail' title='fail' alt='fail'><i class='mdi-navigation-cancel'></i></td>
<td class='timestamp'>22:04:18</td>
<td class='step-details'>org.openqa.selenium.remote.UnreachableBrowserException: Error communicating with the remote browser. It may have died.
Build info: version: '2.53.1', revision: 'a36b8b1cd5757287168e54b817830adce9b0158d', time: '2016-06-30 19:26:09'
System info: host: 'NIT-LPT-R015', ip: '192.168.0.5', os.name: 'Windows 8.1', os.arch: 'amd64', os.version: '6.3', java.version: '1.8.0_181'
Driver info: driver.version: RemoteWebDriver
Capabilities [{applicationCacheEnabled=true, rotatable=false, handlesAlerts=true, databaseEnabled=true, version=47.0.2, platform=WINDOWS, nativeEvents=false, acceptSslCerts=true, webStorageEnabled=true, locationContextEnabled=true, browserName=firefox, takesScreenshot=true, javascriptEnabled=true, cssSelectorsEnabled=true}]
Session ID: 58071726-3dd2-4d85-b776-71ece2ef7095
at org.openqa.selenium.remote.RemoteWebDriver.execute(RemoteWebDriver.java:665)
at org.openqa.selenium.remote.RemoteWebDriver.findElement(RemoteWebDriver.java:363)
at org.openqa.selenium.remote.RemoteWebDriver.findElementByXPath(RemoteWebDriver.java:500)
at org.openqa.selenium.By$ByXPath.findElement(By.java:361)
at org.openqa.selenium.remote.RemoteWebDriver.findElement(RemoteWebDriver.java:355)
at org.openqa.selenium.support.pagefactory.DefaultElementLocator.findElement(DefaultElementLocator.java:69)
at org.openqa.selenium.support.pagefactory.internal.LocatingElementHandler.invoke(LocatingElementHandler.java:38)
at com.sun.proxy.$Proxy15.isEnabled(Unknown Source)
at com.WorkFitCompelte.core.Testfactory.clickAction(Testfactory.java:73)
at com.WorkFitComplete.Pages.ModelImportFunctinalty.modeldropdown(ModelImportFunctinalty.java:46)
at com.AccelareStepDefinations.ModelModule.user_will_add_the_process_family(ModelModule.java:274)
at sun.reflect.NativeMethodAccessorImpl.invoke0(Native Method)
at sun.reflect.NativeMethodAccessorImpl.invoke(NativeMethodAccessorImpl.java:62)
at sun.reflect.DelegatingMethodAccessorImpl.invoke(DelegatingMethodAccessorImpl.java:43)
at java.lang.reflect.Method.invoke(Method.java:498)
at cucumber.runtime.Utils$1.call(Utils.java:40)
at cucumber.runtime.Timeout.timeout(Timeout.java:16)
at cucumber.runtime.Utils.invoke(Utils.java:34)
at cucumber.runtime.java.JavaStepDefinition.execute(JavaStepDefinition.java:38)
at cucumber.runtime.StepDefinitionMatch.runStep(StepDefinitionMatch.java:37)
at cucumber.runtime.Runtime.runStep(Runtime.java:300)
at cucumber.runtime.model.StepContainer.runStep(StepContainer.java:44)
at cucumber.runtime.model.StepContainer.runSteps(StepContainer.java:39)
at cucumber.runtime.model.CucumberScenario.run(CucumberScenario.java:44)
at cucumber.runtime.junit.ExecutionUnitRunner.run(ExecutionUnitRunner.java:102)
at cucumber.runtime.junit.FeatureRunner.runChild(FeatureRunner.java:63)
at cucumber.runtime.junit.FeatureRunner.runChild(FeatureRunner.java:18)
at org.junit.runners.ParentRunner$3.run(ParentRunner.java:238)
at org.junit.runners.ParentRunner$1.schedule(ParentRunner.java:63)
at org.junit.runners.ParentRunner.runChildren(ParentRunner.java:236)
at org.junit.runners.ParentRunner.access$000(ParentRunner.java:53)
at org.junit.runners.ParentRunner$2.evaluate(ParentRunner.java:229)
at org.junit.runners.ParentRunner.run(ParentRunner.java:309)
at cucumber.runtime.junit.FeatureRunner.run(FeatureRunner.java:70)
at cucumber.api.junit.Cucumber.runChild(Cucumber.java:95)
at cucumber.api.junit.Cucumber.runChild(Cucumber.java:38)
at org.junit.runners.ParentRunner$3.run(ParentRunner.java:238)
at org.junit.runners.ParentRunner$1.schedule(ParentRunner.java:63)
at org.junit.runners.ParentRunner.runChildren(ParentRunner.java:236)
at org.junit.runners.ParentRunner.access$000(ParentRunner.java:53)
at org.junit.runners.ParentRunner$2.evaluate(ParentRunner.java:229)
at org.junit.runners.ParentRunner.run(ParentRunner.java:309)
at cucumber.api.junit.Cucumber.run(Cucumber.java:100)
at org.junit.runner.JUnitCore.run(JUnitCore.java:160)
at org.junit.runner.JUnitCore.run(JUnitCore.java:138)
at org.testng.junit.JUnit4TestRunner.start(JUnit4TestRunner.java:81)
at org.testng.junit.JUnit4TestRunner.run(JUnit4TestRunner.java:69)
at org.testng.TestRunner$1.run(TestRunner.java:682)
at org.testng.TestRunner.runWorkers(TestRunner.java:1005)
at org.testng.TestRunner.privateRunJUnit(TestRunner.java:713)
at org.testng.TestRunner.run(TestRunner.java:614)
at org.testng.SuiteRunner.runTest(SuiteRunner.java:348)
at org.testng.SuiteRunner.runSequentially(SuiteRunner.java:343)
at org.testng.SuiteRunner.privateRun(SuiteRunner.java:305)
at org.testng.SuiteRunner.run(SuiteRunner.java:254)
at org.testng.SuiteRunnerWorker.runSuite(SuiteRunnerWorker.java:52)
at org.testng.SuiteRunnerWorker.run(SuiteRunnerWorker.java:86)
at org.testng.TestNG.runSuitesSequentially(TestNG.java:1224)
at org.testng.TestNG.runSuitesLocally(TestNG.java:1149)
at org.testng.TestNG.run(TestNG.java:1057)
at org.apache.maven.surefire.testng.TestNGExecutor.run(TestNGExecutor.java:115)
at org.apache.maven.surefire.testng.TestNGDirectoryTestSuite.executeSingleClass(TestNGDirectoryTestSuite.java:129)
at org.apache.maven.surefire.testng.TestNGDirectoryTestSuite.execute(TestNGDirectoryTestSuite.java:113)
at org.apache.maven.surefire.testng.TestNGProvider.invoke(TestNGProvider.java:111)
at org.apache.maven.surefire.booter.ForkedBooter.invokeProviderInSameClassLoader(ForkedBooter.java:203)
at org.apache.maven.surefire.booter.ForkedBooter.runSuitesInProcess(ForkedBooter.java:155)
at org.apache.maven.surefire.booter.ForkedBooter.main(ForkedBooter.java:103)
Caused by: org.apache.http.conn.HttpHostConnectException: Connect to 127.0.0.1:7055 [/127.0.0.1] failed: Connection refused: connect
at org.apache.http.impl.conn.DefaultHttpClientConnectionOperator.connect(DefaultHttpClientConnectionOperator.java:158)
at org.apache.http.impl.conn.PoolingHttpClientConnectionManager.connect(PoolingHttpClientConnectionManager.java:353)
at org.apache.http.impl.execchain.MainClientExec.establishRoute(MainClientExec.java:380)
at org.apache.http.impl.execchain.MainClientExec.execute(MainClientExec.java:236)
at org.apache.http.impl.execchain.ProtocolExec.execute(ProtocolExec.java:184)
at org.apache.http.impl.execchain.RetryExec.execute(RetryExec.java:88)
at org.apache.http.impl.execchain.RedirectExec.execute(RedirectExec.java:110)
at org.apache.http.impl.client.InternalHttpClient.doExecute(InternalHttpClient.java:184)
at org.apache.http.impl.client.CloseableHttpClient.execute(CloseableHttpClient.java:71)
at org.apache.http.impl.client.CloseableHttpClient.execute(CloseableHttpClient.java:55)
at org.openqa.selenium.remote.internal.ApacheHttpClient.fallBackExecute(ApacheHttpClient.java:144)
at org.openqa.selenium.remote.internal.ApacheHttpClient.execute(ApacheHttpClient.java:90)
at org.openqa.selenium.remote.HttpCommandExecutor.execute(HttpCommandExecutor.java:142)
at org.openqa.selenium.firefox.internal.NewProfileExtensionConnection.execute(NewProfileExtensionConnection.java:160)
at org.openqa.selenium.firefox.FirefoxDriver$LazyCommandExecutor.execute(FirefoxDriver.java:380)
at org.openqa.selenium.remote.RemoteWebDriver.execute(RemoteWebDriver.java:644)
... 66 more
Caused by: java.net.ConnectException: Connection refused: connect
at java.net.DualStackPlainSocketImpl.waitForConnect(Native Method)
at java.net.DualStackPlainSocketImpl.socketConnect(DualStackPlainSocketImpl.java:85)
at java.net.AbstractPlainSocketImpl.doConnect(AbstractPlainSocketImpl.java:350)
at java.net.AbstractPlainSocketImpl.connectToAddress(AbstractPlainSocketImpl.java:206)
at java.net.AbstractPlainSocketImpl.connect(AbstractPlainSocketImpl.java:188)
at java.net.PlainSocketImpl.connect(PlainSocketImpl.java:172)
at java.net.SocksSocketImpl.connect(SocksSocketImpl.java:392)
at java.net.Socket.connect(Socket.java:589)
at org.apache.http.conn.socket.PlainConnectionSocketFactory.connectSocket(PlainConnectionSocketFactory.java:74)
at org.apache.http.impl.conn.DefaultHttpClientConnectionOperator.connect(DefaultHttpClientConnectionOperator.java:141)
... 81 more</td>
</tr>
<tr>
<td class='status fail' title='fail' alt='fail'><i class='mdi-navigation-cancel'></i></td>
<td class='timestamp'>22:04:19</td>
<td class='step-details'>user_click_on_add_process_family</td>
</tr>
<tr>
<td class='status fail' title='fail' alt='fail'><i class='mdi-navigation-cancel'></i></td>
<td class='timestamp'>22:04:19</td>
<td class='step-details'>org.openqa.selenium.remote.UnreachableBrowserException: Error communicating with the remote browser. It may have died.
Build info: version: '2.53.1', revision: 'a36b8b1cd5757287168e54b817830adce9b0158d', time: '2016-06-30 19:26:09'
System info: host: 'NIT-LPT-R015', ip: '192.168.0.5', os.name: 'Windows 8.1', os.arch: 'amd64', os.version: '6.3', java.version: '1.8.0_181'
Driver info: driver.version: RemoteWebDriver
Capabilities [{applicationCacheEnabled=true, rotatable=false, handlesAlerts=true, databaseEnabled=true, version=47.0.2, platform=WINDOWS, nativeEvents=false, acceptSslCerts=true, webStorageEnabled=true, locationContextEnabled=true, browserName=firefox, takesScreenshot=true, javascriptEnabled=true, cssSelectorsEnabled=true}]
Session ID: 58071726-3dd2-4d85-b776-71ece2ef7095
at org.openqa.selenium.remote.RemoteWebDriver.execute(RemoteWebDriver.java:665)
at org.openqa.selenium.remote.RemoteWebDriver.findElement(RemoteWebDriver.java:363)
at org.openqa.selenium.remote.RemoteWebDriver.findElementByXPath(RemoteWebDriver.java:500)
at org.openqa.selenium.By$ByXPath.findElement(By.java:361)
at org.openqa.selenium.remote.RemoteWebDriver.findElement(RemoteWebDriver.java:355)
at org.openqa.selenium.support.pagefactory.DefaultElementLocator.findElement(DefaultElementLocator.java:69)
at org.openqa.selenium.support.pagefactory.internal.LocatingElementHandler.invoke(LocatingElementHandler.java:38)
at com.sun.proxy.$Proxy15.isDisplayed(Unknown Source)
at com.WorkFitComplete.Pages.ModelDesignPage.clickOnaddprocessfamily(ModelDesignPage.java:39)
at com.AccelareStepDefinations.ModelModule.user_click_on_add_process_family(ModelModule.java:293)
at sun.reflect.NativeMethodAccessorImpl.invoke0(Native Method)
at sun.reflect.NativeMethodAccessorImpl.invoke(NativeMethodAccessorImpl.java:62)
at sun.reflect.DelegatingMethodAccessorImpl.invoke(DelegatingMethodAccessorImpl.java:43)
at java.lang.reflect.Method.invoke(Method.java:498)
at cucumber.runtime.Utils$1.call(Utils.java:40)
at cucumber.runtime.Timeout.timeout(Timeout.java:16)
at cucumber.runtime.Utils.invoke(Utils.java:34)
at cucumber.runtime.java.JavaStepDefinition.execute(JavaStepDefinition.java:38)
at cucumber.runtime.StepDefinitionMatch.runStep(StepDefinitionMatch.java:37)
at cucumber.runtime.Runtime.runStep(Runtime.java:300)
at cucumber.runtime.model.StepContainer.runStep(StepContainer.java:44)
at cucumber.runtime.model.StepContainer.runSteps(StepContainer.java:39)
at cucumber.runtime.model.CucumberScenario.run(CucumberScenario.java:44)
at cucumber.runtime.junit.ExecutionUnitRunner.run(ExecutionUnitRunner.java:102)
at cucumber.runtime.junit.FeatureRunner.runChild(FeatureRunner.java:63)
at cucumber.runtime.junit.FeatureRunner.runChild(FeatureRunner.java:18)
at org.junit.runners.ParentRunner$3.run(ParentRunner.java:238)
at org.junit.runners.ParentRunner$1.schedule(ParentRunner.java:63)
at org.junit.runners.ParentRunner.runChildren(ParentRunner.java:236)
at org.junit.runners.ParentRunner.access$000(ParentRunner.java:53)
at org.junit.runners.ParentRunner$2.evaluate(ParentRunner.java:229)
at org.junit.runners.ParentRunner.run(ParentRunner.java:309)
at cucumber.runtime.junit.FeatureRunner.run(FeatureRunner.java:70)
at cucumber.api.junit.Cucumber.runChild(Cucumber.java:95)
at cucumber.api.junit.Cucumber.runChild(Cucumber.java:38)
at org.junit.runners.ParentRunner$3.run(ParentRunner.java:238)
at org.junit.runners.ParentRunner$1.schedule(ParentRunner.java:63)
at org.junit.runners.ParentRunner.runChildren(ParentRunner.java:236)
at org.junit.runners.ParentRunner.access$000(ParentRunner.java:53)
at org.junit.runners.ParentRunner$2.evaluate(ParentRunner.java:229)
at org.junit.runners.ParentRunner.run(ParentRunner.java:309)
at cucumber.api.junit.Cucumber.run(Cucumber.java:100)
at org.junit.runner.JUnitCore.run(JUnitCore.java:160)
at org.junit.runner.JUnitCore.run(JUnitCore.java:138)
at org.testng.junit.JUnit4TestRunner.start(JUnit4TestRunner.java:81)
at org.testng.junit.JUnit4TestRunner.run(JUnit4TestRunner.java:69)
at org.testng.TestRunner$1.run(TestRunner.java:682)
at org.testng.TestRunner.runWorkers(TestRunner.java:1005)
at org.testng.TestRunner.privateRunJUnit(TestRunner.java:713)
at org.testng.TestRunner.run(TestRunner.java:614)
at org.testng.SuiteRunner.runTest(SuiteRunner.java:348)
at org.testng.SuiteRunner.runSequentially(SuiteRunner.java:343)
at org.testng.SuiteRunner.privateRun(SuiteRunner.java:305)
at org.testng.SuiteRunner.run(SuiteRunner.java:254)
at org.testng.SuiteRunnerWorker.runSuite(SuiteRunnerWorker.java:52)
at org.testng.SuiteRunnerWorker.run(SuiteRunnerWorker.java:86)
at org.testng.TestNG.runSuitesSequentially(TestNG.java:1224)
at org.testng.TestNG.runSuitesLocally(TestNG.java:1149)
at org.testng.TestNG.run(TestNG.java:1057)
at org.apache.maven.surefire.testng.TestNGExecutor.run(TestNGExecutor.java:115)
at org.apache.maven.surefire.testng.TestNGDirectoryTestSuite.executeSingleClass(TestNGDirectoryTestSuite.java:129)
at org.apache.maven.surefire.testng.TestNGDirectoryTestSuite.execute(TestNGDirectoryTestSuite.java:113)
at org.apache.maven.surefire.testng.TestNGProvider.invoke(TestNGProvider.java:111)
at org.apache.maven.surefire.booter.ForkedBooter.invokeProviderInSameClassLoader(ForkedBooter.java:203)
at org.apache.maven.surefire.booter.ForkedBooter.runSuitesInProcess(ForkedBooter.java:155)
at org.apache.maven.surefire.booter.ForkedBooter.main(ForkedBooter.java:103)
Caused by: org.apache.http.conn.HttpHostConnectException: Connect to 127.0.0.1:7055 [/127.0.0.1] failed: Connection refused: connect
at org.apache.http.impl.conn.DefaultHttpClientConnectionOperator.connect(DefaultHttpClientConnectionOperator.java:158)
at org.apache.http.impl.conn.PoolingHttpClientConnectionManager.connect(PoolingHttpClientConnectionManager.java:353)
at org.apache.http.impl.execchain.MainClientExec.establishRoute(MainClientExec.java:380)
at org.apache.http.impl.execchain.MainClientExec.execute(MainClientExec.java:236)
at org.apache.http.impl.execchain.ProtocolExec.execute(ProtocolExec.java:184)
at org.apache.http.impl.execchain.RetryExec.execute(RetryExec.java:88)
at org.apache.http.impl.execchain.RedirectExec.execute(RedirectExec.java:110)
at org.apache.http.impl.client.InternalHttpClient.doExecute(InternalHttpClient.java:184)
at org.apache.http.impl.client.CloseableHttpClient.execute(CloseableHttpClient.java:71)
at org.apache.http.impl.client.CloseableHttpClient.execute(CloseableHttpClient.java:55)
at org.openqa.selenium.remote.internal.ApacheHttpClient.fallBackExecute(ApacheHttpClient.java:144)
at org.openqa.selenium.remote.internal.ApacheHttpClient.execute(ApacheHttpClient.java:90)
at org.openqa.selenium.remote.HttpCommandExecutor.execute(HttpCommandExecutor.java:142)
at org.openqa.selenium.firefox.internal.NewProfileExtensionConnection.execute(NewProfileExtensionConnection.java:160)
at org.openqa.selenium.firefox.FirefoxDriver$LazyCommandExecutor.execute(FirefoxDriver.java:380)
at org.openqa.selenium.remote.RemoteWebDriver.execute(RemoteWebDriver.java:644)
... 65 more
Caused by: java.net.ConnectException: Connection refused: connect
at java.net.DualStackPlainSocketImpl.waitForConnect(Native Method)
at java.net.DualStackPlainSocketImpl.socketConnect(DualStackPlainSocketImpl.java:85)
at java.net.AbstractPlainSocketImpl.doConnect(AbstractPlainSocketImpl.java:350)
at java.net.AbstractPlainSocketImpl.connectToAddress(AbstractPlainSocketImpl.java:206)
at java.net.AbstractPlainSocketImpl.connect(AbstractPlainSocketImpl.java:188)
at java.net.PlainSocketImpl.connect(PlainSocketImpl.java:172)
at java.net.SocksSocketImpl.connect(SocksSocketImpl.java:392)
at java.net.Socket.connect(Socket.java:589)
at org.apache.http.conn.socket.PlainConnectionSocketFactory.connectSocket(PlainConnectionSocketFactory.java:74)
at org.apache.http.impl.conn.DefaultHttpClientConnectionOperator.connect(DefaultHttpClientConnectionOperator.java:141)
... 80 more</td>
</tr>
<tr>
<td class='status fail' title='fail' alt='fail'><i class='mdi-navigation-cancel'></i></td>
<td class='timestamp'>22:04:20</td>
<td class='step-details'>user_is_able_to_add_process_family</td>
</tr>
<tr>
<td class='status fail' title='fail' alt='fail'><i class='mdi-navigation-cancel'></i></td>
<td class='timestamp'>22:04:20</td>
<td class='step-details'>org.openqa.selenium.remote.UnreachableBrowserException: Error communicating with the remote browser. It may have died.
Build info: version: '2.53.1', revision: 'a36b8b1cd5757287168e54b817830adce9b0158d', time: '2016-06-30 19:26:09'
System info: host: 'NIT-LPT-R015', ip: '192.168.0.5', os.name: 'Windows 8.1', os.arch: 'amd64', os.version: '6.3', java.version: '1.8.0_181'
Driver info: driver.version: RemoteWebDriver
Capabilities [{applicationCacheEnabled=true, rotatable=false, handlesAlerts=true, databaseEnabled=true, version=47.0.2, platform=WINDOWS, nativeEvents=false, acceptSslCerts=true, webStorageEnabled=true, locationContextEnabled=true, browserName=firefox, takesScreenshot=true, javascriptEnabled=true, cssSelectorsEnabled=true}]
Session ID: 58071726-3dd2-4d85-b776-71ece2ef7095
at org.openqa.selenium.remote.RemoteWebDriver.execute(RemoteWebDriver.java:665)
at org.openqa.selenium.remote.RemoteWebDriver.findElement(RemoteWebDriver.java:363)
at org.openqa.selenium.remote.RemoteWebDriver.findElementByXPath(RemoteWebDriver.java:500)
at org.openqa.selenium.By$ByXPath.findElement(By.java:361)
at org.openqa.selenium.remote.RemoteWebDriver.findElement(RemoteWebDriver.java:355)
at com.WorkFitComplete.Pages.ModelDesignPage.verify_added_process_family(ModelDesignPage.java:76)
at com.AccelareStepDefinations.ModelModule.user_is_able_to_add_process_family(ModelModule.java:311)
at sun.reflect.NativeMethodAccessorImpl.invoke0(Native Method)
at sun.reflect.NativeMethodAccessorImpl.invoke(NativeMethodAccessorImpl.java:62)
at sun.reflect.DelegatingMethodAccessorImpl.invoke(DelegatingMethodAccessorImpl.java:43)
at java.lang.reflect.Method.invoke(Method.java:498)
at cucumber.runtime.Utils$1.call(Utils.java:40)
at cucumber.runtime.Timeout.timeout(Timeout.java:16)
at cucumber.runtime.Utils.invoke(Utils.java:34)
at cucumber.runtime.java.JavaStepDefinition.execute(JavaStepDefinition.java:38)
at cucumber.runtime.StepDefinitionMatch.runStep(StepDefinitionMatch.java:37)
at cucumber.runtime.Runtime.runStep(Runtime.java:300)
at cucumber.runtime.model.StepContainer.runStep(StepContainer.java:44)
at cucumber.runtime.model.StepContainer.runSteps(StepContainer.java:39)
at cucumber.runtime.model.CucumberScenario.run(CucumberScenario.java:44)
at cucumber.runtime.junit.ExecutionUnitRunner.run(ExecutionUnitRunner.java:102)
at cucumber.runtime.junit.FeatureRunner.runChild(FeatureRunner.java:63)
at cucumber.runtime.junit.FeatureRunner.runChild(FeatureRunner.java:18)
at org.junit.runners.ParentRunner$3.run(ParentRunner.java:238)
at org.junit.runners.ParentRunner$1.schedule(ParentRunner.java:63)
at org.junit.runners.ParentRunner.runChildren(ParentRunner.java:236)
at org.junit.runners.ParentRunner.access$000(ParentRunner.java:53)
at org.junit.runners.ParentRunner$2.evaluate(ParentRunner.java:229)
at org.junit.runners.ParentRunner.run(ParentRunner.java:309)
at cucumber.runtime.junit.FeatureRunner.run(FeatureRunner.java:70)
at cucumber.api.junit.Cucumber.runChild(Cucumber.java:95)
at cucumber.api.junit.Cucumber.runChild(Cucumber.java:38)
at org.junit.runners.ParentRunner$3.run(ParentRunner.java:238)
at org.junit.runners.ParentRunner$1.schedule(ParentRunner.java:63)
at org.junit.runners.ParentRunner.runChildren(ParentRunner.java:236)
at org.junit.runners.ParentRunner.access$000(ParentRunner.java:53)
at org.junit.runners.ParentRunner$2.evaluate(ParentRunner.java:229)
at org.junit.runners.ParentRunner.run(ParentRunner.java:309)
at cucumber.api.junit.Cucumber.run(Cucumber.java:100)
at org.junit.runner.JUnitCore.run(JUnitCore.java:160)
at org.junit.runner.JUnitCore.run(JUnitCore.java:138)
at org.testng.junit.JUnit4TestRunner.start(JUnit4TestRunner.java:81)
at org.testng.junit.JUnit4TestRunner.run(JUnit4TestRunner.java:69)
at org.testng.TestRunner$1.run(TestRunner.java:682)
at org.testng.TestRunner.runWorkers(TestRunner.java:1005)
at org.testng.TestRunner.privateRunJUnit(TestRunner.java:713)
at org.testng.TestRunner.run(TestRunner.java:614)
at org.testng.SuiteRunner.runTest(SuiteRunner.java:348)
at org.testng.SuiteRunner.runSequentially(SuiteRunner.java:343)
at org.testng.SuiteRunner.privateRun(SuiteRunner.java:305)
at org.testng.SuiteRunner.run(SuiteRunner.java:254)
at org.testng.SuiteRunnerWorker.runSuite(SuiteRunnerWorker.java:52)
at org.testng.SuiteRunnerWorker.run(SuiteRunnerWorker.java:86)
at org.testng.TestNG.runSuitesSequentially(TestNG.java:1224)
at org.testng.TestNG.runSuitesLocally(TestNG.java:1149)
at org.testng.TestNG.run(TestNG.java:1057)
at org.apache.maven.surefire.testng.TestNGExecutor.run(TestNGExecutor.java:115)
at org.apache.maven.surefire.testng.TestNGDirectoryTestSuite.executeSingleClass(TestNGDirectoryTestSuite.java:129)
at org.apache.maven.surefire.testng.TestNGDirectoryTestSuite.execute(TestNGDirectoryTestSuite.java:113)
at org.apache.maven.surefire.testng.TestNGProvider.invoke(TestNGProvider.java:111)
at org.apache.maven.surefire.booter.ForkedBooter.invokeProviderInSameClassLoader(ForkedBooter.java:203)
at org.apache.maven.surefire.booter.ForkedBooter.runSuitesInProcess(ForkedBooter.java:155)
at org.apache.maven.surefire.booter.ForkedBooter.main(ForkedBooter.java:103)
Caused by: org.apache.http.conn.HttpHostConnectException: Connect to 127.0.0.1:7055 [/127.0.0.1] failed: Connection refused: connect
at org.apache.http.impl.conn.DefaultHttpClientConnectionOperator.connect(DefaultHttpClientConnectionOperator.java:158)
at org.apache.http.impl.conn.PoolingHttpClientConnectionManager.connect(PoolingHttpClientConnectionManager.java:353)
at org.apache.http.impl.execchain.MainClientExec.establishRoute(MainClientExec.java:380)
at org.apache.http.impl.execchain.MainClientExec.execute(MainClientExec.java:236)
at org.apache.http.impl.execchain.ProtocolExec.execute(ProtocolExec.java:184)
at org.apache.http.impl.execchain.RetryExec.execute(RetryExec.java:88)
at org.apache.http.impl.execchain.RedirectExec.execute(RedirectExec.java:110)
at org.apache.http.impl.client.InternalHttpClient.doExecute(InternalHttpClient.java:184)
at org.apache.http.impl.client.CloseableHttpClient.execute(CloseableHttpClient.java:71)
at org.apache.http.impl.client.CloseableHttpClient.execute(CloseableHttpClient.java:55)
at org.openqa.selenium.remote.internal.ApacheHttpClient.fallBackExecute(ApacheHttpClient.java:144)
at org.openqa.selenium.remote.internal.ApacheHttpClient.execute(ApacheHttpClient.java:90)
at org.openqa.selenium.remote.HttpCommandExecutor.execute(HttpCommandExecutor.java:142)
at org.openqa.selenium.firefox.internal.NewProfileExtensionConnection.execute(NewProfileExtensionConnection.java:160)
at org.openqa.selenium.firefox.FirefoxDriver$LazyCommandExecutor.execute(FirefoxDriver.java:380)
at org.openqa.selenium.remote.RemoteWebDriver.execute(RemoteWebDriver.java:644)
... 62 more
Caused by: java.net.ConnectException: Connection refused: connect
at java.net.DualStackPlainSocketImpl.waitForConnect(Native Method)
at java.net.DualStackPlainSocketImpl.socketConnect(DualStackPlainSocketImpl.java:85)
at java.net.AbstractPlainSocketImpl.doConnect(AbstractPlainSocketImpl.java:350)
at java.net.AbstractPlainSocketImpl.connectToAddress(AbstractPlainSocketImpl.java:206)
at java.net.AbstractPlainSocketImpl.connect(AbstractPlainSocketImpl.java:188)
at java.net.PlainSocketImpl.connect(PlainSocketImpl.java:172)
at java.net.SocksSocketImpl.connect(SocksSocketImpl.java:392)
at java.net.Socket.connect(Socket.java:589)
at org.apache.http.conn.socket.PlainConnectionSocketFactory.connectSocket(PlainConnectionSocketFactory.java:74)
at org.apache.http.impl.conn.DefaultHttpClientConnectionOperator.connect(DefaultHttpClientConnectionOperator.java:141)
... 77 more</td>
</tr>
</tbody>
</table>
<ul class='collapsible node-list' data-collapsible='accordion'>
</ul>
</div>
</div>
</li>
</ul>
</div>
</div>
</div>
</div>
<div id='test-details-wrapper' class='col _addedCell2'>
<div class='contents'>
<div class='card-panel details-view'>
<h5 class='details-name'></h5>
<div class='details-container'>
</div>
</div>
</div>
</div>
</div>
<!-- /tests -->

<!-- categories -->
<!-- /categories -->

<!-- exceptions -->
<!-- /exceptions -->

<!-- testrunner logs -->
<!-- /testrunner logs -->

</div>
<!-- /container -->

<!-- test dashboard counts setting -->
<div id='test-count-setting' class='modal bottom-sheet'> 
<div class='modal-content'> 
<h5>Configure Tests Count Setting</h5> 
<input name='test-count-setting' type='radio' id='parentWithoutNodes' class='with-gap'> 
<label for='parentWithoutNodes'>Parent Tests Only (Does not include child nodes in counts)</label> 
<br> 
<input name='test-count-setting' type='radio' id='parentWithoutNodesAndNodes' class='with-gap'> 
<label for='parentWithoutNodesAndNodes'>Parent Tests Without Child Tests + Child Tests</label> 
<br> 
<input name='test-count-setting' type='radio' id='childNodes' class='with-gap'> 
<label for='childNodes'>Child Tests Only</label> 
</div> 
<div class='modal-footer'> 
<a href='#!' class='modal-action modal-close waves-effect waves-green btn'>Save</a> 
</div> 
</div>
<!-- /test dashboard counts setting -->

<!-- filter for step status -->
<div id='step-status-filter' class='modal bottom-sheet'> 
<div class='modal-content'> 
<h5>Select status</h5> 
<input checked class='filled-in' type='checkbox' id='step-dashboard-filter-pass'> 
<label for='step-dashboard-filter-pass'>Pass</label> 
<br> 
<input checked class='filled-in' type='checkbox' id='step-dashboard-filter-fail'> 
<label for='step-dashboard-filter-fail'>Fail</label> 
<br> 
<input checked class='filled-in' type='checkbox' id='step-dashboard-filter-fatal'> 
<label for='step-dashboard-filter-fatal'>Fatal</label> 
<br> 
<input checked class='filled-in' type='checkbox' id='step-dashboard-filter-error'> 
<label for='step-dashboard-filter-error'>Error</label> 
<br> 
<input checked class='filled-in' type='checkbox' id='step-dashboard-filter-warning'> 
<label for='step-dashboard-filter-warning'>Warning</label> 
<br> 
<input checked class='filled-in' type='checkbox' id='step-dashboard-filter-skip'> 
<label for='step-dashboard-filter-skip'>Skipped</label> 
<br> 
<input checked class='filled-in' type='checkbox' id='step-dashboard-filter-info'> 
<label for='step-dashboard-filter-info'>Info</label> 
<br> 
<input checked class='filled-in' type='checkbox' id='step-dashboard-filter-unknown'> 
<label for='step-dashboard-filter-unknown'>Unknown</label> 
</div>
<div class='modal-footer'> 
<a href='#!' class='modal-action modal-close waves-effect waves-green btn'>Save</a> 
</div> 
</div>
<!-- /filter for step status -->

<script src='https://cdn.rawgit.com/anshooarora/extentreports/c936a26fc8bb9c5fc0253b5bc6f289e1d14bb595/cdn/extent.js' type='text/javascript'></script>

<script>$(document).ready(function() { $('.logo span').html('ExtentReports'); });</script>
<script>

      
        $(document).ready(function() {
        
        });
      
    
</script>
</body>
</html>
